2017-03-08 08:14:53.3297|INFO|SecurityAppApi.Helpers.NLogger|JSON
Method: GET
URL: http://localhost/SecurityAppApi/api/Application
Token: 6434da9e-e8d4-4206-80a6-b7bdcd1dca65
Controller : SecurityAppApi.Controllers.ApplicationController
Action : Get
Action Parameters : {"messageFormat":"JSON","messageArguments":[{}]}

2017-03-08 08:14:57.7076|ERROR|SecurityAppApi.Helpers.NLogger|Method: GET
URL: http://localhost/SecurityAppApi/api/Application
Token: 6434da9e-e8d4-4206-80a6-b7bdcd1dca65
Controller : SecurityAppApi.Controllers.ApplicationController
Action : Get
Action Parameters : 

2017-03-08 08:16:02.9349|INFO|SecurityAppApi.Helpers.NLogger|JSON
Method: GET
URL: http://localhost/SecurityAppApi/api/Application
Controller : SecurityAppApi.Controllers.ApplicationController
Action : Get
Action Parameters : {"messageFormat":"JSON","messageArguments":[{}]}

2017-03-08 08:17:22.0152|INFO|SecurityAppApi.Helpers.NLogger|JSON
Method: GET
URL: http://localhost/SecurityAppApi/api/Application
Token: 6434da9e-e8d4-4206-80a6-b7bdcd1dca65
Controller : SecurityAppApi.Controllers.ApplicationController
Action : Get
Action Parameters : {"messageFormat":"JSON","messageArguments":[{}]}

2017-03-08 08:17:35.5253|ERROR|SecurityAppApi.Helpers.NLogger|Method: GET
URL: http://localhost/SecurityAppApi/api/Application
Token: 6434da9e-e8d4-4206-80a6-b7bdcd1dca65
Controller : SecurityAppApi.Controllers.ApplicationController
Action : Get
Action Parameters : 

2017-03-08 09:08:30.3923|INFO|SecurityAppApi.Helpers.NLogger|JSON
Method: GET
URL: http://localhost/SecurityAppApi/Api/User/31
Token: 6434da9e-e8d4-4206-80a6-b7bdcd1dca65
Controller : SecurityAppApi.Controllers.UserController
Action : Get
Action Parameters : {"messageFormat":"JSON","messageArguments":[{"id":31}]}

2017-03-08 09:08:35.4485|INFO|SecurityAppApi.Helpers.NLogger|JSON
Method: GET
URL: http://localhost/SecurityAppApi/Api/Application
Token: 6434da9e-e8d4-4206-80a6-b7bdcd1dca65
Controller : SecurityAppApi.Controllers.ApplicationController
Action : Get
Action Parameters : {"messageFormat":"JSON","messageArguments":[{}]}

2017-03-08 09:08:35.5582|ERROR|SecurityAppApi.Helpers.NLogger|Method: GET
URL: http://localhost/SecurityAppApi/Api/Application
Token: 6434da9e-e8d4-4206-80a6-b7bdcd1dca65
Controller : SecurityAppApi.Controllers.ApplicationController
Action : Get
Action Parameters : 

2017-03-08 09:09:53.9176|INFO|SecurityAppApi.Helpers.NLogger|JSON
Method: GET
URL: http://localhost/SecurityAppApi/api/Application
Token: 6434da9e-e8d4-4206-80a6-b7bdcd1dca65
Controller : SecurityAppApi.Controllers.ApplicationController
Action : Get
Action Parameters : {"messageFormat":"JSON","messageArguments":[{}]}

2017-03-08 09:09:53.9561|ERROR|SecurityAppApi.Helpers.NLogger|Method: GET
URL: http://localhost/SecurityAppApi/api/Application
Token: 6434da9e-e8d4-4206-80a6-b7bdcd1dca65
Controller : SecurityAppApi.Controllers.ApplicationController
Action : Get
Action Parameters : 

2017-03-08 09:10:20.4792|INFO|SecurityAppApi.Helpers.NLogger|JSON
Method: GET
URL: http://localhost/SecurityAppApi/api/Application
Controller : SecurityAppApi.Controllers.ApplicationController
Action : Get
Action Parameters : {"messageFormat":"JSON","messageArguments":[{}]}

2017-03-08 09:10:31.1470|INFO|SecurityAppApi.Helpers.NLogger|JSON
Method: GET
URL: http://localhost/SecurityAppApi/api/Application
Token: 6434da9e-e8d4-4206-80a6-b7bdcd1dca65
Controller : SecurityAppApi.Controllers.ApplicationController
Action : Get
Action Parameters : {"messageFormat":"JSON","messageArguments":[{}]}

2017-03-08 09:10:31.1560|ERROR|SecurityAppApi.Helpers.NLogger|Method: GET
URL: http://localhost/SecurityAppApi/api/Application
Token: 6434da9e-e8d4-4206-80a6-b7bdcd1dca65
Controller : SecurityAppApi.Controllers.ApplicationController
Action : Get
Action Parameters : 

2017-03-08 09:13:08.1138|INFO|SecurityAppApi.Helpers.NLogger|JSON
Method: GET
URL: http://localhost/SecurityAppApi/api/Application
Token: 6434da9e-e8d4-4206-80a6-b7bdcd1dca65
Controller : SecurityAppApi.Controllers.ApplicationController
Action : Get
Action Parameters : {"messageFormat":"JSON","messageArguments":[{}]}

2017-03-08 09:13:14.2636|INFO|SecurityAppApi.Helpers.NLogger|JSON
Method: GET
URL: http://localhost/SecurityAppApi/api/Application
Token: 6434da9e-e8d4-4206-80a6-b7bdcd1dca65
Controller : SecurityAppApi.Controllers.ApplicationController
Action : Get
Action Parameters : {"messageFormat":"JSON","messageArguments":[{}]}

2017-03-08 09:13:43.5324|INFO|SecurityAppApi.Helpers.NLogger|JSON
Method: GET
URL: http://localhost/SecurityAppApi/api/Application
Token: 6434da9e-e8d4-4206-80a6-b7bdcd1dca65
Controller : SecurityAppApi.Controllers.ApplicationController
Action : Get
Action Parameters : {"messageFormat":"JSON","messageArguments":[{}]}

2017-03-08 09:19:52.9471|INFO|SecurityAppApi.Helpers.NLogger|JSON
Method: GET
URL: http://localhost/SecurityAppApi/Api/User/31
Token: 6434da9e-e8d4-4206-80a6-b7bdcd1dca65
Controller : SecurityAppApi.Controllers.UserController
Action : Get
Action Parameters : {"messageFormat":"JSON","messageArguments":[{"id":31}]}

2017-03-08 09:19:53.2219|ERROR|SecurityAppApi.Helpers.NLogger|Method: GET
URL: http://localhost/SecurityAppApi/Api/User/31
Token: 6434da9e-e8d4-4206-80a6-b7bdcd1dca65
Controller : SecurityAppApi.Controllers.UserController
Action : Get
Action Parameters : 

2017-03-08 09:19:53.2492|ERROR|SecurityAppApi.Helpers.NLogger|Method: GET
URL: http://localhost/SecurityAppApi/Api/User/31
Token: 6434da9e-e8d4-4206-80a6-b7bdcd1dca65
Error Message : Missing type map configuration or unsupported mapping.

Mapping types:
IUser -> IUserEntity
SecurityAppDataAccess.Interface.IUser -> SecurityAppBusiness.Interface.IUserEntity
Error Inner Exception : 
Action Parameters : 

2017-03-08 09:20:49.2903|INFO|SecurityAppApi.Helpers.NLogger|JSON
Method: GET
URL: http://localhost/SecurityAppApi/Api/User/31
Token: 6434da9e-e8d4-4206-80a6-b7bdcd1dca65
Controller : SecurityAppApi.Controllers.UserController
Action : Get
Action Parameters : {"messageFormat":"JSON","messageArguments":[{"id":31}]}

2017-03-08 09:20:49.3113|ERROR|SecurityAppApi.Helpers.NLogger|Method: GET
URL: http://localhost/SecurityAppApi/Api/User/31
Token: 6434da9e-e8d4-4206-80a6-b7bdcd1dca65
Controller : SecurityAppApi.Controllers.UserController
Action : Get
Action Parameters : 

2017-03-08 09:20:49.3334|ERROR|SecurityAppApi.Helpers.NLogger|Method: GET
URL: http://localhost/SecurityAppApi/Api/User/31
Token: 6434da9e-e8d4-4206-80a6-b7bdcd1dca65
Error Message : Missing type map configuration or unsupported mapping.

Mapping types:
IUser -> IUserEntity
SecurityAppDataAccess.Interface.IUser -> SecurityAppBusiness.Interface.IUserEntity
Error Inner Exception : 
Action Parameters : 

2017-03-08 09:21:03.3918|INFO|SecurityAppApi.Helpers.NLogger|JSON
Method: GET
URL: http://localhost/SecurityAppApi/Api/User/31
Controller : SecurityAppApi.Controllers.UserController
Action : Get
Action Parameters : {"messageFormat":"JSON","messageArguments":[{"id":31}]}

2017-03-08 09:21:13.3534|INFO|SecurityAppApi.Helpers.NLogger|JSON
Method: GET
URL: http://localhost/SecurityAppApi/Api/User/31
Token: 6434da9e-e8d4-4206-80a6-b7bdcd1dca65
Controller : SecurityAppApi.Controllers.UserController
Action : Get
Action Parameters : {"messageFormat":"JSON","messageArguments":[{"id":31}]}

2017-03-08 09:21:13.3634|ERROR|SecurityAppApi.Helpers.NLogger|Method: GET
URL: http://localhost/SecurityAppApi/Api/User/31
Token: 6434da9e-e8d4-4206-80a6-b7bdcd1dca65
Controller : SecurityAppApi.Controllers.UserController
Action : Get
Action Parameters : 

2017-03-08 09:21:13.3634|ERROR|SecurityAppApi.Helpers.NLogger|Method: GET
URL: http://localhost/SecurityAppApi/Api/User/31
Token: 6434da9e-e8d4-4206-80a6-b7bdcd1dca65
Error Message : Missing type map configuration or unsupported mapping.

Mapping types:
IUser -> IUserEntity
SecurityAppDataAccess.Interface.IUser -> SecurityAppBusiness.Interface.IUserEntity
Error Inner Exception : 
Action Parameters : 

2017-03-08 09:23:55.0283|INFO|SecurityAppApi.Helpers.NLogger|JSON
Method: GET
URL: http://localhost/SecurityAppApi/Api/User/31
Token: 6434da9e-e8d4-4206-80a6-b7bdcd1dca65
Controller : SecurityAppApi.Controllers.UserController
Action : Get
Action Parameters : {"messageFormat":"JSON","messageArguments":[{"id":31}]}

2017-03-08 09:24:21.9727|INFO|SecurityAppApi.Helpers.NLogger|JSON
Method: GET
URL: http://localhost/SecurityAppApi/Api/User/31
Token: 6434da9e-e8d4-4206-80a6-b7bdcd1dca65
Controller : SecurityAppApi.Controllers.UserController
Action : Get
Action Parameters : {"messageFormat":"JSON","messageArguments":[{"id":31}]}

2017-03-08 09:24:31.2632|INFO|SecurityAppApi.Helpers.NLogger|JSON
Method: GET
URL: http://localhost/SecurityAppApi/api/Application
Token: 6434da9e-e8d4-4206-80a6-b7bdcd1dca65
Controller : SecurityAppApi.Controllers.ApplicationController
Action : Get
Action Parameters : {"messageFormat":"JSON","messageArguments":[{}]}

2017-03-08 09:26:27.5421|INFO|SecurityAppApi.Helpers.NLogger|JSON
Method: GET
URL: http://localhost/SecurityAppApi/api/Application
Token: 6434da9e-e8d4-4206-80a6-b7bdcd1dca65
Controller : SecurityAppApi.Controllers.ApplicationController
Action : Get
Action Parameters : {"messageFormat":"JSON","messageArguments":[{}]}

2017-03-08 09:27:40.5294|INFO|SecurityAppApi.Helpers.NLogger|JSON
Method: GET
URL: http://localhost/SecurityAppApi/api/Application
Token: 6434da9e-e8d4-4206-80a6-b7bdcd1dca65
Controller : SecurityAppApi.Controllers.ApplicationController
Action : Get
Action Parameters : {"messageFormat":"JSON","messageArguments":[{}]}

2017-03-08 09:27:51.4329|INFO|SecurityAppApi.Helpers.NLogger|JSON
Method: GET
URL: http://localhost/SecurityAppApi/api/Application
Token: 6434da9e-e8d4-4206-80a6-b7bdcd1dca65
Controller : SecurityAppApi.Controllers.ApplicationController
Action : Get
Action Parameters : {"messageFormat":"JSON","messageArguments":[{}]}

2017-03-08 09:29:05.0940|INFO|SecurityAppApi.Helpers.NLogger|JSON
Method: GET
URL: http://localhost/SecurityAppApi/api/Application
Token: 6434da9e-e8d4-4206-80a6-b7bdcd1dca65
Controller : SecurityAppApi.Controllers.ApplicationController
Action : Get
Action Parameters : {"messageFormat":"JSON","messageArguments":[{}]}

2017-03-08 09:30:36.7333|INFO|SecurityAppApi.Helpers.NLogger|JSON
Method: GET
URL: http://localhost/SecurityAppApi/api/Application
Token: 6434da9e-e8d4-4206-80a6-b7bdcd1dca65
Controller : SecurityAppApi.Controllers.ApplicationController
Action : Get
Action Parameters : {"messageFormat":"JSON","messageArguments":[{}]}

2017-03-08 09:32:10.1691|INFO|SecurityAppApi.Helpers.NLogger|JSON
Method: GET
URL: http://localhost/SecurityAppApi/Api/User/31
Token: 6434da9e-e8d4-4206-80a6-b7bdcd1dca65
Controller : SecurityAppApi.Controllers.UserController
Action : Get
Action Parameters : {"messageFormat":"JSON","messageArguments":[{"id":31}]}

2017-03-08 09:32:10.2091|ERROR|SecurityAppApi.Helpers.NLogger|Method: GET
URL: http://localhost/SecurityAppApi/Api/User/31
Token: 6434da9e-e8d4-4206-80a6-b7bdcd1dca65
Controller : SecurityAppApi.Controllers.UserController
Action : Get
Action Parameters : 

2017-03-08 09:32:10.2221|ERROR|SecurityAppApi.Helpers.NLogger|Method: GET
URL: http://localhost/SecurityAppApi/Api/User/31
Token: 6434da9e-e8d4-4206-80a6-b7bdcd1dca65
Error Message : Missing type map configuration or unsupported mapping.

Mapping types:
IUser -> IUserEntity
SecurityAppDataAccess.Interface.IUser -> SecurityAppBusiness.Interface.IUserEntity
Error Inner Exception : 
Action Parameters : 

2017-03-08 09:32:42.1943|INFO|SecurityAppApi.Helpers.NLogger|JSON
Method: GET
URL: http://localhost/SecurityAppApi/Api/User/31
Token: 6434da9e-e8d4-4206-80a6-b7bdcd1dca65
Controller : SecurityAppApi.Controllers.UserController
Action : Get
Action Parameters : {"messageFormat":"JSON","messageArguments":[{"id":31}]}

2017-03-08 09:32:42.2033|ERROR|SecurityAppApi.Helpers.NLogger|Method: GET
URL: http://localhost/SecurityAppApi/Api/User/31
Token: 6434da9e-e8d4-4206-80a6-b7bdcd1dca65
Controller : SecurityAppApi.Controllers.UserController
Action : Get
Action Parameters : 

2017-03-08 09:32:42.2033|ERROR|SecurityAppApi.Helpers.NLogger|Method: GET
URL: http://localhost/SecurityAppApi/Api/User/31
Token: 6434da9e-e8d4-4206-80a6-b7bdcd1dca65
Error Message : Missing type map configuration or unsupported mapping.

Mapping types:
IUser -> IUserEntity
SecurityAppDataAccess.Interface.IUser -> SecurityAppBusiness.Interface.IUserEntity
Error Inner Exception : 
Action Parameters : 

2017-03-08 09:34:19.1853|INFO|SecurityAppApi.Helpers.NLogger|JSON
Method: GET
URL: http://localhost/SecurityAppApi/Api/User/31
Token: 6434da9e-e8d4-4206-80a6-b7bdcd1dca65
Controller : SecurityAppApi.Controllers.UserController
Action : Get
Action Parameters : {"messageFormat":"JSON","messageArguments":[{"id":31}]}

2017-03-08 09:34:25.3039|INFO|SecurityAppApi.Helpers.NLogger|JSON
Method: GET
URL: http://localhost/SecurityAppApi/Api/User/31
Token: 6434da9e-e8d4-4206-80a6-b7bdcd1dca65
Controller : SecurityAppApi.Controllers.UserController
Action : Get
Action Parameters : {"messageFormat":"JSON","messageArguments":[{"id":31}]}

2017-03-08 09:34:30.1680|INFO|SecurityAppApi.Helpers.NLogger|JSON
Method: GET
URL: http://localhost/SecurityAppApi/Api/User/31
Token: 6434da9e-e8d4-4206-80a6-b7bdcd1dca65
Controller : SecurityAppApi.Controllers.UserController
Action : Get
Action Parameters : {"messageFormat":"JSON","messageArguments":[{"id":31}]}

2017-03-08 09:34:42.2939|INFO|SecurityAppApi.Helpers.NLogger|JSON
Method: GET
URL: http://localhost/SecurityAppApi/api/Application
Token: 6434da9e-e8d4-4206-80a6-b7bdcd1dca65
Controller : SecurityAppApi.Controllers.ApplicationController
Action : Get
Action Parameters : {"messageFormat":"JSON","messageArguments":[{}]}

2017-03-08 09:36:03.5086|INFO|SecurityAppApi.Helpers.NLogger|JSON
Method: GET
URL: http://localhost/SecurityAppApi/api/Application
Token: 6434da9e-e8d4-4206-80a6-b7bdcd1dca65
Controller : SecurityAppApi.Controllers.ApplicationController
Action : Get
Action Parameters : {"messageFormat":"JSON","messageArguments":[{}]}

2017-03-08 09:36:18.8602|INFO|SecurityAppApi.Helpers.NLogger|JSON
Method: GET
URL: http://localhost/SecurityAppApi/api/Application
Token: 6434da9e-e8d4-4206-80a6-b7bdcd1dca65
Controller : SecurityAppApi.Controllers.ApplicationController
Action : Get
Action Parameters : {"messageFormat":"JSON","messageArguments":[{}]}

2017-03-08 09:42:24.1487|INFO|SecurityAppApi.Helpers.NLogger|JSON
Method: GET
URL: http://localhost/SecurityAppApi/api/Application
Token: 6434da9e-e8d4-4206-80a6-b7bdcd1dca65
Controller : SecurityAppApi.Controllers.ApplicationController
Action : Get
Action Parameters : {"messageFormat":"JSON","messageArguments":[{}]}

2017-03-08 09:43:34.7955|INFO|SecurityAppApi.Helpers.NLogger|JSON
Method: GET
URL: http://localhost/SecurityAppApi/api/Application
Token: 6434da9e-e8d4-4206-80a6-b7bdcd1dca65
Controller : SecurityAppApi.Controllers.ApplicationController
Action : Get
Action Parameters : {"messageFormat":"JSON","messageArguments":[{}]}

2017-03-08 09:45:09.9932|INFO|SecurityAppApi.Helpers.NLogger|JSON
Method: GET
URL: http://localhost/SecurityAppApi/api/Application
Token: 6434da9e-e8d4-4206-80a6-b7bdcd1dca65
Controller : SecurityAppApi.Controllers.ApplicationController
Action : Get
Action Parameters : {"messageFormat":"JSON","messageArguments":[{}]}

2017-03-08 09:45:37.8659|INFO|SecurityAppApi.Helpers.NLogger|JSON
Method: GET
URL: http://localhost/SecurityAppApi/api/Application
Token: 6434da9e-e8d4-4206-80a6-b7bdcd1dca65
Controller : SecurityAppApi.Controllers.ApplicationController
Action : Get
Action Parameters : {"messageFormat":"JSON","messageArguments":[{}]}

2017-03-08 09:45:57.1467|INFO|SecurityAppApi.Helpers.NLogger|JSON
Method: GET
URL: http://localhost/SecurityAppApi/api/Application
Token: 6434da9e-e8d4-4206-80a6-b7bdcd1dca65
Controller : SecurityAppApi.Controllers.ApplicationController
Action : Get
Action Parameters : {"messageFormat":"JSON","messageArguments":[{}]}

2017-03-08 09:47:05.8856|INFO|SecurityAppApi.Helpers.NLogger|JSON
Method: GET
URL: http://localhost/SecurityAppApi/api/Application
Token: 6434da9e-e8d4-4206-80a6-b7bdcd1dca65
Controller : SecurityAppApi.Controllers.ApplicationController
Action : Get
Action Parameters : {"messageFormat":"JSON","messageArguments":[{}]}

2017-03-08 09:47:11.6722|INFO|SecurityAppApi.Helpers.NLogger|JSON
Method: GET
URL: http://localhost/SecurityAppApi/api/Application
Token: 6434da9e-e8d4-4206-80a6-b7bdcd1dca65
Controller : SecurityAppApi.Controllers.ApplicationController
Action : Get
Action Parameters : {"messageFormat":"JSON","messageArguments":[{}]}

2017-03-08 09:47:12.6380|INFO|SecurityAppApi.Helpers.NLogger|JSON
Method: GET
URL: http://localhost/SecurityAppApi/api/Application
Token: 6434da9e-e8d4-4206-80a6-b7bdcd1dca65
Controller : SecurityAppApi.Controllers.ApplicationController
Action : Get
Action Parameters : {"messageFormat":"JSON","messageArguments":[{}]}

2017-03-08 09:47:13.2707|INFO|SecurityAppApi.Helpers.NLogger|JSON
Method: GET
URL: http://localhost/SecurityAppApi/api/Application
Token: 6434da9e-e8d4-4206-80a6-b7bdcd1dca65
Controller : SecurityAppApi.Controllers.ApplicationController
Action : Get
Action Parameters : {"messageFormat":"JSON","messageArguments":[{}]}

2017-03-08 09:47:47.7676|INFO|SecurityAppApi.Helpers.NLogger|JSON
Method: GET
URL: http://localhost/SecurityAppApi/api/Application
Token: 6434da9e-e8d4-4206-80a6-b7bdcd1dca65
Controller : SecurityAppApi.Controllers.ApplicationController
Action : Get
Action Parameters : {"messageFormat":"JSON","messageArguments":[{}]}

2017-03-08 09:48:21.6141|INFO|SecurityAppApi.Helpers.NLogger|JSON
Method: GET
URL: http://localhost/SecurityAppApi/api/Application
Token: 6434da9e-e8d4-4206-80a6-b7bdcd1dca65
Controller : SecurityAppApi.Controllers.ApplicationController
Action : Get
Action Parameters : {"messageFormat":"JSON","messageArguments":[{}]}

2017-03-08 09:48:31.0843|INFO|SecurityAppApi.Helpers.NLogger|JSON
Method: GET
URL: http://localhost/SecurityAppApi/api/Application
Token: 6434da9e-e8d4-4206-80a6-b7bdcd1dca65
Controller : SecurityAppApi.Controllers.ApplicationController
Action : Get
Action Parameters : {"messageFormat":"JSON","messageArguments":[{}]}

2017-03-08 09:49:10.3681|INFO|SecurityAppApi.Helpers.NLogger|JSON
Method: GET
URL: http://localhost/SecurityAppApi/api/Application
Token: 6434da9e-e8d4-4206-80a6-b7bdcd1dca65
Controller : SecurityAppApi.Controllers.ApplicationController
Action : Get
Action Parameters : {"messageFormat":"JSON","messageArguments":[{}]}

2017-03-08 09:49:18.0297|INFO|SecurityAppApi.Helpers.NLogger|JSON
Method: GET
URL: http://localhost/SecurityAppApi/Api/User/31
Token: 6434da9e-e8d4-4206-80a6-b7bdcd1dca65
Controller : SecurityAppApi.Controllers.UserController
Action : Get
Action Parameters : {"messageFormat":"JSON","messageArguments":[{"id":31}]}

2017-03-08 09:49:18.0717|ERROR|SecurityAppApi.Helpers.NLogger|Method: GET
URL: http://localhost/SecurityAppApi/Api/User/31
Token: 6434da9e-e8d4-4206-80a6-b7bdcd1dca65
Controller : SecurityAppApi.Controllers.UserController
Action : Get
Action Parameters : 

2017-03-08 09:49:18.0843|ERROR|SecurityAppApi.Helpers.NLogger|Method: GET
URL: http://localhost/SecurityAppApi/Api/User/31
Token: 6434da9e-e8d4-4206-80a6-b7bdcd1dca65
Error Message : Missing type map configuration or unsupported mapping.

Mapping types:
IUser -> IUserEntity
SecurityAppDataAccess.Interface.IUser -> SecurityAppBusiness.Interface.IUserEntity
Error Inner Exception : 
Action Parameters : 

2017-03-08 09:49:32.7602|INFO|SecurityAppApi.Helpers.NLogger|JSON
Method: GET
URL: http://localhost/SecurityAppApi/Api/User/31
Token: 6434da9e-e8d4-4206-80a6-b7bdcd1dca65
Controller : SecurityAppApi.Controllers.UserController
Action : Get
Action Parameters : {"messageFormat":"JSON","messageArguments":[{"id":31}]}

2017-03-08 09:49:32.7802|ERROR|SecurityAppApi.Helpers.NLogger|Method: GET
URL: http://localhost/SecurityAppApi/Api/User/31
Token: 6434da9e-e8d4-4206-80a6-b7bdcd1dca65
Controller : SecurityAppApi.Controllers.UserController
Action : Get
Action Parameters : 

2017-03-08 09:49:32.7802|ERROR|SecurityAppApi.Helpers.NLogger|Method: GET
URL: http://localhost/SecurityAppApi/Api/User/31
Token: 6434da9e-e8d4-4206-80a6-b7bdcd1dca65
Error Message : Missing type map configuration or unsupported mapping.

Mapping types:
IUser -> IUserEntity
SecurityAppDataAccess.Interface.IUser -> SecurityAppBusiness.Interface.IUserEntity
Error Inner Exception : 
Action Parameters : 

2017-03-08 09:49:48.2438|INFO|SecurityAppApi.Helpers.NLogger|JSON
Method: GET
URL: http://localhost/SecurityAppApi/Api/User/31
Token: 6434da9e-e8d4-4206-80a6-b7bdcd1dca65
Controller : SecurityAppApi.Controllers.UserController
Action : Get
Action Parameters : {"messageFormat":"JSON","messageArguments":[{"id":31}]}

2017-03-08 09:49:48.2663|ERROR|SecurityAppApi.Helpers.NLogger|Method: GET
URL: http://localhost/SecurityAppApi/Api/User/31
Token: 6434da9e-e8d4-4206-80a6-b7bdcd1dca65
Controller : SecurityAppApi.Controllers.UserController
Action : Get
Action Parameters : 

2017-03-08 09:49:48.2793|ERROR|SecurityAppApi.Helpers.NLogger|Method: GET
URL: http://localhost/SecurityAppApi/Api/User/31
Token: 6434da9e-e8d4-4206-80a6-b7bdcd1dca65
Error Message : Missing type map configuration or unsupported mapping.

Mapping types:
IUser -> IUserEntity
SecurityAppDataAccess.Interface.IUser -> SecurityAppBusiness.Interface.IUserEntity
Error Inner Exception : 
Action Parameters : 

2017-03-08 09:50:21.6662|INFO|SecurityAppApi.Helpers.NLogger|JSON
Method: GET
URL: http://localhost/SecurityAppApi/api/Application
Token: 6434da9e-e8d4-4206-80a6-b7bdcd1dca65
Controller : SecurityAppApi.Controllers.ApplicationController
Action : Get
Action Parameters : {"messageFormat":"JSON","messageArguments":[{}]}

2017-03-08 09:51:24.3440|INFO|SecurityAppApi.Helpers.NLogger|JSON
Method: GET
URL: http://localhost/SecurityAppApi/Api/User/31
Token: 6434da9e-e8d4-4206-80a6-b7bdcd1dca65
Controller : SecurityAppApi.Controllers.UserController
Action : Get
Action Parameters : {"messageFormat":"JSON","messageArguments":[{"id":31}]}

2017-03-08 09:51:39.2808|ERROR|SecurityAppApi.Helpers.NLogger|Method: GET
URL: http://localhost/SecurityAppApi/Api/User/31
Token: 6434da9e-e8d4-4206-80a6-b7bdcd1dca65
Controller : SecurityAppApi.Controllers.UserController
Action : Get
Action Parameters : 

2017-03-08 09:51:39.4144|ERROR|SecurityAppApi.Helpers.NLogger|Method: GET
URL: http://localhost/SecurityAppApi/Api/User/31
Token: 6434da9e-e8d4-4206-80a6-b7bdcd1dca65
Error Message : Missing type map configuration or unsupported mapping.

Mapping types:
IUser -> IUserEntity
SecurityAppDataAccess.Interface.IUser -> SecurityAppBusiness.Interface.IUserEntity
Error Inner Exception : 
Action Parameters : 

2017-03-08 09:51:51.1302|INFO|SecurityAppApi.Helpers.NLogger|JSON
Method: GET
URL: http://localhost/SecurityAppApi/Api/User/31
Token: 6434da9e-e8d4-4206-80a6-b7bdcd1dca65
Controller : SecurityAppApi.Controllers.UserController
Action : Get
Action Parameters : {"messageFormat":"JSON","messageArguments":[{"id":31}]}

2017-03-08 09:52:18.0565|ERROR|SecurityAppApi.Helpers.NLogger|Method: GET
URL: http://localhost/SecurityAppApi/Api/User/31
Token: 6434da9e-e8d4-4206-80a6-b7bdcd1dca65
Controller : SecurityAppApi.Controllers.UserController
Action : Get
Action Parameters : 

2017-03-08 09:52:18.0620|ERROR|SecurityAppApi.Helpers.NLogger|Method: GET
URL: http://localhost/SecurityAppApi/Api/User/31
Token: 6434da9e-e8d4-4206-80a6-b7bdcd1dca65
Error Message : Missing type map configuration or unsupported mapping.

Mapping types:
IUser -> IUserEntity
SecurityAppDataAccess.Interface.IUser -> SecurityAppBusiness.Interface.IUserEntity
Error Inner Exception : 
Action Parameters : 

2017-03-08 09:54:40.5335|INFO|SecurityAppApi.Helpers.NLogger|JSON
Method: GET
URL: http://localhost/SecurityAppApi/Api/User/31
Token: 6434da9e-e8d4-4206-80a6-b7bdcd1dca65
Controller : SecurityAppApi.Controllers.UserController
Action : Get
Action Parameters : {"messageFormat":"JSON","messageArguments":[{"id":31}]}

2017-03-08 09:54:46.8465|INFO|SecurityAppApi.Helpers.NLogger|JSON
Method: GET
URL: http://localhost/SecurityAppApi/Api/User/31
Token: 6434da9e-e8d4-4206-80a6-b7bdcd1dca65
Controller : SecurityAppApi.Controllers.UserController
Action : Get
Action Parameters : {"messageFormat":"JSON","messageArguments":[{"id":31}]}

2017-03-08 09:56:04.9459|INFO|SecurityAppApi.Helpers.NLogger|JSON
Method: GET
URL: http://localhost/SecurityAppApi/Api/User/31
Token: 6434da9e-e8d4-4206-80a6-b7bdcd1dca65
Controller : SecurityAppApi.Controllers.UserController
Action : Get
Action Parameters : {"messageFormat":"JSON","messageArguments":[{"id":31}]}

2017-03-08 09:56:07.0245|INFO|SecurityAppApi.Helpers.NLogger|JSON
Method: GET
URL: http://localhost/SecurityAppApi/Api/User/31
Token: 6434da9e-e8d4-4206-80a6-b7bdcd1dca65
Controller : SecurityAppApi.Controllers.UserController
Action : Get
Action Parameters : {"messageFormat":"JSON","messageArguments":[{"id":31}]}

2017-03-08 09:56:08.4829|INFO|SecurityAppApi.Helpers.NLogger|JSON
Method: GET
URL: http://localhost/SecurityAppApi/api/Application
Token: 6434da9e-e8d4-4206-80a6-b7bdcd1dca65
Controller : SecurityAppApi.Controllers.ApplicationController
Action : Get
Action Parameters : {"messageFormat":"JSON","messageArguments":[{}]}

2017-03-08 09:56:53.9793|INFO|SecurityAppApi.Helpers.NLogger|JSON
Method: GET
URL: http://localhost/SecurityAppApi/api/Application
Token: 6434da9e-e8d4-4206-80a6-b7bdcd1dca65
Controller : SecurityAppApi.Controllers.ApplicationController
Action : Get
Action Parameters : {"messageFormat":"JSON","messageArguments":[{}]}

2017-03-08 10:01:08.0454|INFO|SecurityAppApi.Helpers.NLogger|JSON
Method: GET
URL: http://localhost/SecurityAppApi/api/Application
Token: 6434da9e-e8d4-4206-80a6-b7bdcd1dca65
Controller : SecurityAppApi.Controllers.ApplicationController
Action : Get
Action Parameters : {"messageFormat":"JSON","messageArguments":[{}]}

2017-03-08 10:01:26.9883|INFO|SecurityAppApi.Helpers.NLogger|JSON
Method: GET
URL: http://localhost/SecurityAppApi/api/Application
Token: 6434da9e-e8d4-4206-80a6-b7bdcd1dca65
Controller : SecurityAppApi.Controllers.ApplicationController
Action : Get
Action Parameters : {"messageFormat":"JSON","messageArguments":[{}]}

2017-03-08 10:01:32.6868|INFO|SecurityAppApi.Helpers.NLogger|JSON
Method: GET
URL: http://localhost/SecurityAppApi/api/Application
Token: 6434da9e-e8d4-4206-80a6-b7bdcd1dca65
Controller : SecurityAppApi.Controllers.ApplicationController
Action : Get
Action Parameters : {"messageFormat":"JSON","messageArguments":[{}]}

2017-03-08 10:02:18.3877|INFO|SecurityAppApi.Helpers.NLogger|JSON
Method: GET
URL: http://localhost/SecurityAppApi/api/Application
Token: 6434da9e-e8d4-4206-80a6-b7bdcd1dca65
Controller : SecurityAppApi.Controllers.ApplicationController
Action : Get
Action Parameters : {"messageFormat":"JSON","messageArguments":[{}]}

2017-03-08 10:02:44.3882|INFO|SecurityAppApi.Helpers.NLogger|JSON
Method: GET
URL: http://localhost/SecurityAppApi/api/Application
Token: 6434da9e-e8d4-4206-80a6-b7bdcd1dca65
Controller : SecurityAppApi.Controllers.ApplicationController
Action : Get
Action Parameters : {"messageFormat":"JSON","messageArguments":[{}]}

2017-03-08 10:03:06.1342|INFO|SecurityAppApi.Helpers.NLogger|JSON
Method: GET
URL: http://localhost/SecurityAppApi/api/Application
Token: 6434da9e-e8d4-4206-80a6-b7bdcd1dca65
Controller : SecurityAppApi.Controllers.ApplicationController
Action : Get
Action Parameters : {"messageFormat":"JSON","messageArguments":[{}]}

2017-03-08 10:04:20.0377|INFO|SecurityAppApi.Helpers.NLogger|JSON
Method: GET
URL: http://localhost/SecurityAppApi/api/Application
Token: 6434da9e-e8d4-4206-80a6-b7bdcd1dca65
Controller : SecurityAppApi.Controllers.ApplicationController
Action : Get
Action Parameters : {"messageFormat":"JSON","messageArguments":[{}]}

2017-03-08 10:04:40.2276|INFO|SecurityAppApi.Helpers.NLogger|JSON
Method: GET
URL: http://localhost/SecurityAppApi/api/Application
Token: 6434da9e-e8d4-4206-80a6-b7bdcd1dca65
Controller : SecurityAppApi.Controllers.ApplicationController
Action : Get
Action Parameters : {"messageFormat":"JSON","messageArguments":[{}]}

2017-03-08 10:05:19.4118|INFO|SecurityAppApi.Helpers.NLogger|JSON
Method: GET
URL: http://localhost/SecurityAppApi/api/Application
Token: 6434da9e-e8d4-4206-80a6-b7bdcd1dca65
Controller : SecurityAppApi.Controllers.ApplicationController
Action : Get
Action Parameters : {"messageFormat":"JSON","messageArguments":[{}]}

2017-03-08 10:05:42.1693|INFO|SecurityAppApi.Helpers.NLogger|JSON
Method: GET
URL: http://localhost/SecurityAppApi/api/Application
Token: 6434da9e-e8d4-4206-80a6-b7bdcd1dca65
Controller : SecurityAppApi.Controllers.ApplicationController
Action : Get
Action Parameters : {"messageFormat":"JSON","messageArguments":[{}]}

2017-03-08 10:07:25.8576|INFO|SecurityAppApi.Helpers.NLogger|JSON
Method: GET
URL: http://localhost/SecurityAppApi/api/Application
Token: 6434da9e-e8d4-4206-80a6-b7bdcd1dca65
Controller : SecurityAppApi.Controllers.ApplicationController
Action : Get
Action Parameters : {"messageFormat":"JSON","messageArguments":[{}]}

2017-03-08 10:09:47.7228|INFO|SecurityAppApi.Helpers.NLogger|JSON
Method: GET
URL: http://localhost/SecurityAppApi/api/Application
Token: 6434da9e-e8d4-4206-80a6-b7bdcd1dca65
Controller : SecurityAppApi.Controllers.ApplicationController
Action : Get
Action Parameters : {"messageFormat":"JSON","messageArguments":[{}]}

2017-03-08 10:10:55.4970|INFO|SecurityAppApi.Helpers.NLogger|JSON
Method: GET
URL: http://localhost/SecurityAppApi/api/Application
Token: 6434da9e-e8d4-4206-80a6-b7bdcd1dca65
Controller : SecurityAppApi.Controllers.ApplicationController
Action : Get
Action Parameters : {"messageFormat":"JSON","messageArguments":[{}]}

2017-03-08 10:11:20.3658|INFO|SecurityAppApi.Helpers.NLogger|JSON
Method: GET
URL: http://localhost/SecurityAppApi/api/Application
Token: 6434da9e-e8d4-4206-80a6-b7bdcd1dca65
Controller : SecurityAppApi.Controllers.ApplicationController
Action : Get
Action Parameters : {"messageFormat":"JSON","messageArguments":[{}]}

2017-03-08 10:12:30.9695|INFO|SecurityAppApi.Helpers.NLogger|JSON
Method: GET
URL: http://localhost/SecurityAppApi/api/Application
Token: 6434da9e-e8d4-4206-80a6-b7bdcd1dca65
Controller : SecurityAppApi.Controllers.ApplicationController
Action : Get
Action Parameters : {"messageFormat":"JSON","messageArguments":[{}]}

2017-03-08 10:12:33.3279|INFO|SecurityAppApi.Helpers.NLogger|JSON
Method: GET
URL: http://localhost/SecurityAppApi/Api/User/31
Token: 6434da9e-e8d4-4206-80a6-b7bdcd1dca65
Controller : SecurityAppApi.Controllers.UserController
Action : Get
Action Parameters : {"messageFormat":"JSON","messageArguments":[{"id":31}]}

2017-03-08 10:13:25.6420|INFO|SecurityAppApi.Helpers.NLogger|JSON
Method: GET
URL: http://localhost/SecurityAppApi/Api/User
Token: 6434da9e-e8d4-4206-80a6-b7bdcd1dca65
Controller : SecurityAppApi.Controllers.UserController
Action : Get
Action Parameters : {"messageFormat":"JSON","messageArguments":[{}]}

2017-03-08 10:13:44.6210|INFO|SecurityAppApi.Helpers.NLogger|JSON
Method: GET
URL: http://localhost/SecurityAppApi/api/Application
Token: 6434da9e-e8d4-4206-80a6-b7bdcd1dca65
Controller : SecurityAppApi.Controllers.ApplicationController
Action : Get
Action Parameters : {"messageFormat":"JSON","messageArguments":[{}]}

2017-03-08 10:13:44.6646|ERROR|SecurityAppApi.Helpers.NLogger|Method: GET
URL: http://localhost/SecurityAppApi/api/Application
Token: 6434da9e-e8d4-4206-80a6-b7bdcd1dca65
Controller : SecurityAppApi.Controllers.ApplicationController
Action : Get
Action Parameters : 

2017-03-08 10:13:44.6791|ERROR|SecurityAppApi.Helpers.NLogger|Method: GET
URL: http://localhost/SecurityAppApi/api/Application
Token: 6434da9e-e8d4-4206-80a6-b7bdcd1dca65
Error Message : Error mapping types.

Mapping types:
IEnumerable`1 -> IEnumerable`1
System.Collections.Generic.IEnumerable`1[[SecurityAppDataAccess.Interface.IApplication, SecurityAppDataAccess, Version=1.0.0.0, Culture=neutral, PublicKeyToken=null]] -> System.Collections.Generic.IEnumerable`1[[SecurityAppBusiness.Interface.IApplicationEntity, SecurityAppBusiness, Version=1.0.0.0, Culture=neutral, PublicKeyToken=null]]
Error Inner Exception : AutoMapper.AutoMapperMappingException: Missing type map configuration or unsupported mapping.

Mapping types:
Application -> IApplicationEntity
SecurityAppDataAccess.Model.Application -> SecurityAppBusiness.Interface.IApplicationEntity
   at lambda_method(Closure , Application , IApplicationEntity , ResolutionContext )
   at AutoMapper.ResolutionContext.Map[TSource,TDestination](TSource source, TDestination destination)
   at lambda_method(Closure , IEnumerable`1 , IEnumerable`1 , ResolutionContext )
Action Parameters : 

2017-03-08 10:17:50.7529|INFO|SecurityAppApi.Helpers.NLogger|JSON
Method: GET
URL: http://localhost/SecurityAppApi/Api/User
Token: 6434da9e-e8d4-4206-80a6-b7bdcd1dca65
Controller : SecurityAppApi.Controllers.UserController
Action : Get
Action Parameters : {"messageFormat":"JSON","messageArguments":[{}]}

2017-03-08 10:17:54.7167|INFO|SecurityAppApi.Helpers.NLogger|JSON
Method: GET
URL: http://localhost/SecurityAppApi/api/Application
Token: 6434da9e-e8d4-4206-80a6-b7bdcd1dca65
Controller : SecurityAppApi.Controllers.ApplicationController
Action : Get
Action Parameters : {"messageFormat":"JSON","messageArguments":[{}]}

2017-03-08 10:17:56.8024|INFO|SecurityAppApi.Helpers.NLogger|JSON
Method: GET
URL: http://localhost/SecurityAppApi/Api/User
Token: 6434da9e-e8d4-4206-80a6-b7bdcd1dca65
Controller : SecurityAppApi.Controllers.UserController
Action : Get
Action Parameters : {"messageFormat":"JSON","messageArguments":[{}]}

2017-03-08 10:17:58.0752|INFO|SecurityAppApi.Helpers.NLogger|JSON
Method: GET
URL: http://localhost/SecurityAppApi/api/Application
Token: 6434da9e-e8d4-4206-80a6-b7bdcd1dca65
Controller : SecurityAppApi.Controllers.ApplicationController
Action : Get
Action Parameters : {"messageFormat":"JSON","messageArguments":[{}]}

2017-03-08 10:17:59.1158|INFO|SecurityAppApi.Helpers.NLogger|JSON
Method: GET
URL: http://localhost/SecurityAppApi/Api/User
Token: 6434da9e-e8d4-4206-80a6-b7bdcd1dca65
Controller : SecurityAppApi.Controllers.UserController
Action : Get
Action Parameters : {"messageFormat":"JSON","messageArguments":[{}]}

2017-03-08 10:18:00.2819|INFO|SecurityAppApi.Helpers.NLogger|JSON
Method: GET
URL: http://localhost/SecurityAppApi/api/Application
Token: 6434da9e-e8d4-4206-80a6-b7bdcd1dca65
Controller : SecurityAppApi.Controllers.ApplicationController
Action : Get
Action Parameters : {"messageFormat":"JSON","messageArguments":[{}]}

2017-03-08 10:18:04.5711|INFO|SecurityAppApi.Helpers.NLogger|JSON
Method: GET
URL: http://localhost/SecurityAppApi/Api/User
Token: 6434da9e-e8d4-4206-80a6-b7bdcd1dca65
Controller : SecurityAppApi.Controllers.UserController
Action : Get
Action Parameters : {"messageFormat":"JSON","messageArguments":[{}]}

2017-03-08 10:18:06.9879|INFO|SecurityAppApi.Helpers.NLogger|JSON
Method: GET
URL: http://localhost/SecurityAppApi/Api/User
Token: 6434da9e-e8d4-4206-80a6-b7bdcd1dca65
Controller : SecurityAppApi.Controllers.UserController
Action : Get
Action Parameters : {"messageFormat":"JSON","messageArguments":[{}]}

2017-03-08 10:18:08.1192|INFO|SecurityAppApi.Helpers.NLogger|JSON
Method: GET
URL: http://localhost/SecurityAppApi/Api/User/13
Token: 6434da9e-e8d4-4206-80a6-b7bdcd1dca65
Controller : SecurityAppApi.Controllers.UserController
Action : Get
Action Parameters : {"messageFormat":"JSON","messageArguments":[{"id":13}]}

2017-03-08 10:18:10.3654|INFO|SecurityAppApi.Helpers.NLogger|JSON
Method: GET
URL: http://localhost/SecurityAppApi/Api/User
Token: 6434da9e-e8d4-4206-80a6-b7bdcd1dca65
Controller : SecurityAppApi.Controllers.UserController
Action : Get
Action Parameters : {"messageFormat":"JSON","messageArguments":[{}]}

2017-03-08 10:18:13.1645|INFO|SecurityAppApi.Helpers.NLogger|JSON
Method: GET
URL: http://localhost/SecurityAppApi/api/Application
Token: 6434da9e-e8d4-4206-80a6-b7bdcd1dca65
Controller : SecurityAppApi.Controllers.ApplicationController
Action : Get
Action Parameters : {"messageFormat":"JSON","messageArguments":[{}]}

2017-03-08 11:20:07.1669|INFO|SecurityAppApi.Helpers.NLogger|JSON
Method: GET
URL: http://localhost/SecurityAppApi/Api/User
Token: 6434da9e-e8d4-4206-80a6-b7bdcd1dca65
Controller : SecurityAppApi.Controllers.UserController
Action : Get
Action Parameters : {"messageFormat":"JSON","messageArguments":[{}]}

2017-03-08 12:03:35.4616|INFO|SecurityAppApi.Helpers.NLogger|JSON
Method: GET
URL: http://localhost/SecurityAppApi/api/Application
Token: 6434da9e-e8d4-4206-80a6-b7bdcd1dca65
Controller : SecurityAppApi.Controllers.ApplicationController
Action : Get
Action Parameters : {"messageFormat":"JSON","messageArguments":[{}]}

2017-03-08 12:03:50.3390|INFO|SecurityAppApi.Helpers.NLogger|JSON
Method: GET
URL: http://localhost/SecurityAppApi/Api/User
Token: 6434da9e-e8d4-4206-80a6-b7bdcd1dca65
Controller : SecurityAppApi.Controllers.UserController
Action : Get
Action Parameters : {"messageFormat":"JSON","messageArguments":[{}]}

2017-03-08 12:03:52.7744|INFO|SecurityAppApi.Helpers.NLogger|JSON
Method: GET
URL: http://localhost/SecurityAppApi/api/Application
Token: 6434da9e-e8d4-4206-80a6-b7bdcd1dca65
Controller : SecurityAppApi.Controllers.ApplicationController
Action : Get
Action Parameters : {"messageFormat":"JSON","messageArguments":[{}]}

2017-03-08 12:03:55.6043|INFO|SecurityAppApi.Helpers.NLogger|JSON
Method: GET
URL: http://localhost/SecurityAppApi/Api/User
Token: 6434da9e-e8d4-4206-80a6-b7bdcd1dca65
Controller : SecurityAppApi.Controllers.UserController
Action : Get
Action Parameters : {"messageFormat":"JSON","messageArguments":[{}]}

2017-03-08 12:03:57.4071|INFO|SecurityAppApi.Helpers.NLogger|JSON
Method: GET
URL: http://localhost/SecurityAppApi/Api/User/13
Token: 6434da9e-e8d4-4206-80a6-b7bdcd1dca65
Controller : SecurityAppApi.Controllers.UserController
Action : Get
Action Parameters : {"messageFormat":"JSON","messageArguments":[{"id":13}]}

2017-03-08 12:03:59.7487|INFO|SecurityAppApi.Helpers.NLogger|JSON
Method: GET
URL: http://localhost/SecurityAppApi/api/Application
Token: 6434da9e-e8d4-4206-80a6-b7bdcd1dca65
Controller : SecurityAppApi.Controllers.ApplicationController
Action : Get
Action Parameters : {"messageFormat":"JSON","messageArguments":[{}]}

2017-03-08 12:07:18.9031|INFO|SecurityAppApi.Helpers.NLogger|JSON
Method: GET
URL: http://localhost/SecurityAppApi/api/Application
Token: 6434da9e-e8d4-4206-80a6-b7bdcd1dca65
Controller : SecurityAppApi.Controllers.ApplicationController
Action : Get
Action Parameters : {"messageFormat":"JSON","messageArguments":[{}]}

2017-03-08 12:07:20.8395|INFO|SecurityAppApi.Helpers.NLogger|JSON
Method: GET
URL: http://localhost/SecurityAppApi/api/Application
Token: 6434da9e-e8d4-4206-80a6-b7bdcd1dca65
Controller : SecurityAppApi.Controllers.ApplicationController
Action : Get
Action Parameters : {"messageFormat":"JSON","messageArguments":[{}]}

2017-03-08 12:07:22.6685|INFO|SecurityAppApi.Helpers.NLogger|JSON
Method: GET
URL: http://localhost/SecurityAppApi/Api/User
Token: 6434da9e-e8d4-4206-80a6-b7bdcd1dca65
Controller : SecurityAppApi.Controllers.UserController
Action : Get
Action Parameters : {"messageFormat":"JSON","messageArguments":[{}]}

2017-03-08 12:07:24.1757|INFO|SecurityAppApi.Helpers.NLogger|JSON
Method: GET
URL: http://localhost/SecurityAppApi/Api/User
Token: 6434da9e-e8d4-4206-80a6-b7bdcd1dca65
Controller : SecurityAppApi.Controllers.UserController
Action : Get
Action Parameters : {"messageFormat":"JSON","messageArguments":[{}]}

2017-03-08 12:07:27.3381|INFO|SecurityAppApi.Helpers.NLogger|JSON
Method: GET
URL: http://localhost/SecurityAppApi/Api/User
Token: 6434da9e-e8d4-4206-80a6-b7bdcd1dca65
Controller : SecurityAppApi.Controllers.UserController
Action : Get
Action Parameters : {"messageFormat":"JSON","messageArguments":[{}]}

2017-03-08 12:07:33.8087|INFO|SecurityAppApi.Helpers.NLogger|JSON
Method: GET
URL: http://localhost/SecurityAppApi/Api/User
Token: 6434da9e-e8d4-4206-80a6-b7bdcd1dca65
Controller : SecurityAppApi.Controllers.UserController
Action : Get
Action Parameters : {"messageFormat":"JSON","messageArguments":[{}]}

2017-03-08 12:07:35.1191|INFO|SecurityAppApi.Helpers.NLogger|JSON
Method: GET
URL: http://localhost/SecurityAppApi/api/Application
Token: 6434da9e-e8d4-4206-80a6-b7bdcd1dca65
Controller : SecurityAppApi.Controllers.ApplicationController
Action : Get
Action Parameters : {"messageFormat":"JSON","messageArguments":[{}]}

2017-03-08 12:07:36.2235|INFO|SecurityAppApi.Helpers.NLogger|JSON
Method: GET
URL: http://localhost/SecurityAppApi/api/Application
Token: 6434da9e-e8d4-4206-80a6-b7bdcd1dca65
Controller : SecurityAppApi.Controllers.ApplicationController
Action : Get
Action Parameters : {"messageFormat":"JSON","messageArguments":[{}]}

2017-03-08 12:13:00.5747|INFO|SecurityAppApi.Helpers.NLogger|JSON
Method: GET
URL: http://localhost/SecurityAppApi/Api/User
Token: 6434da9e-e8d4-4206-80a6-b7bdcd1dca65
Controller : SecurityAppApi.Controllers.UserController
Action : Get
Action Parameters : {"messageFormat":"JSON","messageArguments":[{}]}

2017-03-08 12:13:02.8939|INFO|SecurityAppApi.Helpers.NLogger|JSON
Method: GET
URL: http://localhost/SecurityAppApi/api/Application
Token: 6434da9e-e8d4-4206-80a6-b7bdcd1dca65
Controller : SecurityAppApi.Controllers.ApplicationController
Action : Get
Action Parameters : {"messageFormat":"JSON","messageArguments":[{}]}

2017-03-08 12:13:04.3331|INFO|SecurityAppApi.Helpers.NLogger|JSON
Method: GET
URL: http://localhost/SecurityAppApi/Api/User
Token: 6434da9e-e8d4-4206-80a6-b7bdcd1dca65
Controller : SecurityAppApi.Controllers.UserController
Action : Get
Action Parameters : {"messageFormat":"JSON","messageArguments":[{}]}

2017-03-08 12:13:05.8316|INFO|SecurityAppApi.Helpers.NLogger|JSON
Method: GET
URL: http://localhost/SecurityAppApi/Api/User/13
Token: 6434da9e-e8d4-4206-80a6-b7bdcd1dca65
Controller : SecurityAppApi.Controllers.UserController
Action : Get
Action Parameters : {"messageFormat":"JSON","messageArguments":[{"id":13}]}

2017-03-08 12:13:17.0689|INFO|SecurityAppApi.Helpers.NLogger|JSON
Method: GET
URL: http://localhost/SecurityAppApi/api/Application
Token: 6434da9e-e8d4-4206-80a6-b7bdcd1dca65
Controller : SecurityAppApi.Controllers.ApplicationController
Action : Get
Action Parameters : {"messageFormat":"JSON","messageArguments":[{}]}

2017-03-08 12:16:57.9268|INFO|SecurityAppApi.Helpers.NLogger|JSON
Method: GET
URL: http://localhost/SecurityAppApi/Api/User
Token: 6434da9e-e8d4-4206-80a6-b7bdcd1dca65
Controller : SecurityAppApi.Controllers.UserController
Action : Get
Action Parameters : {"messageFormat":"JSON","messageArguments":[{}]}

2017-03-08 12:16:59.3977|INFO|SecurityAppApi.Helpers.NLogger|JSON
Method: GET
URL: http://localhost/SecurityAppApi/api/Application
Token: 6434da9e-e8d4-4206-80a6-b7bdcd1dca65
Controller : SecurityAppApi.Controllers.ApplicationController
Action : Get
Action Parameters : {"messageFormat":"JSON","messageArguments":[{}]}

2017-03-08 12:17:02.4477|INFO|SecurityAppApi.Helpers.NLogger|JSON
Method: GET
URL: http://localhost/SecurityAppApi/api/Application
Token: 6434da9e-e8d4-4206-80a6-b7bdcd1dca65
Controller : SecurityAppApi.Controllers.ApplicationController
Action : Get
Action Parameters : {"messageFormat":"JSON","messageArguments":[{}]}

2017-03-08 12:17:03.3614|INFO|SecurityAppApi.Helpers.NLogger|JSON
Method: GET
URL: http://localhost/SecurityAppApi/Api/User
Token: 6434da9e-e8d4-4206-80a6-b7bdcd1dca65
Controller : SecurityAppApi.Controllers.UserController
Action : Get
Action Parameters : {"messageFormat":"JSON","messageArguments":[{}]}

2017-03-08 12:17:05.0588|INFO|SecurityAppApi.Helpers.NLogger|JSON
Method: GET
URL: http://localhost/SecurityAppApi/Api/User/34
Token: 6434da9e-e8d4-4206-80a6-b7bdcd1dca65
Controller : SecurityAppApi.Controllers.UserController
Action : Get
Action Parameters : {"messageFormat":"JSON","messageArguments":[{"id":34}]}

2017-03-08 12:17:07.0313|INFO|SecurityAppApi.Helpers.NLogger|JSON
Method: GET
URL: http://localhost/SecurityAppApi/Api/User
Token: 6434da9e-e8d4-4206-80a6-b7bdcd1dca65
Controller : SecurityAppApi.Controllers.UserController
Action : Get
Action Parameters : {"messageFormat":"JSON","messageArguments":[{}]}

2017-03-08 12:17:08.8869|INFO|SecurityAppApi.Helpers.NLogger|JSON
Method: GET
URL: http://localhost/SecurityAppApi/Api/User/13
Token: 6434da9e-e8d4-4206-80a6-b7bdcd1dca65
Controller : SecurityAppApi.Controllers.UserController
Action : Get
Action Parameters : {"messageFormat":"JSON","messageArguments":[{"id":13}]}

2017-03-08 12:17:11.3116|INFO|SecurityAppApi.Helpers.NLogger|JSON
Method: GET
URL: http://localhost/SecurityAppApi/Api/User
Token: 6434da9e-e8d4-4206-80a6-b7bdcd1dca65
Controller : SecurityAppApi.Controllers.UserController
Action : Get
Action Parameters : {"messageFormat":"JSON","messageArguments":[{}]}

2017-03-08 12:50:54.0050|INFO|SecurityAppApi.Helpers.NLogger|JSON
Method: GET
URL: http://localhost/SecurityAppApi/Api/User
Token: 6434da9e-e8d4-4206-80a6-b7bdcd1dca65
Controller : SecurityAppApi.Controllers.UserController
Action : Get
Action Parameters : {"messageFormat":"JSON","messageArguments":[{}]}

2017-03-08 12:58:26.6804|INFO|SecurityAppApi.Helpers.NLogger|JSON
Method: GET
URL: http://localhost/SecurityAppApi/Api/User
Token: 6434da9e-e8d4-4206-80a6-b7bdcd1dca65
Controller : SecurityAppApi.Controllers.UserController
Action : Get
Action Parameters : {"messageFormat":"JSON","messageArguments":[{}]}

2017-03-08 12:59:13.6334|INFO|SecurityAppApi.Helpers.NLogger|JSON
Method: GET
URL: http://localhost/SecurityAppApi/Api/User
Token: 6434da9e-e8d4-4206-80a6-b7bdcd1dca65
Controller : SecurityAppApi.Controllers.UserController
Action : Get
Action Parameters : {"messageFormat":"JSON","messageArguments":[{}]}

2017-03-08 13:04:06.4790|INFO|SecurityAppApi.Helpers.NLogger|JSON
Method: GET
URL: http://localhost/SecurityAppApi/Api/User
Token: 6434da9e-e8d4-4206-80a6-b7bdcd1dca65
Controller : SecurityAppApi.Controllers.UserController
Action : Get
Action Parameters : {"messageFormat":"JSON","messageArguments":[{}]}

2017-03-08 13:18:53.5793|INFO|SecurityAppApi.Helpers.NLogger|JSON
Method: GET
URL: http://localhost/SecurityAppApi/Api/User
Token: 6434da9e-e8d4-4206-80a6-b7bdcd1dca65
Controller : SecurityAppApi.Controllers.UserController
Action : Get
Action Parameters : {"messageFormat":"JSON","messageArguments":[{}]}

2017-03-08 13:24:54.1131|INFO|SecurityAppApi.Helpers.NLogger|JSON
Method: GET
URL: http://localhost/SecurityAppApi/Api/User
Token: 6434da9e-e8d4-4206-80a6-b7bdcd1dca65
Controller : SecurityAppApi.Controllers.UserController
Action : Get
Action Parameters : {"messageFormat":"JSON","messageArguments":[{}]}

2017-03-08 13:25:13.8328|INFO|SecurityAppApi.Helpers.NLogger|JSON
Method: GET
URL: http://localhost/SecurityAppApi/Api/User
Token: 6434da9e-e8d4-4206-80a6-b7bdcd1dca65
Controller : SecurityAppApi.Controllers.UserController
Action : Get
Action Parameters : {"messageFormat":"JSON","messageArguments":[{}]}

2017-03-08 13:30:20.9256|INFO|SecurityAppApi.Helpers.NLogger|JSON
Method: GET
URL: http://localhost/SecurityAppApi/Api/User
Token: 6434da9e-e8d4-4206-80a6-b7bdcd1dca65
Controller : SecurityAppApi.Controllers.UserController
Action : Get
Action Parameters : {"messageFormat":"JSON","messageArguments":[{}]}

2017-03-08 13:30:25.3900|INFO|SecurityAppApi.Helpers.NLogger|JSON
Method: GET
URL: http://localhost/SecurityAppApi/Api/User
Token: 6434da9e-e8d4-4206-80a6-b7bdcd1dca65
Controller : SecurityAppApi.Controllers.UserController
Action : Get
Action Parameters : {"messageFormat":"JSON","messageArguments":[{}]}

2017-03-08 13:33:07.2222|INFO|SecurityAppApi.Helpers.NLogger|JSON
Method: GET
URL: http://localhost/SecurityAppApi/Api/User
Token: 6434da9e-e8d4-4206-80a6-b7bdcd1dca65
Controller : SecurityAppApi.Controllers.UserController
Action : Get
Action Parameters : {"messageFormat":"JSON","messageArguments":[{}]}

2017-03-08 13:36:39.5241|INFO|SecurityAppApi.Helpers.NLogger|JSON
Method: GET
URL: http://localhost/SecurityAppApi/Api/User
Token: 6434da9e-e8d4-4206-80a6-b7bdcd1dca65
Controller : SecurityAppApi.Controllers.UserController
Action : Get
Action Parameters : {"messageFormat":"JSON","messageArguments":[{}]}

2017-03-08 13:38:08.3263|INFO|SecurityAppApi.Helpers.NLogger|JSON
Method: GET
URL: http://localhost/SecurityAppApi/Api/User
Token: 6434da9e-e8d4-4206-80a6-b7bdcd1dca65
Controller : SecurityAppApi.Controllers.UserController
Action : Get
Action Parameters : {"messageFormat":"JSON","messageArguments":[{}]}

2017-03-08 13:39:25.2731|INFO|SecurityAppApi.Helpers.NLogger|JSON
Method: GET
URL: http://localhost/SecurityAppApi/Api/User
Token: 6434da9e-e8d4-4206-80a6-b7bdcd1dca65
Controller : SecurityAppApi.Controllers.UserController
Action : Get
Action Parameters : {"messageFormat":"JSON","messageArguments":[{}]}

2017-03-08 13:39:58.2634|INFO|SecurityAppApi.Helpers.NLogger|JSON
Method: GET
URL: http://localhost/SecurityAppApi/Api/User
Token: 6434da9e-e8d4-4206-80a6-b7bdcd1dca65
Controller : SecurityAppApi.Controllers.UserController
Action : Get
Action Parameters : {"messageFormat":"JSON","messageArguments":[{}]}

2017-03-08 13:40:50.1748|INFO|SecurityAppApi.Helpers.NLogger|JSON
Method: GET
URL: http://localhost/SecurityAppApi/Api/User
Token: 6434da9e-e8d4-4206-80a6-b7bdcd1dca65
Controller : SecurityAppApi.Controllers.UserController
Action : Get
Action Parameters : {"messageFormat":"JSON","messageArguments":[{}]}

2017-03-08 13:43:45.1508|INFO|SecurityAppApi.Helpers.NLogger|JSON
Method: GET
URL: http://localhost/SecurityAppApi/Api/User
Token: 6434da9e-e8d4-4206-80a6-b7bdcd1dca65
Controller : SecurityAppApi.Controllers.UserController
Action : Get
Action Parameters : {"messageFormat":"JSON","messageArguments":[{}]}

2017-03-08 13:46:48.6375|INFO|SecurityAppApi.Helpers.NLogger|JSON
Method: GET
URL: http://localhost/SecurityAppApi/Api/User
Token: 6434da9e-e8d4-4206-80a6-b7bdcd1dca65
Controller : SecurityAppApi.Controllers.UserController
Action : Get
Action Parameters : {"messageFormat":"JSON","messageArguments":[{}]}

2017-03-08 13:47:22.2622|INFO|SecurityAppApi.Helpers.NLogger|JSON
Method: GET
URL: http://localhost/SecurityAppApi/Api/User
Token: 6434da9e-e8d4-4206-80a6-b7bdcd1dca65
Controller : SecurityAppApi.Controllers.UserController
Action : Get
Action Parameters : {"messageFormat":"JSON","messageArguments":[{}]}

2017-03-08 13:52:30.2477|INFO|SecurityAppApi.Helpers.NLogger|JSON
Method: GET
URL: http://localhost/SecurityAppApi/Api/User
Token: 6434da9e-e8d4-4206-80a6-b7bdcd1dca65
Controller : SecurityAppApi.Controllers.UserController
Action : Get
Action Parameters : {"messageFormat":"JSON","messageArguments":[{}]}

2017-03-08 13:55:48.2615|INFO|SecurityAppApi.Helpers.NLogger|JSON
Method: GET
URL: http://localhost/SecurityAppApi/Api/User
Token: 6434da9e-e8d4-4206-80a6-b7bdcd1dca65
Controller : SecurityAppApi.Controllers.UserController
Action : Get
Action Parameters : {"messageFormat":"JSON","messageArguments":[{}]}

2017-03-08 15:08:37.2351|INFO|SecurityAppApi.Helpers.NLogger|JSON
Method: GET
URL: http://localhost/SecurityAppApi/Api/User
Token: 6434da9e-e8d4-4206-80a6-b7bdcd1dca65
Controller : SecurityAppApi.Controllers.UserController
Action : Get
Action Parameters : {"messageFormat":"JSON","messageArguments":[{}]}

2017-03-08 15:12:28.7337|INFO|SecurityAppApi.Helpers.NLogger|JSON
Method: GET
URL: http://localhost/SecurityAppApi/Api/User
Token: 6434da9e-e8d4-4206-80a6-b7bdcd1dca65
Controller : SecurityAppApi.Controllers.UserController
Action : Get
Action Parameters : {"messageFormat":"JSON","messageArguments":[{}]}

2017-03-08 15:12:57.6771|INFO|SecurityAppApi.Helpers.NLogger|JSON
Method: GET
URL: http://localhost/SecurityAppApi/Api/User
Token: 6434da9e-e8d4-4206-80a6-b7bdcd1dca65
Controller : SecurityAppApi.Controllers.UserController
Action : Get
Action Parameters : {"messageFormat":"JSON","messageArguments":[{}]}

2017-03-08 15:14:11.5728|INFO|SecurityAppApi.Helpers.NLogger|JSON
Method: GET
URL: http://localhost/SecurityAppApi/Api/User
Token: 6434da9e-e8d4-4206-80a6-b7bdcd1dca65
Controller : SecurityAppApi.Controllers.UserController
Action : Get
Action Parameters : {"messageFormat":"JSON","messageArguments":[{}]}

2017-03-08 15:15:16.5879|INFO|SecurityAppApi.Helpers.NLogger|JSON
Method: GET
URL: http://localhost/SecurityAppApi/Api/User
Token: 6434da9e-e8d4-4206-80a6-b7bdcd1dca65
Controller : SecurityAppApi.Controllers.UserController
Action : Get
Action Parameters : {"messageFormat":"JSON","messageArguments":[{}]}

2017-03-08 15:22:30.4187|INFO|SecurityAppApi.Helpers.NLogger|JSON
Method: GET
URL: http://localhost/SecurityAppApi/Api/User
Token: 6434da9e-e8d4-4206-80a6-b7bdcd1dca65
Controller : SecurityAppApi.Controllers.UserController
Action : Get
Action Parameters : {"messageFormat":"JSON","messageArguments":[{}]}

2017-03-08 15:23:45.5860|INFO|SecurityAppApi.Helpers.NLogger|JSON
Method: GET
URL: http://localhost/SecurityAppApi/Api/User
Token: 6434da9e-e8d4-4206-80a6-b7bdcd1dca65
Controller : SecurityAppApi.Controllers.UserController
Action : Get
Action Parameters : {"messageFormat":"JSON","messageArguments":[{}]}

2017-03-08 15:30:52.3265|INFO|SecurityAppApi.Helpers.NLogger|JSON
Method: GET
URL: http://localhost/SecurityAppApi/Api/User
Token: 6434da9e-e8d4-4206-80a6-b7bdcd1dca65
Controller : SecurityAppApi.Controllers.UserController
Action : Get
Action Parameters : {"messageFormat":"JSON","messageArguments":[{}]}

2017-03-08 15:33:48.9312|INFO|SecurityAppApi.Helpers.NLogger|JSON
Method: GET
URL: http://localhost/SecurityAppApi/Api/User
Token: 6434da9e-e8d4-4206-80a6-b7bdcd1dca65
Controller : SecurityAppApi.Controllers.UserController
Action : Get
Action Parameters : {"messageFormat":"JSON","messageArguments":[{}]}

2017-03-08 15:34:47.9182|INFO|SecurityAppApi.Helpers.NLogger|JSON
Method: GET
URL: http://localhost/SecurityAppApi/Api/User
Token: 6434da9e-e8d4-4206-80a6-b7bdcd1dca65
Controller : SecurityAppApi.Controllers.UserController
Action : Get
Action Parameters : {"messageFormat":"JSON","messageArguments":[{}]}

2017-03-08 15:43:24.6466|INFO|SecurityAppApi.Helpers.NLogger|JSON
Method: GET
URL: http://localhost/SecurityAppApi/Api/User
Token: 6434da9e-e8d4-4206-80a6-b7bdcd1dca65
Controller : SecurityAppApi.Controllers.UserController
Action : Get
Action Parameters : {"messageFormat":"JSON","messageArguments":[{}]}

2017-03-08 15:46:06.4031|INFO|SecurityAppApi.Helpers.NLogger|JSON
Method: GET
URL: http://localhost/SecurityAppApi/Api/User
Token: 6434da9e-e8d4-4206-80a6-b7bdcd1dca65
Controller : SecurityAppApi.Controllers.UserController
Action : Get
Action Parameters : {"messageFormat":"JSON","messageArguments":[{}]}

2017-03-08 15:46:11.6949|INFO|SecurityAppApi.Helpers.NLogger|JSON
Method: GET
URL: http://localhost/SecurityAppApi/Api/User
Token: 6434da9e-e8d4-4206-80a6-b7bdcd1dca65
Controller : SecurityAppApi.Controllers.UserController
Action : Get
Action Parameters : {"messageFormat":"JSON","messageArguments":[{}]}

2017-03-08 15:55:52.3849|INFO|SecurityAppApi.Helpers.NLogger|JSON
Method: GET
URL: http://localhost/SecurityAppApi/Api/User
Token: 6434da9e-e8d4-4206-80a6-b7bdcd1dca65
Controller : SecurityAppApi.Controllers.UserController
Action : Get
Action Parameters : {"messageFormat":"JSON","messageArguments":[{}]}

2017-03-08 15:58:02.8542|INFO|SecurityAppApi.Helpers.NLogger|JSON
Method: GET
URL: http://localhost/SecurityAppApi/Api/User
Token: 6434da9e-e8d4-4206-80a6-b7bdcd1dca65
Controller : SecurityAppApi.Controllers.UserController
Action : Get
Action Parameters : {"messageFormat":"JSON","messageArguments":[{}]}

2017-03-08 15:58:46.3088|INFO|SecurityAppApi.Helpers.NLogger|JSON
Method: GET
URL: http://localhost/SecurityAppApi/Api/User
Token: 6434da9e-e8d4-4206-80a6-b7bdcd1dca65
Controller : SecurityAppApi.Controllers.UserController
Action : Get
Action Parameters : {"messageFormat":"JSON","messageArguments":[{}]}

2017-03-08 16:07:30.5892|INFO|SecurityAppApi.Helpers.NLogger|JSON
Method: GET
URL: http://localhost/SecurityAppApi/Api/User
Token: 6434da9e-e8d4-4206-80a6-b7bdcd1dca65
Controller : SecurityAppApi.Controllers.UserController
Action : Get
Action Parameters : {"messageFormat":"JSON","messageArguments":[{}]}

2017-03-08 16:08:34.6502|INFO|SecurityAppApi.Helpers.NLogger|JSON
Method: GET
URL: http://localhost/SecurityAppApi/Api/User
Token: 6434da9e-e8d4-4206-80a6-b7bdcd1dca65
Controller : SecurityAppApi.Controllers.UserController
Action : Get
Action Parameters : {"messageFormat":"JSON","messageArguments":[{}]}

2017-03-08 16:08:51.2607|INFO|SecurityAppApi.Helpers.NLogger|JSON
Method: GET
URL: http://localhost/SecurityAppApi/Api/User
Token: 6434da9e-e8d4-4206-80a6-b7bdcd1dca65
Controller : SecurityAppApi.Controllers.UserController
Action : Get
Action Parameters : {"messageFormat":"JSON","messageArguments":[{}]}

2017-03-08 16:13:52.0248|INFO|SecurityAppApi.Helpers.NLogger|JSON
Method: GET
URL: http://localhost/SecurityAppApi/Api/User
Token: 6434da9e-e8d4-4206-80a6-b7bdcd1dca65
Controller : SecurityAppApi.Controllers.UserController
Action : Get
Action Parameters : {"messageFormat":"JSON","messageArguments":[{}]}

2017-03-08 16:14:15.6826|INFO|SecurityAppApi.Helpers.NLogger|JSON
Method: GET
URL: http://localhost/SecurityAppApi/Api/User
Token: 6434da9e-e8d4-4206-80a6-b7bdcd1dca65
Controller : SecurityAppApi.Controllers.UserController
Action : Get
Action Parameters : {"messageFormat":"JSON","messageArguments":[{}]}

2017-03-08 16:14:34.2848|INFO|SecurityAppApi.Helpers.NLogger|JSON
Method: GET
URL: http://localhost/SecurityAppApi/Api/User
Token: 6434da9e-e8d4-4206-80a6-b7bdcd1dca65
Controller : SecurityAppApi.Controllers.UserController
Action : Get
Action Parameters : {"messageFormat":"JSON","messageArguments":[{}]}

2017-03-08 16:15:05.8561|INFO|SecurityAppApi.Helpers.NLogger|JSON
Method: GET
URL: http://localhost/SecurityAppApi/Api/User
Token: 6434da9e-e8d4-4206-80a6-b7bdcd1dca65
Controller : SecurityAppApi.Controllers.UserController
Action : Get
Action Parameters : {"messageFormat":"JSON","messageArguments":[{}]}

2017-03-08 16:15:54.0212|INFO|SecurityAppApi.Helpers.NLogger|JSON
Method: GET
URL: http://localhost/SecurityAppApi/Api/User
Token: 6434da9e-e8d4-4206-80a6-b7bdcd1dca65
Controller : SecurityAppApi.Controllers.UserController
Action : Get
Action Parameters : {"messageFormat":"JSON","messageArguments":[{}]}

2017-03-08 16:16:40.4733|INFO|SecurityAppApi.Helpers.NLogger|JSON
Method: GET
URL: http://localhost/SecurityAppApi/Api/User
Token: 6434da9e-e8d4-4206-80a6-b7bdcd1dca65
Controller : SecurityAppApi.Controllers.UserController
Action : Get
Action Parameters : {"messageFormat":"JSON","messageArguments":[{}]}

2017-03-08 16:20:22.0334|INFO|SecurityAppApi.Helpers.NLogger|JSON
Method: GET
URL: http://localhost/SecurityAppApi/Api/User
Token: 6434da9e-e8d4-4206-80a6-b7bdcd1dca65
Controller : SecurityAppApi.Controllers.UserController
Action : Get
Action Parameters : {"messageFormat":"JSON","messageArguments":[{}]}

2017-03-08 16:21:20.4031|INFO|SecurityAppApi.Helpers.NLogger|JSON
Method: GET
URL: http://localhost/SecurityAppApi/Api/User
Token: 6434da9e-e8d4-4206-80a6-b7bdcd1dca65
Controller : SecurityAppApi.Controllers.UserController
Action : Get
Action Parameters : {"messageFormat":"JSON","messageArguments":[{}]}

2017-03-08 16:22:45.9002|INFO|SecurityAppApi.Helpers.NLogger|JSON
Method: GET
URL: http://localhost/SecurityAppApi/Api/User
Token: 6434da9e-e8d4-4206-80a6-b7bdcd1dca65
Controller : SecurityAppApi.Controllers.UserController
Action : Get
Action Parameters : {"messageFormat":"JSON","messageArguments":[{}]}

2017-03-08 16:25:51.3584|INFO|SecurityAppApi.Helpers.NLogger|JSON
Method: GET
URL: http://localhost/SecurityAppApi/Api/User
Token: 6434da9e-e8d4-4206-80a6-b7bdcd1dca65
Controller : SecurityAppApi.Controllers.UserController
Action : Get
Action Parameters : {"messageFormat":"JSON","messageArguments":[{}]}

2017-03-08 16:32:11.9507|INFO|SecurityAppApi.Helpers.NLogger|JSON
Method: GET
URL: http://localhost/SecurityAppApi/Api/User
Token: 6434da9e-e8d4-4206-80a6-b7bdcd1dca65
Controller : SecurityAppApi.Controllers.UserController
Action : Get
Action Parameters : {"messageFormat":"JSON","messageArguments":[{}]}

2017-03-08 16:33:05.0853|INFO|SecurityAppApi.Helpers.NLogger|JSON
Method: GET
URL: http://localhost/SecurityAppApi/Api/User
Token: 6434da9e-e8d4-4206-80a6-b7bdcd1dca65
Controller : SecurityAppApi.Controllers.UserController
Action : Get
Action Parameters : {"messageFormat":"JSON","messageArguments":[{}]}

2017-03-08 16:34:24.9380|INFO|SecurityAppApi.Helpers.NLogger|JSON
Method: GET
URL: http://localhost/SecurityAppApi/Api/User
Token: 6434da9e-e8d4-4206-80a6-b7bdcd1dca65
Controller : SecurityAppApi.Controllers.UserController
Action : Get
Action Parameters : {"messageFormat":"JSON","messageArguments":[{}]}

2017-03-08 16:34:55.3911|INFO|SecurityAppApi.Helpers.NLogger|JSON
Method: GET
URL: http://localhost/SecurityAppApi/Api/User
Token: 6434da9e-e8d4-4206-80a6-b7bdcd1dca65
Controller : SecurityAppApi.Controllers.UserController
Action : Get
Action Parameters : {"messageFormat":"JSON","messageArguments":[{}]}

2017-03-08 16:36:52.9077|INFO|SecurityAppApi.Helpers.NLogger|JSON
Method: GET
URL: http://localhost/SecurityAppApi/Api/User
Token: 6434da9e-e8d4-4206-80a6-b7bdcd1dca65
Controller : SecurityAppApi.Controllers.UserController
Action : Get
Action Parameters : {"messageFormat":"JSON","messageArguments":[{}]}

2017-03-08 16:37:26.7857|INFO|SecurityAppApi.Helpers.NLogger|JSON
Method: GET
URL: http://localhost/SecurityAppApi/Api/User
Token: 6434da9e-e8d4-4206-80a6-b7bdcd1dca65
Controller : SecurityAppApi.Controllers.UserController
Action : Get
Action Parameters : {"messageFormat":"JSON","messageArguments":[{}]}

2017-03-08 16:38:40.8416|INFO|SecurityAppApi.Helpers.NLogger|JSON
Method: GET
URL: http://localhost/SecurityAppApi/Api/User
Token: 6434da9e-e8d4-4206-80a6-b7bdcd1dca65
Controller : SecurityAppApi.Controllers.UserController
Action : Get
Action Parameters : {"messageFormat":"JSON","messageArguments":[{}]}

2017-03-08 16:39:55.8144|INFO|SecurityAppApi.Helpers.NLogger|JSON
Method: GET
URL: http://localhost/SecurityAppApi/Api/User
Token: 6434da9e-e8d4-4206-80a6-b7bdcd1dca65
Controller : SecurityAppApi.Controllers.UserController
Action : Get
Action Parameters : {"messageFormat":"JSON","messageArguments":[{}]}

2017-03-08 16:42:27.2912|INFO|SecurityAppApi.Helpers.NLogger|JSON
Method: GET
URL: http://localhost/SecurityAppApi/Api/User
Token: 6434da9e-e8d4-4206-80a6-b7bdcd1dca65
Controller : SecurityAppApi.Controllers.UserController
Action : Get
Action Parameters : {"messageFormat":"JSON","messageArguments":[{}]}

2017-03-08 16:42:51.1763|INFO|SecurityAppApi.Helpers.NLogger|JSON
Method: GET
URL: http://localhost/SecurityAppApi/Api/User
Token: 6434da9e-e8d4-4206-80a6-b7bdcd1dca65
Controller : SecurityAppApi.Controllers.UserController
Action : Get
Action Parameters : {"messageFormat":"JSON","messageArguments":[{}]}

2017-03-08 16:43:13.8878|INFO|SecurityAppApi.Helpers.NLogger|JSON
Method: GET
URL: http://localhost/SecurityAppApi/Api/User
Token: 6434da9e-e8d4-4206-80a6-b7bdcd1dca65
Controller : SecurityAppApi.Controllers.UserController
Action : Get
Action Parameters : {"messageFormat":"JSON","messageArguments":[{}]}

2017-03-08 16:47:02.7089|INFO|SecurityAppApi.Helpers.NLogger|JSON
Method: GET
URL: http://localhost/SecurityAppApi/api/Application
Token: 6434da9e-e8d4-4206-80a6-b7bdcd1dca65
Controller : SecurityAppApi.Controllers.ApplicationController
Action : Get
Action Parameters : {"messageFormat":"JSON","messageArguments":[{}]}

2017-03-08 16:47:06.7019|INFO|SecurityAppApi.Helpers.NLogger|JSON
Method: GET
URL: http://localhost/SecurityAppApi/Api/User
Token: 6434da9e-e8d4-4206-80a6-b7bdcd1dca65
Controller : SecurityAppApi.Controllers.UserController
Action : Get
Action Parameters : {"messageFormat":"JSON","messageArguments":[{}]}

2017-03-08 17:03:16.9757|INFO|SecurityAppApi.Helpers.NLogger|JSON
Method: GET
URL: http://localhost/SecurityAppApi/Api/User
Token: 6434da9e-e8d4-4206-80a6-b7bdcd1dca65
Controller : SecurityAppApi.Controllers.UserController
Action : Get
Action Parameters : {"messageFormat":"JSON","messageArguments":[{}]}

2017-03-08 17:06:58.1634|INFO|SecurityAppApi.Helpers.NLogger|JSON
Method: GET
URL: http://localhost/SecurityAppApi/Api/User
Token: 6434da9e-e8d4-4206-80a6-b7bdcd1dca65
Controller : SecurityAppApi.Controllers.UserController
Action : Get
Action Parameters : {"messageFormat":"JSON","messageArguments":[{}]}

2017-03-08 17:08:53.2644|INFO|SecurityAppApi.Helpers.NLogger|JSON
Method: GET
URL: http://localhost/SecurityAppApi/Api/User
Token: 6434da9e-e8d4-4206-80a6-b7bdcd1dca65
Controller : SecurityAppApi.Controllers.UserController
Action : Get
Action Parameters : {"messageFormat":"JSON","messageArguments":[{}]}

2017-03-08 17:09:28.4807|INFO|SecurityAppApi.Helpers.NLogger|JSON
Method: GET
URL: http://localhost/SecurityAppApi/Api/User
Token: 6434da9e-e8d4-4206-80a6-b7bdcd1dca65
Controller : SecurityAppApi.Controllers.UserController
Action : Get
Action Parameters : {"messageFormat":"JSON","messageArguments":[{}]}

2017-03-08 17:09:58.4806|INFO|SecurityAppApi.Helpers.NLogger|JSON
Method: GET
URL: http://localhost/SecurityAppApi/Api/User
Token: 6434da9e-e8d4-4206-80a6-b7bdcd1dca65
Controller : SecurityAppApi.Controllers.UserController
Action : Get
Action Parameters : {"messageFormat":"JSON","messageArguments":[{}]}

2017-03-08 17:10:25.5895|INFO|SecurityAppApi.Helpers.NLogger|JSON
Method: GET
URL: http://localhost/SecurityAppApi/Api/User
Token: 6434da9e-e8d4-4206-80a6-b7bdcd1dca65
Controller : SecurityAppApi.Controllers.UserController
Action : Get
Action Parameters : {"messageFormat":"JSON","messageArguments":[{}]}

2017-03-08 17:10:36.9896|INFO|SecurityAppApi.Helpers.NLogger|JSON
Method: GET
URL: http://localhost/SecurityAppApi/Api/User
Token: 6434da9e-e8d4-4206-80a6-b7bdcd1dca65
Controller : SecurityAppApi.Controllers.UserController
Action : Get
Action Parameters : {"messageFormat":"JSON","messageArguments":[{}]}

2017-03-08 17:12:41.4856|INFO|SecurityAppApi.Helpers.NLogger|JSON
Method: GET
URL: http://localhost/SecurityAppApi/Api/User
Token: 6434da9e-e8d4-4206-80a6-b7bdcd1dca65
Controller : SecurityAppApi.Controllers.UserController
Action : Get
Action Parameters : {"messageFormat":"JSON","messageArguments":[{}]}

2017-03-08 17:13:34.2006|INFO|SecurityAppApi.Helpers.NLogger|JSON
Method: GET
URL: http://localhost/SecurityAppApi/Api/User
Token: 6434da9e-e8d4-4206-80a6-b7bdcd1dca65
Controller : SecurityAppApi.Controllers.UserController
Action : Get
Action Parameters : {"messageFormat":"JSON","messageArguments":[{}]}

2017-03-08 17:15:19.8604|INFO|SecurityAppApi.Helpers.NLogger|JSON
Method: GET
URL: http://localhost/SecurityAppApi/Api/User
Token: 6434da9e-e8d4-4206-80a6-b7bdcd1dca65
Controller : SecurityAppApi.Controllers.UserController
Action : Get
Action Parameters : {"messageFormat":"JSON","messageArguments":[{}]}

2017-03-08 17:16:47.9665|INFO|SecurityAppApi.Helpers.NLogger|JSON
Method: GET
URL: http://localhost/SecurityAppApi/Api/User
Token: 6434da9e-e8d4-4206-80a6-b7bdcd1dca65
Controller : SecurityAppApi.Controllers.UserController
Action : Get
Action Parameters : {"messageFormat":"JSON","messageArguments":[{}]}

2017-03-08 17:18:01.4439|INFO|SecurityAppApi.Helpers.NLogger|JSON
Method: GET
URL: http://localhost/SecurityAppApi/Api/User
Token: 6434da9e-e8d4-4206-80a6-b7bdcd1dca65
Controller : SecurityAppApi.Controllers.UserController
Action : Get
Action Parameters : {"messageFormat":"JSON","messageArguments":[{}]}

2017-03-08 17:18:34.9839|INFO|SecurityAppApi.Helpers.NLogger|JSON
Method: GET
URL: http://localhost/SecurityAppApi/Api/User
Token: 6434da9e-e8d4-4206-80a6-b7bdcd1dca65
Controller : SecurityAppApi.Controllers.UserController
Action : Get
Action Parameters : {"messageFormat":"JSON","messageArguments":[{}]}

2017-03-08 17:18:52.1609|INFO|SecurityAppApi.Helpers.NLogger|JSON
Method: GET
URL: http://localhost/SecurityAppApi/Api/User
Token: 6434da9e-e8d4-4206-80a6-b7bdcd1dca65
Controller : SecurityAppApi.Controllers.UserController
Action : Get
Action Parameters : {"messageFormat":"JSON","messageArguments":[{}]}

2017-03-08 17:19:25.2823|INFO|SecurityAppApi.Helpers.NLogger|JSON
Method: GET
URL: http://localhost/SecurityAppApi/Api/User
Token: 6434da9e-e8d4-4206-80a6-b7bdcd1dca65
Controller : SecurityAppApi.Controllers.UserController
Action : Get
Action Parameters : {"messageFormat":"JSON","messageArguments":[{}]}

2017-03-08 17:20:16.3688|INFO|SecurityAppApi.Helpers.NLogger|JSON
Method: GET
URL: http://localhost/SecurityAppApi/Api/User
Token: 6434da9e-e8d4-4206-80a6-b7bdcd1dca65
Controller : SecurityAppApi.Controllers.UserController
Action : Get
Action Parameters : {"messageFormat":"JSON","messageArguments":[{}]}

2017-03-08 17:22:44.8686|INFO|SecurityAppApi.Helpers.NLogger|JSON
Method: GET
URL: http://localhost/SecurityAppApi/Api/User
Token: 6434da9e-e8d4-4206-80a6-b7bdcd1dca65
Controller : SecurityAppApi.Controllers.UserController
Action : Get
Action Parameters : {"messageFormat":"JSON","messageArguments":[{}]}

2017-03-08 17:22:55.7025|INFO|SecurityAppApi.Helpers.NLogger|JSON
Method: GET
URL: http://localhost/SecurityAppApi/Api/User
Token: 6434da9e-e8d4-4206-80a6-b7bdcd1dca65
Controller : SecurityAppApi.Controllers.UserController
Action : Get
Action Parameters : {"messageFormat":"JSON","messageArguments":[{}]}

2017-03-08 17:24:02.9935|INFO|SecurityAppApi.Helpers.NLogger|JSON
Method: GET
URL: http://localhost/SecurityAppApi/Api/User
Token: 6434da9e-e8d4-4206-80a6-b7bdcd1dca65
Controller : SecurityAppApi.Controllers.UserController
Action : Get
Action Parameters : {"messageFormat":"JSON","messageArguments":[{}]}

2017-03-08 17:26:10.9339|INFO|SecurityAppApi.Helpers.NLogger|JSON
Method: GET
URL: http://localhost/SecurityAppApi/Api/User
Token: 6434da9e-e8d4-4206-80a6-b7bdcd1dca65
Controller : SecurityAppApi.Controllers.UserController
Action : Get
Action Parameters : {"messageFormat":"JSON","messageArguments":[{}]}

2017-03-08 17:26:19.2359|INFO|SecurityAppApi.Helpers.NLogger|JSON
Method: GET
URL: http://localhost/SecurityAppApi/Api/User
Token: 6434da9e-e8d4-4206-80a6-b7bdcd1dca65
Controller : SecurityAppApi.Controllers.UserController
Action : Get
Action Parameters : {"messageFormat":"JSON","messageArguments":[{}]}

2017-03-08 17:27:19.3248|INFO|SecurityAppApi.Helpers.NLogger|JSON
Method: GET
URL: http://localhost/SecurityAppApi/Api/User
Token: 6434da9e-e8d4-4206-80a6-b7bdcd1dca65
Controller : SecurityAppApi.Controllers.UserController
Action : Get
Action Parameters : {"messageFormat":"JSON","messageArguments":[{}]}

2017-03-08 17:27:54.2786|INFO|SecurityAppApi.Helpers.NLogger|JSON
Method: GET
URL: http://localhost/SecurityAppApi/Api/User
Token: 6434da9e-e8d4-4206-80a6-b7bdcd1dca65
Controller : SecurityAppApi.Controllers.UserController
Action : Get
Action Parameters : {"messageFormat":"JSON","messageArguments":[{}]}

2017-03-08 17:30:06.3256|INFO|SecurityAppApi.Helpers.NLogger|JSON
Method: GET
URL: http://localhost/SecurityAppApi/Api/User
Token: 6434da9e-e8d4-4206-80a6-b7bdcd1dca65
Controller : SecurityAppApi.Controllers.UserController
Action : Get
Action Parameters : {"messageFormat":"JSON","messageArguments":[{}]}

