2017-03-14 08:15:06.9288|INFO|SecurityAppApi.Helpers.NLogger|JSON
Method: GET
URL: http://localhost/SecurityAppApi/Api/User
Token: 6434da9e-e8d4-4206-80a6-b7bdcd1dca65
Controller : SecurityAppApi.Controllers.UserController
Action : Get
Action Parameters : {"messageFormat":"JSON","messageArguments":[{}]}

2017-03-14 08:15:46.3044|INFO|SecurityAppApi.Helpers.NLogger|JSON
Method: GET
URL: http://localhost/SecurityAppApi/Api/User
Token: 6434da9e-e8d4-4206-80a6-b7bdcd1dca65
Controller : SecurityAppApi.Controllers.UserController
Action : Get
Action Parameters : {"messageFormat":"JSON","messageArguments":[{}]}

2017-03-14 08:21:17.7195|INFO|SecurityAppApi.Helpers.NLogger|JSON
Method: GET
URL: http://localhost/SecurityAppApi/Api/User
Token: 6434da9e-e8d4-4206-80a6-b7bdcd1dca65
Controller : SecurityAppApi.Controllers.UserController
Action : Get
Action Parameters : {"messageFormat":"JSON","messageArguments":[{}]}

2017-03-14 08:21:33.6984|INFO|SecurityAppApi.Helpers.NLogger|JSON
Method: GET
URL: http://localhost/SecurityAppApi/Api/User
Token: 6434da9e-e8d4-4206-80a6-b7bdcd1dca65
Controller : SecurityAppApi.Controllers.UserController
Action : Get
Action Parameters : {"messageFormat":"JSON","messageArguments":[{}]}

2017-03-14 08:21:41.0806|INFO|SecurityAppApi.Helpers.NLogger|JSON
Method: GET
URL: http://localhost/SecurityAppApi/Api/User/13
Token: 6434da9e-e8d4-4206-80a6-b7bdcd1dca65
Controller : SecurityAppApi.Controllers.UserController
Action : Get
Action Parameters : {"messageFormat":"JSON","messageArguments":[{"id":13}]}

2017-03-14 08:25:39.5651|INFO|SecurityAppApi.Helpers.NLogger|JSON
Method: GET
URL: http://localhost/SecurityAppApi/Api/User
Token: 6434da9e-e8d4-4206-80a6-b7bdcd1dca65
Controller : SecurityAppApi.Controllers.UserController
Action : Get
Action Parameters : {"messageFormat":"JSON","messageArguments":[{}]}

2017-03-14 08:25:42.4751|INFO|SecurityAppApi.Helpers.NLogger|JSON
Method: GET
URL: http://localhost/SecurityAppApi/Api/User/42
Token: 6434da9e-e8d4-4206-80a6-b7bdcd1dca65
Controller : SecurityAppApi.Controllers.UserController
Action : Get
Action Parameters : {"messageFormat":"JSON","messageArguments":[{"id":42}]}

2017-03-14 08:25:46.8491|INFO|SecurityAppApi.Helpers.NLogger|JSON
Method: GET
URL: http://localhost/SecurityAppApi/Api/User/42
Token: 6434da9e-e8d4-4206-80a6-b7bdcd1dca65
Controller : SecurityAppApi.Controllers.UserController
Action : Get
Action Parameters : {"messageFormat":"JSON","messageArguments":[{"id":42}]}

2017-03-14 08:26:49.3259|INFO|SecurityAppApi.Helpers.NLogger|JSON
Method: GET
URL: http://localhost/SecurityAppApi/Api/User
Token: 6434da9e-e8d4-4206-80a6-b7bdcd1dca65
Controller : SecurityAppApi.Controllers.UserController
Action : Get
Action Parameters : {"messageFormat":"JSON","messageArguments":[{}]}

2017-03-14 08:30:03.8348|INFO|SecurityAppApi.Helpers.NLogger|JSON
Method: GET
URL: http://localhost/SecurityAppApi/Api/User
Token: 6434da9e-e8d4-4206-80a6-b7bdcd1dca65
Controller : SecurityAppApi.Controllers.UserController
Action : Get
Action Parameters : {"messageFormat":"JSON","messageArguments":[{}]}

2017-03-14 08:32:18.2489|INFO|SecurityAppApi.Helpers.NLogger|JSON
Method: GET
URL: http://localhost/SecurityAppApi/Api/User
Token: 6434da9e-e8d4-4206-80a6-b7bdcd1dca65
Controller : SecurityAppApi.Controllers.UserController
Action : Get
Action Parameters : {"messageFormat":"JSON","messageArguments":[{}]}

2017-03-14 08:32:41.9356|INFO|SecurityAppApi.Helpers.NLogger|JSON
Method: GET
URL: http://localhost/SecurityAppApi/Api/User
Token: 6434da9e-e8d4-4206-80a6-b7bdcd1dca65
Controller : SecurityAppApi.Controllers.UserController
Action : Get
Action Parameters : {"messageFormat":"JSON","messageArguments":[{}]}

2017-03-14 08:35:21.2701|INFO|SecurityAppApi.Helpers.NLogger|JSON
Method: GET
URL: http://localhost/SecurityAppApi/Api/User
Token: 6434da9e-e8d4-4206-80a6-b7bdcd1dca65
Controller : SecurityAppApi.Controllers.UserController
Action : Get
Action Parameters : {"messageFormat":"JSON","messageArguments":[{}]}

2017-03-14 08:45:00.3794|INFO|SecurityAppApi.Helpers.NLogger|JSON
Method: GET
URL: http://localhost/SecurityAppApi/Api/User
Token: 6434da9e-e8d4-4206-80a6-b7bdcd1dca65
Controller : SecurityAppApi.Controllers.UserController
Action : Get
Action Parameters : {"messageFormat":"JSON","messageArguments":[{}]}

2017-03-14 08:47:39.5317|INFO|SecurityAppApi.Helpers.NLogger|JSON
Method: GET
URL: http://localhost/SecurityAppApi/Api/User/13
Token: 6434da9e-e8d4-4206-80a6-b7bdcd1dca65
Controller : SecurityAppApi.Controllers.UserController
Action : Get
Action Parameters : {"messageFormat":"JSON","messageArguments":[{"id":13}]}

2017-03-14 08:47:52.2682|INFO|SecurityAppApi.Helpers.NLogger|JSON
Method: GET
URL: http://localhost/SecurityAppApi/Api/User/13
Token: 6434da9e-e8d4-4206-80a6-b7bdcd1dca65
Controller : SecurityAppApi.Controllers.UserController
Action : Get
Action Parameters : {"messageFormat":"JSON","messageArguments":[{"id":13}]}

2017-03-14 08:48:03.3365|INFO|SecurityAppApi.Helpers.NLogger|JSON
Method: GET
URL: http://localhost/SecurityAppApi/Api/User/13
Token: 6434da9e-e8d4-4206-80a6-b7bdcd1dca65
Controller : SecurityAppApi.Controllers.UserController
Action : Get
Action Parameters : {"messageFormat":"JSON","messageArguments":[{"id":13}]}

2017-03-14 08:48:06.0108|INFO|SecurityAppApi.Helpers.NLogger|JSON
Method: PUT
URL: http://localhost/SecurityAppApi/Api/User/
Token: 6434da9e-e8d4-4206-80a6-b7bdcd1dca65
Controller : SecurityAppApi.Controllers.UserController
Action : Put
Action Parameters : {"messageFormat":"JSON","messageArguments":[{"userEntity":{"IdUser":13,"Name":"Rafael 1s","LastName":"Mora aasd","Address":"Cartago","Email":"rmo777@gmail.com","Phone":"70125373","Status":true,"UserName":"rmora","Password":"123","CreateDateTime":"\/Date(1488348000000)\/","Roles":[]}}]}

2017-03-14 08:48:31.6504|INFO|SecurityAppApi.Helpers.NLogger|JSON
Method: GET
URL: http://localhost/SecurityAppApi/Api/User/13
Token: 6434da9e-e8d4-4206-80a6-b7bdcd1dca65
Controller : SecurityAppApi.Controllers.UserController
Action : Get
Action Parameters : {"messageFormat":"JSON","messageArguments":[{"id":13}]}

2017-03-14 08:49:48.5574|INFO|SecurityAppApi.Helpers.NLogger|JSON
Method: GET
URL: http://localhost/SecurityAppApi/Api/User
Token: 6434da9e-e8d4-4206-80a6-b7bdcd1dca65
Controller : SecurityAppApi.Controllers.UserController
Action : Get
Action Parameters : {"messageFormat":"JSON","messageArguments":[{}]}

2017-03-14 08:52:48.1215|INFO|SecurityAppApi.Helpers.NLogger|JSON
Method: GET
URL: http://localhost/SecurityAppApi/Api/User
Token: 6434da9e-e8d4-4206-80a6-b7bdcd1dca65
Controller : SecurityAppApi.Controllers.UserController
Action : Get
Action Parameters : {"messageFormat":"JSON","messageArguments":[{}]}

2017-03-14 08:53:27.1212|INFO|SecurityAppApi.Helpers.NLogger|JSON
Method: GET
URL: http://localhost/SecurityAppApi/Api/User
Token: 6434da9e-e8d4-4206-80a6-b7bdcd1dca65
Controller : SecurityAppApi.Controllers.UserController
Action : Get
Action Parameters : {"messageFormat":"JSON","messageArguments":[{}]}

2017-03-14 08:53:41.0735|INFO|SecurityAppApi.Helpers.NLogger|JSON
Method: GET
URL: http://localhost/SecurityAppApi/Api/User
Token: 6434da9e-e8d4-4206-80a6-b7bdcd1dca65
Controller : SecurityAppApi.Controllers.UserController
Action : Get
Action Parameters : {"messageFormat":"JSON","messageArguments":[{}]}

2017-03-14 08:57:35.8465|INFO|SecurityAppApi.Helpers.NLogger|JSON
Method: GET
URL: http://localhost/SecurityAppApi/Api/User
Token: 6434da9e-e8d4-4206-80a6-b7bdcd1dca65
Controller : SecurityAppApi.Controllers.UserController
Action : Get
Action Parameters : {"messageFormat":"JSON","messageArguments":[{}]}

2017-03-14 08:58:21.5954|INFO|SecurityAppApi.Helpers.NLogger|JSON
Method: GET
URL: http://localhost/SecurityAppApi/Api/User
Token: 6434da9e-e8d4-4206-80a6-b7bdcd1dca65
Controller : SecurityAppApi.Controllers.UserController
Action : Get
Action Parameters : {"messageFormat":"JSON","messageArguments":[{}]}

2017-03-14 08:58:37.8483|INFO|SecurityAppApi.Helpers.NLogger|JSON
Method: GET
URL: http://localhost/SecurityAppApi/Api/User
Token: 6434da9e-e8d4-4206-80a6-b7bdcd1dca65
Controller : SecurityAppApi.Controllers.UserController
Action : Get
Action Parameters : {"messageFormat":"JSON","messageArguments":[{}]}

2017-03-14 08:59:36.5133|INFO|SecurityAppApi.Helpers.NLogger|JSON
Method: GET
URL: http://localhost/SecurityAppApi/Api/User
Token: 6434da9e-e8d4-4206-80a6-b7bdcd1dca65
Controller : SecurityAppApi.Controllers.UserController
Action : Get
Action Parameters : {"messageFormat":"JSON","messageArguments":[{}]}

2017-03-14 09:04:37.8343|INFO|SecurityAppApi.Helpers.NLogger|JSON
Method: GET
URL: http://localhost/SecurityAppApi/Api/User
Token: 6434da9e-e8d4-4206-80a6-b7bdcd1dca65
Controller : SecurityAppApi.Controllers.UserController
Action : Get
Action Parameters : {"messageFormat":"JSON","messageArguments":[{}]}

2017-03-14 09:10:40.9232|INFO|SecurityAppApi.Helpers.NLogger|JSON
Method: GET
URL: http://localhost/SecurityAppApi/Api/User
Token: 6434da9e-e8d4-4206-80a6-b7bdcd1dca65
Controller : SecurityAppApi.Controllers.UserController
Action : Get
Action Parameters : {"messageFormat":"JSON","messageArguments":[{}]}

2017-03-14 09:14:15.0353|INFO|SecurityAppApi.Helpers.NLogger|JSON
Method: GET
URL: http://localhost/SecurityAppApi/Api/User
Token: 6434da9e-e8d4-4206-80a6-b7bdcd1dca65
Controller : SecurityAppApi.Controllers.UserController
Action : Get
Action Parameters : {"messageFormat":"JSON","messageArguments":[{}]}

2017-03-14 09:14:54.5195|INFO|SecurityAppApi.Helpers.NLogger|JSON
Method: GET
URL: http://localhost/SecurityAppApi/Api/User/13
Token: 6434da9e-e8d4-4206-80a6-b7bdcd1dca65
Controller : SecurityAppApi.Controllers.UserController
Action : Get
Action Parameters : {"messageFormat":"JSON","messageArguments":[{"id":13}]}

2017-03-14 09:15:25.5451|INFO|SecurityAppApi.Helpers.NLogger|JSON
Method: GET
URL: http://localhost/SecurityAppApi/Api/User
Token: 6434da9e-e8d4-4206-80a6-b7bdcd1dca65
Controller : SecurityAppApi.Controllers.UserController
Action : Get
Action Parameters : {"messageFormat":"JSON","messageArguments":[{}]}

2017-03-14 09:20:26.8822|INFO|SecurityAppApi.Helpers.NLogger|JSON
Method: GET
URL: http://localhost/SecurityAppApi/Api/User/13
Token: 6434da9e-e8d4-4206-80a6-b7bdcd1dca65
Controller : SecurityAppApi.Controllers.UserController
Action : Get
Action Parameters : {"messageFormat":"JSON","messageArguments":[{"id":13}]}

2017-03-14 09:20:37.7056|INFO|SecurityAppApi.Helpers.NLogger|JSON
Method: GET
URL: http://localhost/SecurityAppApi/Api/User
Token: 6434da9e-e8d4-4206-80a6-b7bdcd1dca65
Controller : SecurityAppApi.Controllers.UserController
Action : Get
Action Parameters : {"messageFormat":"JSON","messageArguments":[{}]}

2017-03-14 09:24:14.8332|INFO|SecurityAppApi.Helpers.NLogger|JSON
Method: GET
URL: http://localhost/SecurityAppApi/Api/User
Token: 6434da9e-e8d4-4206-80a6-b7bdcd1dca65
Controller : SecurityAppApi.Controllers.UserController
Action : Get
Action Parameters : {"messageFormat":"JSON","messageArguments":[{}]}

2017-03-14 09:24:45.1612|INFO|SecurityAppApi.Helpers.NLogger|JSON
Method: GET
URL: http://localhost/SecurityAppApi/Api/User/13
Token: 6434da9e-e8d4-4206-80a6-b7bdcd1dca65
Controller : SecurityAppApi.Controllers.UserController
Action : Get
Action Parameters : {"messageFormat":"JSON","messageArguments":[{"id":13}]}

2017-03-14 09:29:40.2324|INFO|SecurityAppApi.Helpers.NLogger|JSON
Method: GET
URL: http://localhost/SecurityAppApi/Api/User
Token: 6434da9e-e8d4-4206-80a6-b7bdcd1dca65
Controller : SecurityAppApi.Controllers.UserController
Action : Get
Action Parameters : {"messageFormat":"JSON","messageArguments":[{}]}

2017-03-14 09:32:50.9920|INFO|SecurityAppApi.Helpers.NLogger|JSON
Method: GET
URL: http://localhost/SecurityAppApi/Api/User
Token: 6434da9e-e8d4-4206-80a6-b7bdcd1dca65
Controller : SecurityAppApi.Controllers.UserController
Action : Get
Action Parameters : {"messageFormat":"JSON","messageArguments":[{}]}

2017-03-14 09:32:59.9621|INFO|SecurityAppApi.Helpers.NLogger|JSON
Method: GET
URL: http://localhost/SecurityAppApi/Api/User/13
Token: 6434da9e-e8d4-4206-80a6-b7bdcd1dca65
Controller : SecurityAppApi.Controllers.UserController
Action : Get
Action Parameters : {"messageFormat":"JSON","messageArguments":[{"id":13}]}

2017-03-14 09:35:21.1113|INFO|SecurityAppApi.Helpers.NLogger|JSON
Method: GET
URL: http://localhost/SecurityAppApi/Api/User
Token: 6434da9e-e8d4-4206-80a6-b7bdcd1dca65
Controller : SecurityAppApi.Controllers.UserController
Action : Get
Action Parameters : {"messageFormat":"JSON","messageArguments":[{}]}

2017-03-14 09:35:25.5453|INFO|SecurityAppApi.Helpers.NLogger|JSON
Method: GET
URL: http://localhost/SecurityAppApi/Api/User/13
Token: 6434da9e-e8d4-4206-80a6-b7bdcd1dca65
Controller : SecurityAppApi.Controllers.UserController
Action : Get
Action Parameters : {"messageFormat":"JSON","messageArguments":[{"id":13}]}

2017-03-14 09:36:33.6056|INFO|SecurityAppApi.Helpers.NLogger|JSON
Method: GET
URL: http://localhost/SecurityAppApi/Api/User
Token: 6434da9e-e8d4-4206-80a6-b7bdcd1dca65
Controller : SecurityAppApi.Controllers.UserController
Action : Get
Action Parameters : {"messageFormat":"JSON","messageArguments":[{}]}

2017-03-14 09:36:44.4346|INFO|SecurityAppApi.Helpers.NLogger|JSON
Method: GET
URL: http://localhost/SecurityAppApi/Api/User/13
Token: 6434da9e-e8d4-4206-80a6-b7bdcd1dca65
Controller : SecurityAppApi.Controllers.UserController
Action : Get
Action Parameters : {"messageFormat":"JSON","messageArguments":[{"id":13}]}

2017-03-14 09:41:53.0132|INFO|SecurityAppApi.Helpers.NLogger|JSON
Method: GET
URL: http://localhost/SecurityAppApi/Api/User
Token: 6434da9e-e8d4-4206-80a6-b7bdcd1dca65
Controller : SecurityAppApi.Controllers.UserController
Action : Get
Action Parameters : {"messageFormat":"JSON","messageArguments":[{}]}

2017-03-14 09:42:01.4246|INFO|SecurityAppApi.Helpers.NLogger|JSON
Method: GET
URL: http://localhost/SecurityAppApi/Api/User/13
Token: 6434da9e-e8d4-4206-80a6-b7bdcd1dca65
Controller : SecurityAppApi.Controllers.UserController
Action : Get
Action Parameters : {"messageFormat":"JSON","messageArguments":[{"id":13}]}

2017-03-14 09:43:10.5325|INFO|SecurityAppApi.Helpers.NLogger|JSON
Method: GET
URL: http://localhost/SecurityAppApi/Api/User
Token: 6434da9e-e8d4-4206-80a6-b7bdcd1dca65
Controller : SecurityAppApi.Controllers.UserController
Action : Get
Action Parameters : {"messageFormat":"JSON","messageArguments":[{}]}

2017-03-14 09:45:32.0635|INFO|SecurityAppApi.Helpers.NLogger|JSON
Method: GET
URL: http://localhost/SecurityAppApi/Api/User
Token: 6434da9e-e8d4-4206-80a6-b7bdcd1dca65
Controller : SecurityAppApi.Controllers.UserController
Action : Get
Action Parameters : {"messageFormat":"JSON","messageArguments":[{}]}

2017-03-14 09:48:46.9554|INFO|SecurityAppApi.Helpers.NLogger|JSON
Method: GET
URL: http://localhost/SecurityAppApi/Api/User
Token: 6434da9e-e8d4-4206-80a6-b7bdcd1dca65
Controller : SecurityAppApi.Controllers.UserController
Action : Get
Action Parameters : {"messageFormat":"JSON","messageArguments":[{}]}

2017-03-14 09:56:01.8370|INFO|SecurityAppApi.Helpers.NLogger|JSON
Method: GET
URL: http://localhost/SecurityAppApi/Api/User
Token: 6434da9e-e8d4-4206-80a6-b7bdcd1dca65
Controller : SecurityAppApi.Controllers.UserController
Action : Get
Action Parameters : {"messageFormat":"JSON","messageArguments":[{}]}

2017-03-14 09:56:11.1066|INFO|SecurityAppApi.Helpers.NLogger|JSON
Method: GET
URL: http://localhost/SecurityAppApi/Api/User/13
Token: 6434da9e-e8d4-4206-80a6-b7bdcd1dca65
Controller : SecurityAppApi.Controllers.UserController
Action : Get
Action Parameters : {"messageFormat":"JSON","messageArguments":[{"id":13}]}

2017-03-14 09:56:20.1964|INFO|SecurityAppApi.Helpers.NLogger|JSON
Method: GET
URL: http://localhost/SecurityAppApi/Api/User
Token: 6434da9e-e8d4-4206-80a6-b7bdcd1dca65
Controller : SecurityAppApi.Controllers.UserController
Action : Get
Action Parameters : {"messageFormat":"JSON","messageArguments":[{}]}

2017-03-14 09:59:14.3757|INFO|SecurityAppApi.Helpers.NLogger|JSON
Method: GET
URL: http://localhost/SecurityAppApi/Api/User
Token: 6434da9e-e8d4-4206-80a6-b7bdcd1dca65
Controller : SecurityAppApi.Controllers.UserController
Action : Get
Action Parameters : {"messageFormat":"JSON","messageArguments":[{}]}

2017-03-14 10:02:23.1608|INFO|SecurityAppApi.Helpers.NLogger|JSON
Method: GET
URL: http://localhost/SecurityAppApi/Api/User
Token: 6434da9e-e8d4-4206-80a6-b7bdcd1dca65
Controller : SecurityAppApi.Controllers.UserController
Action : Get
Action Parameters : {"messageFormat":"JSON","messageArguments":[{}]}

2017-03-14 10:03:02.6046|INFO|SecurityAppApi.Helpers.NLogger|JSON
Method: GET
URL: http://localhost/SecurityAppApi/Api/User
Token: 6434da9e-e8d4-4206-80a6-b7bdcd1dca65
Controller : SecurityAppApi.Controllers.UserController
Action : Get
Action Parameters : {"messageFormat":"JSON","messageArguments":[{}]}

2017-03-14 10:03:31.7977|INFO|SecurityAppApi.Helpers.NLogger|JSON
Method: GET
URL: http://localhost/SecurityAppApi/Api/User
Token: 6434da9e-e8d4-4206-80a6-b7bdcd1dca65
Controller : SecurityAppApi.Controllers.UserController
Action : Get
Action Parameters : {"messageFormat":"JSON","messageArguments":[{}]}

2017-03-14 10:03:38.1383|INFO|SecurityAppApi.Helpers.NLogger|JSON
Method: GET
URL: http://localhost/SecurityAppApi/Api/User
Token: 6434da9e-e8d4-4206-80a6-b7bdcd1dca65
Controller : SecurityAppApi.Controllers.UserController
Action : Get
Action Parameters : {"messageFormat":"JSON","messageArguments":[{}]}

2017-03-14 10:03:54.1416|INFO|SecurityAppApi.Helpers.NLogger|JSON
Method: GET
URL: http://localhost/SecurityAppApi/Api/User
Token: 6434da9e-e8d4-4206-80a6-b7bdcd1dca65
Controller : SecurityAppApi.Controllers.UserController
Action : Get
Action Parameters : {"messageFormat":"JSON","messageArguments":[{}]}

2017-03-14 10:04:33.9071|INFO|SecurityAppApi.Helpers.NLogger|JSON
Method: GET
URL: http://localhost/SecurityAppApi/Api/User/13
Token: 6434da9e-e8d4-4206-80a6-b7bdcd1dca65
Controller : SecurityAppApi.Controllers.UserController
Action : Get
Action Parameters : {"messageFormat":"JSON","messageArguments":[{"id":13}]}

2017-03-14 10:09:12.1132|INFO|SecurityAppApi.Helpers.NLogger|JSON
Method: GET
URL: http://localhost/SecurityAppApi/Api/User
Token: 6434da9e-e8d4-4206-80a6-b7bdcd1dca65
Controller : SecurityAppApi.Controllers.UserController
Action : Get
Action Parameters : {"messageFormat":"JSON","messageArguments":[{}]}

2017-03-14 10:09:25.5704|INFO|SecurityAppApi.Helpers.NLogger|JSON
Method: GET
URL: http://localhost/SecurityAppApi/Api/User/13
Token: 6434da9e-e8d4-4206-80a6-b7bdcd1dca65
Controller : SecurityAppApi.Controllers.UserController
Action : Get
Action Parameters : {"messageFormat":"JSON","messageArguments":[{"id":13}]}

2017-03-14 10:09:28.6645|INFO|SecurityAppApi.Helpers.NLogger|JSON
Method: GET
URL: http://localhost/SecurityAppApi/Api/User/31
Token: 6434da9e-e8d4-4206-80a6-b7bdcd1dca65
Controller : SecurityAppApi.Controllers.UserController
Action : Get
Action Parameters : {"messageFormat":"JSON","messageArguments":[{"id":31}]}

2017-03-14 10:11:44.9828|INFO|SecurityAppApi.Helpers.NLogger|JSON
Method: GET
URL: http://localhost/SecurityAppApi/Api/User
Token: 6434da9e-e8d4-4206-80a6-b7bdcd1dca65
Controller : SecurityAppApi.Controllers.UserController
Action : Get
Action Parameters : {"messageFormat":"JSON","messageArguments":[{}]}

2017-03-14 10:11:55.7376|INFO|SecurityAppApi.Helpers.NLogger|JSON
Method: GET
URL: http://localhost/SecurityAppApi/Api/User/13
Token: 6434da9e-e8d4-4206-80a6-b7bdcd1dca65
Controller : SecurityAppApi.Controllers.UserController
Action : Get
Action Parameters : {"messageFormat":"JSON","messageArguments":[{"id":13}]}

2017-03-14 10:12:46.8409|INFO|SecurityAppApi.Helpers.NLogger|JSON
Method: GET
URL: http://localhost/SecurityAppApi/Api/User
Token: 6434da9e-e8d4-4206-80a6-b7bdcd1dca65
Controller : SecurityAppApi.Controllers.UserController
Action : Get
Action Parameters : {"messageFormat":"JSON","messageArguments":[{}]}

2017-03-14 10:15:33.6366|INFO|SecurityAppApi.Helpers.NLogger|JSON
Method: GET
URL: http://localhost/SecurityAppApi/Api/User
Token: 6434da9e-e8d4-4206-80a6-b7bdcd1dca65
Controller : SecurityAppApi.Controllers.UserController
Action : Get
Action Parameters : {"messageFormat":"JSON","messageArguments":[{}]}

2017-03-14 10:17:27.3206|INFO|SecurityAppApi.Helpers.NLogger|JSON
Method: GET
URL: http://localhost/SecurityAppApi/Api/User
Token: 6434da9e-e8d4-4206-80a6-b7bdcd1dca65
Controller : SecurityAppApi.Controllers.UserController
Action : Get
Action Parameters : {"messageFormat":"JSON","messageArguments":[{}]}

2017-03-14 10:18:21.3430|INFO|SecurityAppApi.Helpers.NLogger|JSON
Method: GET
URL: http://localhost/SecurityAppApi/Api/User
Token: 6434da9e-e8d4-4206-80a6-b7bdcd1dca65
Controller : SecurityAppApi.Controllers.UserController
Action : Get
Action Parameters : {"messageFormat":"JSON","messageArguments":[{}]}

2017-03-14 10:39:28.5418|INFO|SecurityAppApi.Helpers.NLogger|JSON
Method: GET
URL: http://localhost/SecurityAppApi/Api/User
Token: 6434da9e-e8d4-4206-80a6-b7bdcd1dca65
Controller : SecurityAppApi.Controllers.UserController
Action : Get
Action Parameters : {"messageFormat":"JSON","messageArguments":[{}]}

2017-03-14 10:39:52.8609|INFO|SecurityAppApi.Helpers.NLogger|JSON
Method: GET
URL: http://localhost/SecurityAppApi/Api/User
Token: 6434da9e-e8d4-4206-80a6-b7bdcd1dca65
Controller : SecurityAppApi.Controllers.UserController
Action : Get
Action Parameters : {"messageFormat":"JSON","messageArguments":[{}]}

2017-03-14 10:40:00.8792|INFO|SecurityAppApi.Helpers.NLogger|JSON
Method: GET
URL: http://localhost/SecurityAppApi/Api/User/31
Token: 6434da9e-e8d4-4206-80a6-b7bdcd1dca65
Controller : SecurityAppApi.Controllers.UserController
Action : Get
Action Parameters : {"messageFormat":"JSON","messageArguments":[{"id":31}]}

2017-03-14 10:41:43.4816|INFO|SecurityAppApi.Helpers.NLogger|JSON
Method: GET
URL: http://localhost/SecurityAppApi/Api/User
Token: 6434da9e-e8d4-4206-80a6-b7bdcd1dca65
Controller : SecurityAppApi.Controllers.UserController
Action : Get
Action Parameters : {"messageFormat":"JSON","messageArguments":[{}]}

2017-03-14 10:44:04.4724|INFO|SecurityAppApi.Helpers.NLogger|JSON
Method: GET
URL: http://localhost/SecurityAppApi/Api/User
Token: 6434da9e-e8d4-4206-80a6-b7bdcd1dca65
Controller : SecurityAppApi.Controllers.UserController
Action : Get
Action Parameters : {"messageFormat":"JSON","messageArguments":[{}]}

2017-03-14 10:46:37.4027|INFO|SecurityAppApi.Helpers.NLogger|JSON
Method: GET
URL: http://localhost/SecurityAppApi/Api/User
Token: 6434da9e-e8d4-4206-80a6-b7bdcd1dca65
Controller : SecurityAppApi.Controllers.UserController
Action : Get
Action Parameters : {"messageFormat":"JSON","messageArguments":[{}]}

2017-03-14 10:46:58.6505|INFO|SecurityAppApi.Helpers.NLogger|JSON
Method: GET
URL: http://localhost/SecurityAppApi/Api/User
Token: 6434da9e-e8d4-4206-80a6-b7bdcd1dca65
Controller : SecurityAppApi.Controllers.UserController
Action : Get
Action Parameters : {"messageFormat":"JSON","messageArguments":[{}]}

2017-03-14 10:49:34.6824|INFO|SecurityAppApi.Helpers.NLogger|JSON
Method: GET
URL: http://localhost/SecurityAppApi/Api/User
Token: 6434da9e-e8d4-4206-80a6-b7bdcd1dca65
Controller : SecurityAppApi.Controllers.UserController
Action : Get
Action Parameters : {"messageFormat":"JSON","messageArguments":[{}]}

2017-03-14 10:49:39.0529|INFO|SecurityAppApi.Helpers.NLogger|JSON
Method: GET
URL: http://localhost/SecurityAppApi/Api/User
Token: 6434da9e-e8d4-4206-80a6-b7bdcd1dca65
Controller : SecurityAppApi.Controllers.UserController
Action : Get
Action Parameters : {"messageFormat":"JSON","messageArguments":[{}]}

2017-03-14 13:51:27.7494|INFO|SecurityAppApi.Helpers.NLogger|JSON
Method: GET
URL: http://localhost/SecurityAppApi/Api/User
Token: 6434da9e-e8d4-4206-80a6-b7bdcd1dca65
Controller : SecurityAppApi.Controllers.UserController
Action : Get
Action Parameters : {"messageFormat":"JSON","messageArguments":[{}]}

2017-03-14 15:13:48.7320|INFO|SecurityAppApi.Helpers.NLogger|JSON
Method: GET
URL: http://localhost/SecurityAppApi/Api/User
Token: 6434da9e-e8d4-4206-80a6-b7bdcd1dca65
Controller : SecurityAppApi.Controllers.UserController
Action : Get
Action Parameters : {"messageFormat":"JSON","messageArguments":[{}]}

2017-03-14 15:14:08.8169|INFO|SecurityAppApi.Helpers.NLogger|JSON
Method: GET
URL: http://localhost/SecurityAppApi/Api/User
Token: 6434da9e-e8d4-4206-80a6-b7bdcd1dca65
Controller : SecurityAppApi.Controllers.UserController
Action : Get
Action Parameters : {"messageFormat":"JSON","messageArguments":[{}]}

2017-03-14 15:15:24.3925|INFO|SecurityAppApi.Helpers.NLogger|JSON
Method: GET
URL: http://localhost/SecurityAppApi/Api/User
Token: 6434da9e-e8d4-4206-80a6-b7bdcd1dca65
Controller : SecurityAppApi.Controllers.UserController
Action : Get
Action Parameters : {"messageFormat":"JSON","messageArguments":[{}]}

2017-03-14 15:16:45.9185|INFO|SecurityAppApi.Helpers.NLogger|JSON
Method: GET
URL: http://localhost/SecurityAppApi/Api/User
Token: 6434da9e-e8d4-4206-80a6-b7bdcd1dca65
Controller : SecurityAppApi.Controllers.UserController
Action : Get
Action Parameters : {"messageFormat":"JSON","messageArguments":[{}]}

2017-03-14 15:17:13.5176|INFO|SecurityAppApi.Helpers.NLogger|JSON
Method: GET
URL: http://localhost/SecurityAppApi/Api/User
Token: 6434da9e-e8d4-4206-80a6-b7bdcd1dca65
Controller : SecurityAppApi.Controllers.UserController
Action : Get
Action Parameters : {"messageFormat":"JSON","messageArguments":[{}]}

2017-03-14 15:18:08.6018|INFO|SecurityAppApi.Helpers.NLogger|JSON
Method: GET
URL: http://localhost/SecurityAppApi/Api/User
Token: 6434da9e-e8d4-4206-80a6-b7bdcd1dca65
Controller : SecurityAppApi.Controllers.UserController
Action : Get
Action Parameters : {"messageFormat":"JSON","messageArguments":[{}]}

2017-03-14 15:19:47.6972|INFO|SecurityAppApi.Helpers.NLogger|JSON
Method: GET
URL: http://localhost/SecurityAppApi/Api/User
Token: 6434da9e-e8d4-4206-80a6-b7bdcd1dca65
Controller : SecurityAppApi.Controllers.UserController
Action : Get
Action Parameters : {"messageFormat":"JSON","messageArguments":[{}]}

2017-03-14 15:20:40.4542|INFO|SecurityAppApi.Helpers.NLogger|JSON
Method: GET
URL: http://localhost/SecurityAppApi/Api/User
Token: 6434da9e-e8d4-4206-80a6-b7bdcd1dca65
Controller : SecurityAppApi.Controllers.UserController
Action : Get
Action Parameters : {"messageFormat":"JSON","messageArguments":[{}]}

2017-03-14 15:22:02.0780|INFO|SecurityAppApi.Helpers.NLogger|JSON
Method: GET
URL: http://localhost/SecurityAppApi/Api/User
Token: 6434da9e-e8d4-4206-80a6-b7bdcd1dca65
Controller : SecurityAppApi.Controllers.UserController
Action : Get
Action Parameters : {"messageFormat":"JSON","messageArguments":[{}]}

2017-03-14 15:22:35.6979|INFO|SecurityAppApi.Helpers.NLogger|JSON
Method: GET
URL: http://localhost/SecurityAppApi/Api/User/42
Token: 6434da9e-e8d4-4206-80a6-b7bdcd1dca65
Controller : SecurityAppApi.Controllers.UserController
Action : Get
Action Parameters : {"messageFormat":"JSON","messageArguments":[{"id":42}]}

2017-03-14 15:27:41.1200|INFO|SecurityAppApi.Helpers.NLogger|JSON
Method: GET
URL: http://localhost/SecurityAppApi/Api/User
Token: 6434da9e-e8d4-4206-80a6-b7bdcd1dca65
Controller : SecurityAppApi.Controllers.UserController
Action : Get
Action Parameters : {"messageFormat":"JSON","messageArguments":[{}]}

2017-03-14 15:30:53.1112|INFO|SecurityAppApi.Helpers.NLogger|JSON
Method: GET
URL: http://localhost/SecurityAppApi/Api/User
Token: 6434da9e-e8d4-4206-80a6-b7bdcd1dca65
Controller : SecurityAppApi.Controllers.UserController
Action : Get
Action Parameters : {"messageFormat":"JSON","messageArguments":[{}]}

2017-03-14 15:30:53.1732|INFO|SecurityAppApi.Helpers.NLogger|JSON
Method: GET
URL: http://localhost/SecurityAppApi/Api/User
Token: 6434da9e-e8d4-4206-80a6-b7bdcd1dca65
Controller : SecurityAppApi.Controllers.UserController
Action : Get
Action Parameters : {"messageFormat":"JSON","messageArguments":[{}]}

2017-03-14 15:31:21.5604|INFO|SecurityAppApi.Helpers.NLogger|JSON
Method: GET
URL: http://localhost/SecurityAppApi/Api/User
Token: 6434da9e-e8d4-4206-80a6-b7bdcd1dca65
Controller : SecurityAppApi.Controllers.UserController
Action : Get
Action Parameters : {"messageFormat":"JSON","messageArguments":[{}]}

2017-03-14 15:31:21.5965|INFO|SecurityAppApi.Helpers.NLogger|JSON
Method: GET
URL: http://localhost/SecurityAppApi/Api/User
Token: 6434da9e-e8d4-4206-80a6-b7bdcd1dca65
Controller : SecurityAppApi.Controllers.UserController
Action : Get
Action Parameters : {"messageFormat":"JSON","messageArguments":[{}]}

2017-03-14 15:34:07.5981|INFO|SecurityAppApi.Helpers.NLogger|JSON
Method: GET
URL: http://localhost/SecurityAppApi/Api/User
Token: 6434da9e-e8d4-4206-80a6-b7bdcd1dca65
Controller : SecurityAppApi.Controllers.UserController
Action : Get
Action Parameters : {"messageFormat":"JSON","messageArguments":[{}]}

2017-03-14 15:34:07.6496|INFO|SecurityAppApi.Helpers.NLogger|JSON
Method: GET
URL: http://localhost/SecurityAppApi/Api/User
Token: 6434da9e-e8d4-4206-80a6-b7bdcd1dca65
Controller : SecurityAppApi.Controllers.UserController
Action : Get
Action Parameters : {"messageFormat":"JSON","messageArguments":[{}]}

2017-03-14 15:35:58.4686|INFO|SecurityAppApi.Helpers.NLogger|JSON
Method: GET
URL: http://localhost/SecurityAppApi/Api/User
Token: 6434da9e-e8d4-4206-80a6-b7bdcd1dca65
Controller : SecurityAppApi.Controllers.UserController
Action : Get
Action Parameters : {"messageFormat":"JSON","messageArguments":[{}]}

2017-03-14 15:35:58.5392|INFO|SecurityAppApi.Helpers.NLogger|JSON
Method: GET
URL: http://localhost/SecurityAppApi/Api/User
Token: 6434da9e-e8d4-4206-80a6-b7bdcd1dca65
Controller : SecurityAppApi.Controllers.UserController
Action : Get
Action Parameters : {"messageFormat":"JSON","messageArguments":[{}]}

2017-03-14 15:36:45.2836|INFO|SecurityAppApi.Helpers.NLogger|JSON
Method: GET
URL: http://localhost/SecurityAppApi/Api/User
Token: 6434da9e-e8d4-4206-80a6-b7bdcd1dca65
Controller : SecurityAppApi.Controllers.UserController
Action : Get
Action Parameters : {"messageFormat":"JSON","messageArguments":[{}]}

2017-03-14 15:36:45.3336|INFO|SecurityAppApi.Helpers.NLogger|JSON
Method: GET
URL: http://localhost/SecurityAppApi/Api/User
Token: 6434da9e-e8d4-4206-80a6-b7bdcd1dca65
Controller : SecurityAppApi.Controllers.UserController
Action : Get
Action Parameters : {"messageFormat":"JSON","messageArguments":[{}]}

2017-03-14 15:37:11.7544|INFO|SecurityAppApi.Helpers.NLogger|JSON
Method: GET
URL: http://localhost/SecurityAppApi/Api/User
Token: 6434da9e-e8d4-4206-80a6-b7bdcd1dca65
Controller : SecurityAppApi.Controllers.UserController
Action : Get
Action Parameters : {"messageFormat":"JSON","messageArguments":[{}]}

2017-03-14 15:37:11.8074|INFO|SecurityAppApi.Helpers.NLogger|JSON
Method: GET
URL: http://localhost/SecurityAppApi/Api/User
Token: 6434da9e-e8d4-4206-80a6-b7bdcd1dca65
Controller : SecurityAppApi.Controllers.UserController
Action : Get
Action Parameters : {"messageFormat":"JSON","messageArguments":[{}]}

2017-03-14 15:38:46.9975|INFO|SecurityAppApi.Helpers.NLogger|JSON
Method: GET
URL: http://localhost/SecurityAppApi/Api/User
Token: 6434da9e-e8d4-4206-80a6-b7bdcd1dca65
Controller : SecurityAppApi.Controllers.UserController
Action : Get
Action Parameters : {"messageFormat":"JSON","messageArguments":[{}]}

2017-03-14 15:38:47.0440|INFO|SecurityAppApi.Helpers.NLogger|JSON
Method: GET
URL: http://localhost/SecurityAppApi/Api/User
Token: 6434da9e-e8d4-4206-80a6-b7bdcd1dca65
Controller : SecurityAppApi.Controllers.UserController
Action : Get
Action Parameters : {"messageFormat":"JSON","messageArguments":[{}]}

2017-03-14 15:39:54.1961|INFO|SecurityAppApi.Helpers.NLogger|JSON
Method: GET
URL: http://localhost/SecurityAppApi/Api/User
Token: 6434da9e-e8d4-4206-80a6-b7bdcd1dca65
Controller : SecurityAppApi.Controllers.UserController
Action : Get
Action Parameters : {"messageFormat":"JSON","messageArguments":[{}]}

2017-03-14 16:26:07.0790|INFO|SecurityAppApi.Helpers.NLogger|JSON
Method: GET
URL: http://localhost/SecurityAppApi/Api/User
Token: 6434da9e-e8d4-4206-80a6-b7bdcd1dca65
Controller : SecurityAppApi.Controllers.UserController
Action : Get
Action Parameters : {"messageFormat":"JSON","messageArguments":[{}]}

2017-03-14 16:26:39.0696|INFO|SecurityAppApi.Helpers.NLogger|JSON
Method: GET
URL: http://localhost/SecurityAppApi/Api/User
Token: 6434da9e-e8d4-4206-80a6-b7bdcd1dca65
Controller : SecurityAppApi.Controllers.UserController
Action : Get
Action Parameters : {"messageFormat":"JSON","messageArguments":[{}]}

2017-03-14 16:26:39.1526|INFO|SecurityAppApi.Helpers.NLogger|JSON
Method: GET
URL: http://localhost/SecurityAppApi/Api/User
Token: 6434da9e-e8d4-4206-80a6-b7bdcd1dca65
Controller : SecurityAppApi.Controllers.UserController
Action : Get
Action Parameters : {"messageFormat":"JSON","messageArguments":[{}]}

2017-03-14 16:27:22.1706|INFO|SecurityAppApi.Helpers.NLogger|JSON
Method: GET
URL: http://localhost/SecurityAppApi/Api/User
Token: 6434da9e-e8d4-4206-80a6-b7bdcd1dca65
Controller : SecurityAppApi.Controllers.UserController
Action : Get
Action Parameters : {"messageFormat":"JSON","messageArguments":[{}]}

2017-03-14 16:27:47.5657|INFO|SecurityAppApi.Helpers.NLogger|JSON
Method: GET
URL: http://localhost/SecurityAppApi/Api/User
Token: 6434da9e-e8d4-4206-80a6-b7bdcd1dca65
Controller : SecurityAppApi.Controllers.UserController
Action : Get
Action Parameters : {"messageFormat":"JSON","messageArguments":[{}]}

2017-03-14 16:27:59.7578|INFO|SecurityAppApi.Helpers.NLogger|JSON
Method: GET
URL: http://localhost/SecurityAppApi/Api/User
Token: 6434da9e-e8d4-4206-80a6-b7bdcd1dca65
Controller : SecurityAppApi.Controllers.UserController
Action : Get
Action Parameters : {"messageFormat":"JSON","messageArguments":[{}]}

2017-03-14 16:31:21.5416|INFO|SecurityAppApi.Helpers.NLogger|JSON
Method: GET
URL: http://localhost/SecurityAppApi/Api/User
Token: 6434da9e-e8d4-4206-80a6-b7bdcd1dca65
Controller : SecurityAppApi.Controllers.UserController
Action : Get
Action Parameters : {"messageFormat":"JSON","messageArguments":[{}]}

2017-03-14 16:31:49.5420|INFO|SecurityAppApi.Helpers.NLogger|JSON
Method: GET
URL: http://localhost/SecurityAppApi/Api/User
Token: 6434da9e-e8d4-4206-80a6-b7bdcd1dca65
Controller : SecurityAppApi.Controllers.UserController
Action : Get
Action Parameters : {"messageFormat":"JSON","messageArguments":[{}]}

2017-03-14 16:32:13.4267|INFO|SecurityAppApi.Helpers.NLogger|JSON
Method: GET
URL: http://localhost/SecurityAppApi/Api/User
Token: 6434da9e-e8d4-4206-80a6-b7bdcd1dca65
Controller : SecurityAppApi.Controllers.UserController
Action : Get
Action Parameters : {"messageFormat":"JSON","messageArguments":[{}]}

2017-03-14 16:36:17.1018|INFO|SecurityAppApi.Helpers.NLogger|JSON
Method: GET
URL: http://localhost/SecurityAppApi/api/Application
Token: 6434da9e-e8d4-4206-80a6-b7bdcd1dca65
Controller : SecurityAppApi.Controllers.ApplicationController
Action : Get
Action Parameters : {"messageFormat":"JSON","messageArguments":[{}]}

2017-03-14 16:36:31.6632|INFO|SecurityAppApi.Helpers.NLogger|JSON
Method: GET
URL: http://localhost/SecurityAppApi/Api/User
Token: 6434da9e-e8d4-4206-80a6-b7bdcd1dca65
Controller : SecurityAppApi.Controllers.UserController
Action : Get
Action Parameters : {"messageFormat":"JSON","messageArguments":[{}]}

2017-03-14 16:36:46.6011|INFO|SecurityAppApi.Helpers.NLogger|JSON
Method: GET
URL: http://localhost/SecurityAppApi/Api/User/42
Token: 6434da9e-e8d4-4206-80a6-b7bdcd1dca65
Controller : SecurityAppApi.Controllers.UserController
Action : Get
Action Parameters : {"messageFormat":"JSON","messageArguments":[{"id":42}]}

2017-03-14 16:36:52.7535|INFO|SecurityAppApi.Helpers.NLogger|JSON
Method: PUT
URL: http://localhost/SecurityAppApi/Api/User/
Token: 6434da9e-e8d4-4206-80a6-b7bdcd1dca65
Controller : SecurityAppApi.Controllers.UserController
Action : Put
Action Parameters : {"messageFormat":"JSON","messageArguments":[{"userEntity":{"IdUser":42,"Name":"Roberto22","LastName":"Redondo","Address":"San Jose","Email":"rrr@rrr.com","Phone":"7555555","Status":true,"UserName":"rrrrr","Password":"123456798","CreateDateTime":"\/Date(-62135575200000)\/","Roles":[]}}]}

2017-03-14 16:36:58.4856|INFO|SecurityAppApi.Helpers.NLogger|JSON
Method: GET
URL: http://localhost/SecurityAppApi/Api/User
Token: 6434da9e-e8d4-4206-80a6-b7bdcd1dca65
Controller : SecurityAppApi.Controllers.UserController
Action : Get
Action Parameters : {"messageFormat":"JSON","messageArguments":[{}]}

2017-03-14 17:25:44.7544|INFO|SecurityAppApi.Helpers.NLogger|JSON
Method: GET
URL: http://localhost/SecurityAppApi/Api/User
Token: 6434da9e-e8d4-4206-80a6-b7bdcd1dca65
Controller : SecurityAppApi.Controllers.UserController
Action : Get
Action Parameters : {"messageFormat":"JSON","messageArguments":[{}]}

2017-03-14 17:26:53.0369|INFO|SecurityAppApi.Helpers.NLogger|JSON
Method: GET
URL: http://localhost/SecurityAppApi/Api/User/13
Token: 6434da9e-e8d4-4206-80a6-b7bdcd1dca65
Controller : SecurityAppApi.Controllers.UserController
Action : Get
Action Parameters : {"messageFormat":"JSON","messageArguments":[{"id":13}]}

2017-03-14 17:27:14.2720|INFO|SecurityAppApi.Helpers.NLogger|JSON
Method: GET
URL: http://localhost/SecurityAppApi/Api/User
Token: 6434da9e-e8d4-4206-80a6-b7bdcd1dca65
Controller : SecurityAppApi.Controllers.UserController
Action : Get
Action Parameters : {"messageFormat":"JSON","messageArguments":[{}]}

2017-03-14 17:31:23.0433|INFO|SecurityAppApi.Helpers.NLogger|JSON
Method: GET
URL: http://localhost/SecurityAppApi/Api/User
Token: 6434da9e-e8d4-4206-80a6-b7bdcd1dca65
Controller : SecurityAppApi.Controllers.UserController
Action : Get
Action Parameters : {"messageFormat":"JSON","messageArguments":[{}]}

2017-03-14 17:34:00.7971|INFO|SecurityAppApi.Helpers.NLogger|JSON
Method: GET
URL: http://localhost/SecurityAppApi/Api/User
Token: 6434da9e-e8d4-4206-80a6-b7bdcd1dca65
Controller : SecurityAppApi.Controllers.UserController
Action : Get
Action Parameters : {"messageFormat":"JSON","messageArguments":[{}]}

2017-03-14 17:34:22.6696|INFO|SecurityAppApi.Helpers.NLogger|JSON
Method: GET
URL: http://localhost/SecurityAppApi/Api/User
Token: 6434da9e-e8d4-4206-80a6-b7bdcd1dca65
Controller : SecurityAppApi.Controllers.UserController
Action : Get
Action Parameters : {"messageFormat":"JSON","messageArguments":[{}]}

2017-03-14 17:36:36.3968|INFO|SecurityAppApi.Helpers.NLogger|JSON
Method: GET
URL: http://localhost/SecurityAppApi/Api/User
Token: 6434da9e-e8d4-4206-80a6-b7bdcd1dca65
Controller : SecurityAppApi.Controllers.UserController
Action : Get
Action Parameters : {"messageFormat":"JSON","messageArguments":[{}]}

