2017-03-03 09:52:49.1470|INFO|SecurityAppApi.Helpers.NLogger|JSON
Method: GET
URL: http://localhost/SecurityAppApi/Api/User
Token: 6434da9e-e8d4-4206-80a6-b7bdcd1dca65
Controller : SecurityAppApi.Controllers.UserController
Action : Get
Action Parameters : {"messageFormat":"JSON","messageArguments":[{}]}

2017-03-03 13:13:20.8683|INFO|SecurityAppApi.Helpers.NLogger|JSON
Method: GET
URL: http://localhost/SecurityAppApi/Api/User
Token: 6434da9e-e8d4-4206-80a6-b7bdcd1dca65
Controller : SecurityAppApi.Controllers.UserController
Action : Get
Action Parameters : {"messageFormat":"JSON","messageArguments":[{}]}

2017-03-03 13:13:56.8821|INFO|SecurityAppApi.Helpers.NLogger|JSON
Method: GET
URL: http://localhost/SecurityAppApi/Api/User
Token: 6434da9e-e8d4-4206-80a6-b7bdcd1dca65
Controller : SecurityAppApi.Controllers.UserController
Action : Get
Action Parameters : {"messageFormat":"JSON","messageArguments":[{}]}

2017-03-03 13:14:19.8718|INFO|SecurityAppApi.Helpers.NLogger|JSON
Method: GET
URL: http://localhost/SecurityAppApi/Api/User
Token: 6434da9e-e8d4-4206-80a6-b7bdcd1dca65
Controller : SecurityAppApi.Controllers.UserController
Action : Get
Action Parameters : {"messageFormat":"JSON","messageArguments":[{}]}

2017-03-03 15:41:04.7514|INFO|SecurityAppApi.Helpers.NLogger|JSON
Method: GET
URL: http://localhost/SecurityAppApi/api/User
Controller : SecurityAppApi.Controllers.UserController
Action : Get
Action Parameters : {"messageFormat":"JSON","messageArguments":[{}]}

2017-03-03 15:44:34.1476|INFO|SecurityAppApi.Helpers.NLogger|JSON
Method: GET
URL: http://localhost/SecurityAppApi/Api/User
Token: 6434da9e-e8d4-4206-80a6-b7bdcd1dca65
Controller : SecurityAppApi.Controllers.UserController
Action : Get
Action Parameters : {"messageFormat":"JSON","messageArguments":[{}]}

2017-03-03 15:47:18.5431|INFO|SecurityAppApi.Helpers.NLogger|JSON
Method: GET
URL: http://localhost/SecurityAppApi/Api/User
Controller : SecurityAppApi.Controllers.UserController
Action : Get
Action Parameters : {"messageFormat":"JSON","messageArguments":[{}]}

2017-03-03 15:53:08.6026|INFO|SecurityAppApi.Helpers.NLogger|JSON
Method: GET
URL: http://localhost/SecurityAppApi/Api/User?callback=JSON_CALLBAC
Controller : SecurityAppApi.Controllers.UserController
Action : Get
Action Parameters : {"messageFormat":"JSON","messageArguments":[{}]}

2017-03-03 15:54:04.9606|INFO|SecurityAppApi.Helpers.NLogger|JSON
Method: GET
URL: http://localhost/SecurityAppApi/Api/User?callback=JSON_CALLBACK
Controller : SecurityAppApi.Controllers.UserController
Action : Get
Action Parameters : {"messageFormat":"JSON","messageArguments":[{}]}

2017-03-03 15:55:36.5116|INFO|SecurityAppApi.Helpers.NLogger|JSON
Method: GET
URL: http://localhost/SecurityAppApi/Api/User?callback=angular.callbacks._0
Controller : SecurityAppApi.Controllers.UserController
Action : Get
Action Parameters : {"messageFormat":"JSON","messageArguments":[{}]}

2017-03-03 15:56:32.5992|INFO|SecurityAppApi.Helpers.NLogger|JSON
Method: GET
URL: http://localhost/SecurityAppApi/Api/User?callback=angular.callbacks._0
Controller : SecurityAppApi.Controllers.UserController
Action : Get
Action Parameters : {"messageFormat":"JSON","messageArguments":[{}]}

2017-03-03 15:58:24.7832|INFO|SecurityAppApi.Helpers.NLogger|JSON
Method: GET
URL: http://localhost/SecurityAppApi/Api/User?callback=angular.callbacks._0
Controller : SecurityAppApi.Controllers.UserController
Action : Get
Action Parameters : {"messageFormat":"JSON","messageArguments":[{}]}

2017-03-03 16:00:03.5016|INFO|SecurityAppApi.Helpers.NLogger|JSON
Method: GET
URL: http://localhost/SecurityAppApi/Api/User?callback=angular.callbacks._0
Controller : SecurityAppApi.Controllers.UserController
Action : Get
Action Parameters : {"messageFormat":"JSON","messageArguments":[{}]}

2017-03-03 16:00:03.5396|INFO|SecurityAppApi.Helpers.NLogger|JSON
Method: GET
URL: http://localhost/SecurityAppApi/Api/User?callback=angular.callbacks._0
Controller : SecurityAppApi.Controllers.UserController
Action : Get
Action Parameters : {"messageFormat":"JSON","messageArguments":[{}]}

2017-03-03 16:01:02.9687|INFO|SecurityAppApi.Helpers.NLogger|JSON
Method: GET
URL: http://localhost/SecurityAppApi/Api/User?callback=angular.callbacks._0
Controller : SecurityAppApi.Controllers.UserController
Action : Get
Action Parameters : {"messageFormat":"JSON","messageArguments":[{}]}

2017-03-03 16:01:58.9976|INFO|SecurityAppApi.Helpers.NLogger|JSON
Method: GET
URL: http://localhost/SecurityAppApi/Api/User?callback=angular.callbacks._0
Controller : SecurityAppApi.Controllers.UserController
Action : Get
Action Parameters : {"messageFormat":"JSON","messageArguments":[{}]}

2017-03-03 16:02:29.9284|INFO|SecurityAppApi.Helpers.NLogger|JSON
Method: GET
URL: http://localhost/SecurityAppApi/Api/User?callback=angular.callbacks._0
Controller : SecurityAppApi.Controllers.UserController
Action : Get
Action Parameters : {"messageFormat":"JSON","messageArguments":[{}]}

2017-03-03 16:04:16.6386|INFO|SecurityAppApi.Helpers.NLogger|JSON
Method: GET
URL: http://localhost/SecurityAppApi/Api/User?callback=angular.callbacks._0
Controller : SecurityAppApi.Controllers.UserController
Action : Get
Action Parameters : {"messageFormat":"JSON","messageArguments":[{}]}

2017-03-03 16:04:28.0168|INFO|SecurityAppApi.Helpers.NLogger|JSON
Method: GET
URL: http://localhost/SecurityAppApi/Api/User?callback=angular.callbacks._0
Controller : SecurityAppApi.Controllers.UserController
Action : Get
Action Parameters : {"messageFormat":"JSON","messageArguments":[{}]}

2017-03-03 16:04:43.3244|INFO|SecurityAppApi.Helpers.NLogger|JSON
Method: GET
URL: http://localhost/SecurityAppApi/Api/User?callback=angular.callbacks._0
Controller : SecurityAppApi.Controllers.UserController
Action : Get
Action Parameters : {"messageFormat":"JSON","messageArguments":[{}]}

2017-03-03 16:04:56.1373|INFO|SecurityAppApi.Helpers.NLogger|JSON
Method: GET
URL: http://localhost/SecurityAppApi/Api/User?callback=angular.callbacks._0
Controller : SecurityAppApi.Controllers.UserController
Action : Get
Action Parameters : {"messageFormat":"JSON","messageArguments":[{}]}

2017-03-03 16:10:03.3275|INFO|SecurityAppApi.Helpers.NLogger|JSON
Method: GET
URL: http://localhost/SecurityAppApi/Api/User?callback=angular.callbacks._0
Controller : SecurityAppApi.Controllers.UserController
Action : Get
Action Parameters : {"messageFormat":"JSON","messageArguments":[{}]}

2017-03-03 16:13:23.1221|INFO|SecurityAppApi.Helpers.NLogger|JSON
Method: GET
URL: http://localhost/SecurityAppApi/Api/User?callback=angular.callbacks._0
Controller : SecurityAppApi.Controllers.UserController
Action : Get
Action Parameters : {"messageFormat":"JSON","messageArguments":[{}]}

2017-03-03 16:13:44.9744|INFO|SecurityAppApi.Helpers.NLogger|JSON
Method: GET
URL: http://localhost/SecurityAppApi/Api/User?callback=angular.callbacks._0
Controller : SecurityAppApi.Controllers.UserController
Action : Get
Action Parameters : {"messageFormat":"JSON","messageArguments":[{}]}

2017-03-03 16:14:21.2992|INFO|SecurityAppApi.Helpers.NLogger|JSON
Method: GET
URL: http://localhost/SecurityAppApi/Api/User?callback=angular.callbacks._0
Controller : SecurityAppApi.Controllers.UserController
Action : Get
Action Parameters : {"messageFormat":"JSON","messageArguments":[{}]}

2017-03-03 16:14:24.0964|INFO|SecurityAppApi.Helpers.NLogger|JSON
Method: GET
URL: http://localhost/SecurityAppApi/Api/User?callback=angular.callbacks._0
Controller : SecurityAppApi.Controllers.UserController
Action : Get
Action Parameters : {"messageFormat":"JSON","messageArguments":[{}]}

2017-03-03 16:14:46.5027|INFO|SecurityAppApi.Helpers.NLogger|JSON
Method: GET
URL: http://localhost/SecurityAppApi/Api/User?callback=angular.callbacks._0
Controller : SecurityAppApi.Controllers.UserController
Action : Get
Action Parameters : {"messageFormat":"JSON","messageArguments":[{}]}

2017-03-03 16:15:39.8457|INFO|SecurityAppApi.Helpers.NLogger|JSON
Method: GET
URL: http://localhost/SecurityAppApi/Api/User?callback=angular.callbacks._0
Controller : SecurityAppApi.Controllers.UserController
Action : Get
Action Parameters : {"messageFormat":"JSON","messageArguments":[{}]}

2017-03-03 16:26:31.1340|INFO|SecurityAppApi.Helpers.NLogger|JSON
Method: GET
URL: http://localhost/SecurityAppApi/Api/User
Controller : SecurityAppApi.Controllers.UserController
Action : Get
Action Parameters : {"messageFormat":"JSON","messageArguments":[{}]}

2017-03-03 16:26:31.3232|ERROR|SecurityAppApi.Helpers.NLogger|Method: GET
URL: http://localhost/SecurityAppApi/Api/User
Controller : SecurityAppApi.Controllers.UserController
Action : Get
Action Parameters : 

2017-03-03 16:26:31.3232|ERROR|SecurityAppApi.Helpers.NLogger|Method: GET
URL: http://localhost/SecurityAppApi/Api/User
Error Message : The operation was canceled.
Error Inner Exception : 
Action Parameters : 

2017-03-03 16:28:14.2185|INFO|SecurityAppApi.Helpers.NLogger|JSON
Method: GET
URL: http://localhost/SecurityAppApi/Api/User
Controller : SecurityAppApi.Controllers.UserController
Action : Get
Action Parameters : {"messageFormat":"JSON","messageArguments":[{}]}

2017-03-03 16:28:57.7095|INFO|SecurityAppApi.Helpers.NLogger|JSON
Method: GET
URL: http://localhost/SecurityAppApi/Api/User
Controller : SecurityAppApi.Controllers.UserController
Action : Get
Action Parameters : {"messageFormat":"JSON","messageArguments":[{}]}

2017-03-03 16:30:40.8317|INFO|SecurityAppApi.Helpers.NLogger|JSON
Method: GET
URL: http://localhost/SecurityAppApi/Api/User
Controller : SecurityAppApi.Controllers.UserController
Action : Get
Action Parameters : {"messageFormat":"JSON","messageArguments":[{}]}

2017-03-03 16:36:45.5877|INFO|SecurityAppApi.Helpers.NLogger|JSON
Method: GET
URL: http://localhost/SecurityAppApi/Api/User?callback=angular.callbacks._0
Controller : SecurityAppApi.Controllers.UserController
Action : Get
Action Parameters : {"messageFormat":"JSON","messageArguments":[{}]}

2017-03-03 16:37:41.5175|INFO|SecurityAppApi.Helpers.NLogger|JSON
Method: GET
URL: http://localhost/SecurityAppApi/Api/User?callback=angular.callbacks._0
Controller : SecurityAppApi.Controllers.UserController
Action : Get
Action Parameters : {"messageFormat":"JSON","messageArguments":[{}]}

2017-03-03 16:39:27.7611|INFO|SecurityAppApi.Helpers.NLogger|JSON
Method: GET
URL: http://localhost/SecurityAppApi/api/User?callback=JSON_CALLBACK
Controller : SecurityAppApi.Controllers.UserController
Action : Get
Action Parameters : {"messageFormat":"JSON","messageArguments":[{}]}

2017-03-03 16:41:33.2842|INFO|SecurityAppApi.Helpers.NLogger|JSON
Method: GET
URL: http://localhost/SecurityAppApi/Api/User?callback=angular.callbacks._0
Controller : SecurityAppApi.Controllers.UserController
Action : Get
Action Parameters : {"messageFormat":"JSON","messageArguments":[{}]}

2017-03-03 16:41:54.5816|INFO|SecurityAppApi.Helpers.NLogger|JSON
Method: GET
URL: http://localhost/SecurityAppApi/Api/User?callback=angular.callbacks._0
Controller : SecurityAppApi.Controllers.UserController
Action : Get
Action Parameters : {"messageFormat":"JSON","messageArguments":[{}]}

2017-03-03 16:44:41.6349|INFO|SecurityAppApi.Helpers.NLogger|JSON
Method: GET
URL: http://localhost/SecurityAppApi/Api/User?callback=JSON_CALLBACK
Controller : SecurityAppApi.Controllers.UserController
Action : Get
Action Parameters : {"messageFormat":"JSON","messageArguments":[{}]}

2017-03-03 16:45:11.3715|INFO|SecurityAppApi.Helpers.NLogger|JSON
Method: GET
URL: http://localhost/SecurityAppApi/Api/User?callback=JSON_CALLBACK
Controller : SecurityAppApi.Controllers.UserController
Action : Get
Action Parameters : {"messageFormat":"JSON","messageArguments":[{}]}

2017-03-03 16:47:01.4897|INFO|SecurityAppApi.Helpers.NLogger|JSON
Method: GET
URL: http://localhost/SecurityAppApi/Api/User?callback=JSON_CALLBACK
Controller : SecurityAppApi.Controllers.UserController
Action : Get
Action Parameters : {"messageFormat":"JSON","messageArguments":[{}]}

2017-03-03 16:47:13.3880|INFO|SecurityAppApi.Helpers.NLogger|JSON
Method: GET
URL: http://localhost/SecurityAppApi/Api/User?callback=JSON_CALLBACK
Controller : SecurityAppApi.Controllers.UserController
Action : Get
Action Parameters : {"messageFormat":"JSON","messageArguments":[{}]}

2017-03-03 16:47:15.4256|INFO|SecurityAppApi.Helpers.NLogger|JSON
Method: GET
URL: http://localhost/SecurityAppApi/Api/User?callback=JSON_CALLBACK
Controller : SecurityAppApi.Controllers.UserController
Action : Get
Action Parameters : {"messageFormat":"JSON","messageArguments":[{}]}

2017-03-03 16:48:50.6490|INFO|SecurityAppApi.Helpers.NLogger|JSON
Method: GET
URL: http://localhost/SecurityAppApi/Api/User?callback=angular.callbacks._0
Controller : SecurityAppApi.Controllers.UserController
Action : Get
Action Parameters : {"messageFormat":"JSON","messageArguments":[{}]}

2017-03-03 16:49:23.4927|INFO|SecurityAppApi.Helpers.NLogger|JSON
Method: GET
URL: http://localhost/SecurityAppApi/Api/User?callback=angular.callbacks._0
Controller : SecurityAppApi.Controllers.UserController
Action : Get
Action Parameters : {"messageFormat":"JSON","messageArguments":[{}]}

2017-03-03 16:51:00.8128|INFO|SecurityAppApi.Helpers.NLogger|JSON
Method: GET
URL: http://localhost/SecurityAppApi/Api/User?callback=angular.callbacks._0
Controller : SecurityAppApi.Controllers.UserController
Action : Get
Action Parameters : {"messageFormat":"JSON","messageArguments":[{}]}

2017-03-03 16:51:56.2174|INFO|SecurityAppApi.Helpers.NLogger|JSON
Method: GET
URL: http://localhost/SecurityAppApi/Api/User?callback=angular.callbacks._0
Controller : SecurityAppApi.Controllers.UserController
Action : Get
Action Parameters : {"messageFormat":"JSON","messageArguments":[{}]}

2017-03-03 16:51:56.3010|ERROR|SecurityAppApi.Helpers.NLogger|Method: GET
URL: http://localhost/SecurityAppApi/Api/User?callback=angular.callbacks._0
Controller : SecurityAppApi.Controllers.UserController
Action : Get
Action Parameters : 

2017-03-03 16:51:56.3180|ERROR|SecurityAppApi.Helpers.NLogger|Method: GET
URL: http://localhost/SecurityAppApi/Api/User?callback=angular.callbacks._0
Error Message : The operation was canceled.
Error Inner Exception : 
Action Parameters : 

2017-03-03 16:51:58.5867|INFO|SecurityAppApi.Helpers.NLogger|JSON
Method: GET
URL: http://localhost/SecurityAppApi/Api/User?callback=angular.callbacks._0
Controller : SecurityAppApi.Controllers.UserController
Action : Get
Action Parameters : {"messageFormat":"JSON","messageArguments":[{}]}

2017-03-03 16:52:22.5811|INFO|SecurityAppApi.Helpers.NLogger|JSON
Method: GET
URL: http://localhost/SecurityAppApi/Api/User?callback=angular.callbacks._0
Controller : SecurityAppApi.Controllers.UserController
Action : Get
Action Parameters : {"messageFormat":"JSON","messageArguments":[{}]}

2017-03-03 16:53:47.6171|INFO|SecurityAppApi.Helpers.NLogger|JSON
Method: GET
URL: http://localhost/SecurityAppApi/Api/User?callback=angular.callbacks._0
Controller : SecurityAppApi.Controllers.UserController
Action : Get
Action Parameters : {"messageFormat":"JSON","messageArguments":[{}]}

2017-03-03 16:53:54.6310|INFO|SecurityAppApi.Helpers.NLogger|JSON
Method: GET
URL: http://localhost/SecurityAppApi/Api/User
Controller : SecurityAppApi.Controllers.UserController
Action : Get
Action Parameters : {"messageFormat":"JSON","messageArguments":[{}]}

2017-03-03 16:58:11.4907|INFO|SecurityAppApi.Helpers.NLogger|JSON
Method: GET
URL: http://localhost/SecurityAppApi/Api/User
Controller : SecurityAppApi.Controllers.UserController
Action : Get
Action Parameters : {"messageFormat":"JSON","messageArguments":[{}]}

2017-03-03 16:58:55.2260|INFO|SecurityAppApi.Helpers.NLogger|JSON
Method: GET
URL: http://localhost/SecurityAppApi/Api/User
Controller : SecurityAppApi.Controllers.UserController
Action : Get
Action Parameters : {"messageFormat":"JSON","messageArguments":[{}]}

2017-03-03 17:05:49.3266|INFO|SecurityAppApi.Helpers.NLogger|JSON
Method: GET
URL: http://localhost/SecurityAppApi/Api/User
Controller : SecurityAppApi.Controllers.UserController
Action : Get
Action Parameters : {"messageFormat":"JSON","messageArguments":[{}]}

2017-03-03 17:05:49.3266|INFO|SecurityAppApi.Helpers.NLogger|JSON
Method: GET
URL: http://localhost/SecurityAppApi/Api/User
Controller : SecurityAppApi.Controllers.UserController
Action : Get
Action Parameters : {"messageFormat":"JSON","messageArguments":[{}]}

2017-03-03 17:05:49.3726|ERROR|SecurityAppApi.Helpers.NLogger|Method: GET
URL: http://localhost/SecurityAppApi/Api/User
Controller : SecurityAppApi.Controllers.UserController
Action : Get
Action Parameters : 

2017-03-03 17:05:49.3806|ERROR|SecurityAppApi.Helpers.NLogger|Method: GET
URL: http://localhost/SecurityAppApi/Api/User
Error Message : The operation was canceled.
Error Inner Exception : 
Action Parameters : 

2017-03-03 17:08:03.1308|INFO|SecurityAppApi.Helpers.NLogger|JSON
Method: GET
URL: http://localhost/SecurityAppApi/Api/User
Controller : SecurityAppApi.Controllers.UserController
Action : Get
Action Parameters : {"messageFormat":"JSON","messageArguments":[{}]}

2017-03-03 17:08:03.1654|ERROR|SecurityAppApi.Helpers.NLogger|Method: GET
URL: http://localhost/SecurityAppApi/Api/User
Controller : SecurityAppApi.Controllers.UserController
Action : Get
Action Parameters : 

2017-03-03 17:08:03.1654|ERROR|SecurityAppApi.Helpers.NLogger|Method: GET
URL: http://localhost/SecurityAppApi/Api/User
Error Message : The operation was canceled.
Error Inner Exception : 
Action Parameters : 

2017-03-03 17:08:05.1658|INFO|SecurityAppApi.Helpers.NLogger|JSON
Method: GET
URL: http://localhost/SecurityAppApi/Api/User
Controller : SecurityAppApi.Controllers.UserController
Action : Get
Action Parameters : {"messageFormat":"JSON","messageArguments":[{}]}

2017-03-03 17:14:00.0458|INFO|SecurityAppApi.Helpers.NLogger|JSON
Method: GET
URL: http://localhost/SecurityAppApi/Api/User
Controller : SecurityAppApi.Controllers.UserController
Action : Get
Action Parameters : {"messageFormat":"JSON","messageArguments":[{}]}

2017-03-03 17:14:00.0458|INFO|SecurityAppApi.Helpers.NLogger|JSON
Method: GET
URL: http://localhost/SecurityAppApi/Api/User
Controller : SecurityAppApi.Controllers.UserController
Action : Get
Action Parameters : {"messageFormat":"JSON","messageArguments":[{}]}

2017-03-03 17:14:00.1113|ERROR|SecurityAppApi.Helpers.NLogger|Method: GET
URL: http://localhost/SecurityAppApi/Api/User
Controller : SecurityAppApi.Controllers.UserController
Action : Get
Action Parameters : 

2017-03-03 17:14:00.1113|ERROR|SecurityAppApi.Helpers.NLogger|Method: GET
URL: http://localhost/SecurityAppApi/Api/User
Error Message : The operation was canceled.
Error Inner Exception : 
Action Parameters : 

2017-03-03 17:14:26.1160|INFO|SecurityAppApi.Helpers.NLogger|JSON
Method: GET
URL: http://localhost/SecurityAppApi/Api/User
Controller : SecurityAppApi.Controllers.UserController
Action : Get
Action Parameters : {"messageFormat":"JSON","messageArguments":[{}]}

2017-03-03 17:15:08.1612|INFO|SecurityAppApi.Helpers.NLogger|JSON
Method: GET
URL: http://localhost/SecurityAppApi/Api/User
Controller : SecurityAppApi.Controllers.UserController
Action : Get
Action Parameters : {"messageFormat":"JSON","messageArguments":[{}]}

2017-03-03 17:15:21.0453|INFO|SecurityAppApi.Helpers.NLogger|JSON
Method: GET
URL: http://localhost/SecurityAppApi/Api/User
Controller : SecurityAppApi.Controllers.UserController
Action : Get
Action Parameters : {"messageFormat":"JSON","messageArguments":[{}]}

2017-03-03 17:16:35.3904|INFO|SecurityAppApi.Helpers.NLogger|JSON
Method: GET
URL: http://localhost/SecurityAppApi/Api/User
Controller : SecurityAppApi.Controllers.UserController
Action : Get
Action Parameters : {"messageFormat":"JSON","messageArguments":[{}]}

2017-03-03 17:16:41.8622|INFO|SecurityAppApi.Helpers.NLogger|JSON
Method: GET
URL: http://localhost/SecurityAppApi/Api/User
Controller : SecurityAppApi.Controllers.UserController
Action : Get
Action Parameters : {"messageFormat":"JSON","messageArguments":[{}]}

2017-03-03 17:17:02.6973|INFO|SecurityAppApi.Helpers.NLogger|JSON
Method: GET
URL: http://localhost/SecurityAppApi/Api/User/13
Controller : SecurityAppApi.Controllers.UserController
Action : Get
Action Parameters : {"messageFormat":"JSON","messageArguments":[{"id":13}]}

2017-03-03 17:17:16.1047|INFO|SecurityAppApi.Helpers.NLogger|JSON
Method: GET
URL: http://localhost/SecurityAppApi/Api/User
Controller : SecurityAppApi.Controllers.UserController
Action : Get
Action Parameters : {"messageFormat":"JSON","messageArguments":[{}]}

2017-03-03 17:17:17.4406|INFO|SecurityAppApi.Helpers.NLogger|JSON
Method: GET
URL: http://localhost/SecurityAppApi/Api/User/31
Controller : SecurityAppApi.Controllers.UserController
Action : Get
Action Parameters : {"messageFormat":"JSON","messageArguments":[{"id":31}]}

2017-03-03 17:17:18.8025|INFO|SecurityAppApi.Helpers.NLogger|JSON
Method: GET
URL: http://localhost/SecurityAppApi/Api/User
Controller : SecurityAppApi.Controllers.UserController
Action : Get
Action Parameters : {"messageFormat":"JSON","messageArguments":[{}]}

2017-03-03 17:17:19.4903|INFO|SecurityAppApi.Helpers.NLogger|JSON
Method: GET
URL: http://localhost/SecurityAppApi/Api/User/34
Controller : SecurityAppApi.Controllers.UserController
Action : Get
Action Parameters : {"messageFormat":"JSON","messageArguments":[{"id":34}]}

2017-03-03 17:17:20.6888|INFO|SecurityAppApi.Helpers.NLogger|JSON
Method: GET
URL: http://localhost/SecurityAppApi/Api/User
Controller : SecurityAppApi.Controllers.UserController
Action : Get
Action Parameters : {"messageFormat":"JSON","messageArguments":[{}]}

2017-03-03 17:17:21.4980|INFO|SecurityAppApi.Helpers.NLogger|JSON
Method: GET
URL: http://localhost/SecurityAppApi/Api/User/13
Controller : SecurityAppApi.Controllers.UserController
Action : Get
Action Parameters : {"messageFormat":"JSON","messageArguments":[{"id":13}]}

2017-03-03 17:17:22.6477|INFO|SecurityAppApi.Helpers.NLogger|JSON
Method: GET
URL: http://localhost/SecurityAppApi/Api/User
Controller : SecurityAppApi.Controllers.UserController
Action : Get
Action Parameters : {"messageFormat":"JSON","messageArguments":[{}]}

2017-03-03 17:17:23.5132|INFO|SecurityAppApi.Helpers.NLogger|JSON
Method: GET
URL: http://localhost/SecurityAppApi/Api/User/34
Controller : SecurityAppApi.Controllers.UserController
Action : Get
Action Parameters : {"messageFormat":"JSON","messageArguments":[{"id":34}]}

2017-03-03 17:17:26.1556|INFO|SecurityAppApi.Helpers.NLogger|JSON
Method: GET
URL: http://localhost/SecurityAppApi/Api/User
Controller : SecurityAppApi.Controllers.UserController
Action : Get
Action Parameters : {"messageFormat":"JSON","messageArguments":[{}]}

2017-03-03 17:18:42.7583|INFO|SecurityAppApi.Helpers.NLogger|JSON
Method: GET
URL: http://localhost/SecurityAppApi/Api/User
Controller : SecurityAppApi.Controllers.UserController
Action : Get
Action Parameters : {"messageFormat":"JSON","messageArguments":[{}]}

2017-03-03 17:18:42.8343|ERROR|SecurityAppApi.Helpers.NLogger|Method: GET
URL: http://localhost/SecurityAppApi/Api/User
Controller : SecurityAppApi.Controllers.UserController
Action : Get
Action Parameters : 

2017-03-03 17:18:42.8343|ERROR|SecurityAppApi.Helpers.NLogger|Method: GET
URL: http://localhost/SecurityAppApi/Api/User
Error Message : The operation was canceled.
Error Inner Exception : 
Action Parameters : 

2017-03-03 17:18:47.7482|INFO|SecurityAppApi.Helpers.NLogger|JSON
Method: GET
URL: http://localhost/SecurityAppApi/Api/User
Controller : SecurityAppApi.Controllers.UserController
Action : Get
Action Parameters : {"messageFormat":"JSON","messageArguments":[{}]}

2017-03-03 17:19:01.1937|INFO|SecurityAppApi.Helpers.NLogger|JSON
Method: GET
URL: http://localhost/SecurityAppApi/Api/User
Controller : SecurityAppApi.Controllers.UserController
Action : Get
Action Parameters : {"messageFormat":"JSON","messageArguments":[{}]}

2017-03-03 17:19:40.1686|INFO|SecurityAppApi.Helpers.NLogger|JSON
Method: GET
URL: http://localhost/SecurityAppApi/Api/User
Controller : SecurityAppApi.Controllers.UserController
Action : Get
Action Parameters : {"messageFormat":"JSON","messageArguments":[{}]}

2017-03-03 17:19:46.2658|INFO|SecurityAppApi.Helpers.NLogger|JSON
Method: GET
URL: http://localhost/SecurityAppApi/Api/User/13
Controller : SecurityAppApi.Controllers.UserController
Action : Get
Action Parameters : {"messageFormat":"JSON","messageArguments":[{"id":13}]}

2017-03-03 17:19:50.8740|INFO|SecurityAppApi.Helpers.NLogger|JSON
Method: GET
URL: http://localhost/SecurityAppApi/Api/User
Controller : SecurityAppApi.Controllers.UserController
Action : Get
Action Parameters : {"messageFormat":"JSON","messageArguments":[{}]}

2017-03-03 17:19:53.6132|INFO|SecurityAppApi.Helpers.NLogger|JSON
Method: GET
URL: http://localhost/SecurityAppApi/Api/User/31
Controller : SecurityAppApi.Controllers.UserController
Action : Get
Action Parameters : {"messageFormat":"JSON","messageArguments":[{"id":31}]}

2017-03-03 17:19:55.0621|INFO|SecurityAppApi.Helpers.NLogger|JSON
Method: GET
URL: http://localhost/SecurityAppApi/Api/User
Controller : SecurityAppApi.Controllers.UserController
Action : Get
Action Parameters : {"messageFormat":"JSON","messageArguments":[{}]}

2017-03-03 17:20:36.5442|INFO|SecurityAppApi.Helpers.NLogger|JSON
Method: GET
URL: http://localhost/SecurityAppApi/Api/User/13
Controller : SecurityAppApi.Controllers.UserController
Action : Get
Action Parameters : {"messageFormat":"JSON","messageArguments":[{"id":13}]}

2017-03-03 17:20:37.6889|INFO|SecurityAppApi.Helpers.NLogger|JSON
Method: GET
URL: http://localhost/SecurityAppApi/Api/User
Controller : SecurityAppApi.Controllers.UserController
Action : Get
Action Parameters : {"messageFormat":"JSON","messageArguments":[{}]}

2017-03-03 17:20:38.5883|INFO|SecurityAppApi.Helpers.NLogger|JSON
Method: GET
URL: http://localhost/SecurityAppApi/Api/User/31
Controller : SecurityAppApi.Controllers.UserController
Action : Get
Action Parameters : {"messageFormat":"JSON","messageArguments":[{"id":31}]}

2017-03-03 17:20:39.4042|INFO|SecurityAppApi.Helpers.NLogger|JSON
Method: GET
URL: http://localhost/SecurityAppApi/Api/User
Controller : SecurityAppApi.Controllers.UserController
Action : Get
Action Parameters : {"messageFormat":"JSON","messageArguments":[{}]}

2017-03-03 17:20:41.7296|INFO|SecurityAppApi.Helpers.NLogger|JSON
Method: GET
URL: http://localhost/SecurityAppApi/Api/User/31
Controller : SecurityAppApi.Controllers.UserController
Action : Get
Action Parameters : {"messageFormat":"JSON","messageArguments":[{"id":31}]}

2017-03-03 17:20:43.1553|INFO|SecurityAppApi.Helpers.NLogger|JSON
Method: GET
URL: http://localhost/SecurityAppApi/Api/User
Controller : SecurityAppApi.Controllers.UserController
Action : Get
Action Parameters : {"messageFormat":"JSON","messageArguments":[{}]}

2017-03-03 17:21:12.9146|INFO|SecurityAppApi.Helpers.NLogger|JSON
Method: GET
URL: http://localhost/SecurityAppApi/Api/User
Controller : SecurityAppApi.Controllers.UserController
Action : Get
Action Parameters : {"messageFormat":"JSON","messageArguments":[{}]}

2017-03-03 17:21:15.1826|INFO|SecurityAppApi.Helpers.NLogger|JSON
Method: GET
URL: http://localhost/SecurityAppApi/Api/User/13
Controller : SecurityAppApi.Controllers.UserController
Action : Get
Action Parameters : {"messageFormat":"JSON","messageArguments":[{"id":13}]}

2017-03-03 17:21:16.4434|INFO|SecurityAppApi.Helpers.NLogger|JSON
Method: GET
URL: http://localhost/SecurityAppApi/Api/User
Controller : SecurityAppApi.Controllers.UserController
Action : Get
Action Parameters : {"messageFormat":"JSON","messageArguments":[{}]}

2017-03-03 17:21:17.2420|INFO|SecurityAppApi.Helpers.NLogger|JSON
Method: GET
URL: http://localhost/SecurityAppApi/Api/User/31
Controller : SecurityAppApi.Controllers.UserController
Action : Get
Action Parameters : {"messageFormat":"JSON","messageArguments":[{"id":31}]}

2017-03-03 17:21:18.2582|INFO|SecurityAppApi.Helpers.NLogger|JSON
Method: GET
URL: http://localhost/SecurityAppApi/Api/User
Controller : SecurityAppApi.Controllers.UserController
Action : Get
Action Parameters : {"messageFormat":"JSON","messageArguments":[{}]}

2017-03-03 17:21:54.3778|INFO|SecurityAppApi.Helpers.NLogger|JSON
Method: GET
URL: http://localhost/SecurityAppApi/Api/User/34
Controller : SecurityAppApi.Controllers.UserController
Action : Get
Action Parameters : {"messageFormat":"JSON","messageArguments":[{"id":34}]}

2017-03-03 17:21:55.4884|INFO|SecurityAppApi.Helpers.NLogger|JSON
Method: GET
URL: http://localhost/SecurityAppApi/Api/User
Controller : SecurityAppApi.Controllers.UserController
Action : Get
Action Parameters : {"messageFormat":"JSON","messageArguments":[{}]}

2017-03-03 17:23:02.6211|INFO|SecurityAppApi.Helpers.NLogger|JSON
Method: GET
URL: http://localhost/SecurityAppApi/Api/User
Controller : SecurityAppApi.Controllers.UserController
Action : Get
Action Parameters : {"messageFormat":"JSON","messageArguments":[{}]}

2017-03-03 17:24:09.2614|INFO|SecurityAppApi.Helpers.NLogger|JSON
Method: GET
URL: http://localhost/SecurityAppApi/Api/User
Controller : SecurityAppApi.Controllers.UserController
Action : Get
Action Parameters : {"messageFormat":"JSON","messageArguments":[{}]}

2017-03-03 17:24:13.9997|INFO|SecurityAppApi.Helpers.NLogger|JSON
Method: GET
URL: http://localhost/SecurityAppApi/Api/User/13
Controller : SecurityAppApi.Controllers.UserController
Action : Get
Action Parameters : {"messageFormat":"JSON","messageArguments":[{"id":13}]}

2017-03-03 17:24:14.8362|INFO|SecurityAppApi.Helpers.NLogger|JSON
Method: GET
URL: http://localhost/SecurityAppApi/Api/User
Controller : SecurityAppApi.Controllers.UserController
Action : Get
Action Parameters : {"messageFormat":"JSON","messageArguments":[{}]}

2017-03-03 17:24:28.9145|INFO|SecurityAppApi.Helpers.NLogger|JSON
Method: GET
URL: http://localhost/SecurityAppApi/Api/User
Controller : SecurityAppApi.Controllers.UserController
Action : Get
Action Parameters : {"messageFormat":"JSON","messageArguments":[{}]}

2017-03-03 17:24:49.6096|INFO|SecurityAppApi.Helpers.NLogger|JSON
Method: GET
URL: http://localhost/SecurityAppApi/Api/User
Controller : SecurityAppApi.Controllers.UserController
Action : Get
Action Parameters : {"messageFormat":"JSON","messageArguments":[{}]}

2017-03-03 17:25:47.3701|INFO|SecurityAppApi.Helpers.NLogger|JSON
Method: GET
URL: http://localhost/SecurityAppApi/Api/User
Controller : SecurityAppApi.Controllers.UserController
Action : Get
Action Parameters : {"messageFormat":"JSON","messageArguments":[{}]}

2017-03-03 17:25:49.8733|INFO|SecurityAppApi.Helpers.NLogger|JSON
Method: GET
URL: http://localhost/SecurityAppApi/Api/User/13
Controller : SecurityAppApi.Controllers.UserController
Action : Get
Action Parameters : {"messageFormat":"JSON","messageArguments":[{"id":13}]}

2017-03-03 17:25:50.7728|INFO|SecurityAppApi.Helpers.NLogger|JSON
Method: GET
URL: http://localhost/SecurityAppApi/Api/User
Controller : SecurityAppApi.Controllers.UserController
Action : Get
Action Parameters : {"messageFormat":"JSON","messageArguments":[{}]}

2017-03-03 17:25:51.6370|INFO|SecurityAppApi.Helpers.NLogger|JSON
Method: GET
URL: http://localhost/SecurityAppApi/Api/User/31
Controller : SecurityAppApi.Controllers.UserController
Action : Get
Action Parameters : {"messageFormat":"JSON","messageArguments":[{"id":31}]}

2017-03-03 17:25:52.3825|INFO|SecurityAppApi.Helpers.NLogger|JSON
Method: GET
URL: http://localhost/SecurityAppApi/Api/User
Controller : SecurityAppApi.Controllers.UserController
Action : Get
Action Parameters : {"messageFormat":"JSON","messageArguments":[{}]}

2017-03-03 17:27:16.6791|INFO|SecurityAppApi.Helpers.NLogger|JSON
Method: GET
URL: http://localhost/SecurityAppApi/Api/User/13
Controller : SecurityAppApi.Controllers.UserController
Action : Get
Action Parameters : {"messageFormat":"JSON","messageArguments":[{"id":13}]}

2017-03-03 17:27:23.8092|INFO|SecurityAppApi.Helpers.NLogger|JSON
Method: GET
URL: http://localhost/SecurityAppApi/Api/User
Controller : SecurityAppApi.Controllers.UserController
Action : Get
Action Parameters : {"messageFormat":"JSON","messageArguments":[{}]}

2017-03-03 17:29:46.3469|INFO|SecurityAppApi.Helpers.NLogger|JSON
Method: GET
URL: http://localhost/SecurityAppApi/Api/User
Token: 6434da9e-e8d4-4206-80a6-b7bdcd1dca65
Controller : SecurityAppApi.Controllers.UserController
Action : Get
Action Parameters : {"messageFormat":"JSON","messageArguments":[{}]}

2017-03-03 17:29:56.2278|INFO|SecurityAppApi.Helpers.NLogger|JSON
Method: GET
URL: http://localhost/SecurityAppApi/Api/User
Controller : SecurityAppApi.Controllers.UserController
Action : Get
Action Parameters : {"messageFormat":"JSON","messageArguments":[{}]}

2017-03-03 17:30:17.9525|INFO|SecurityAppApi.Helpers.NLogger|JSON
Method: GET
URL: http://localhost/SecurityAppApi/Api/User
Controller : SecurityAppApi.Controllers.UserController
Action : Get
Action Parameters : {"messageFormat":"JSON","messageArguments":[{}]}

2017-03-03 17:31:08.8510|INFO|SecurityAppApi.Helpers.NLogger|JSON
Method: GET
URL: http://localhost/SecurityAppApi/Api/User
Controller : SecurityAppApi.Controllers.UserController
Action : Get
Action Parameters : {"messageFormat":"JSON","messageArguments":[{}]}

2017-03-03 17:33:20.3721|INFO|SecurityAppApi.Helpers.NLogger|JSON
Method: GET
URL: http://localhost/SecurityAppApi/Api/User
Controller : SecurityAppApi.Controllers.UserController
Action : Get
Action Parameters : {"messageFormat":"JSON","messageArguments":[{}]}

2017-03-03 17:34:14.1398|INFO|SecurityAppApi.Helpers.NLogger|JSON
Method: GET
URL: http://localhost/SecurityAppApi/Api/User
Controller : SecurityAppApi.Controllers.UserController
Action : Get
Action Parameters : {"messageFormat":"JSON","messageArguments":[{}]}

2017-03-03 18:53:54.8493|INFO|SecurityAppApi.Helpers.NLogger|JSON
Method: GET
URL: http://localhost/SecurityAppApi/Api/User
Controller : SecurityAppApi.Controllers.UserController
Action : Get
Action Parameters : {"messageFormat":"JSON","messageArguments":[{}]}

2017-03-03 18:54:09.3746|INFO|SecurityAppApi.Helpers.NLogger|JSON
Method: GET
URL: http://localhost/SecurityAppApi/Api/User
Controller : SecurityAppApi.Controllers.UserController
Action : Get
Action Parameters : {"messageFormat":"JSON","messageArguments":[{}]}

2017-03-03 18:55:40.6493|INFO|SecurityAppApi.Helpers.NLogger|JSON
Method: GET
URL: http://localhost/SecurityAppApi/Api/User
Controller : SecurityAppApi.Controllers.UserController
Action : Get
Action Parameters : {"messageFormat":"JSON","messageArguments":[{}]}

2017-03-03 18:56:05.3157|INFO|SecurityAppApi.Helpers.NLogger|JSON
Method: GET
URL: http://localhost/SecurityAppApi/Api/User
Controller : SecurityAppApi.Controllers.UserController
Action : Get
Action Parameters : {"messageFormat":"JSON","messageArguments":[{}]}

2017-03-03 18:56:40.5189|INFO|SecurityAppApi.Helpers.NLogger|JSON
Method: GET
URL: http://localhost/SecurityAppApi/Api/User
Controller : SecurityAppApi.Controllers.UserController
Action : Get
Action Parameters : {"messageFormat":"JSON","messageArguments":[{}]}

2017-03-03 18:57:06.0569|INFO|SecurityAppApi.Helpers.NLogger|JSON
Method: GET
URL: http://localhost/SecurityAppApi/Api/User
Controller : SecurityAppApi.Controllers.UserController
Action : Get
Action Parameters : {"messageFormat":"JSON","messageArguments":[{}]}

2017-03-03 18:58:57.7284|INFO|SecurityAppApi.Helpers.NLogger|JSON
Method: GET
URL: http://localhost/SecurityAppApi/Api/User
Controller : SecurityAppApi.Controllers.UserController
Action : Get
Action Parameters : {"messageFormat":"JSON","messageArguments":[{}]}

2017-03-03 19:04:37.1526|INFO|SecurityAppApi.Helpers.NLogger|JSON
Method: GET
URL: http://localhost/SecurityAppApi/Api/User
Controller : SecurityAppApi.Controllers.UserController
Action : Get
Action Parameters : {"messageFormat":"JSON","messageArguments":[{}]}

2017-03-03 19:05:46.0592|INFO|SecurityAppApi.Helpers.NLogger|JSON
Method: GET
URL: http://localhost/SecurityAppApi/Api/User
Token: 6434da9e-e8d4-4206-80a6-b7bdcd1dca65
Controller : SecurityAppApi.Controllers.UserController
Action : Get
Action Parameters : {"messageFormat":"JSON","messageArguments":[{}]}

2017-03-03 19:06:00.4324|INFO|SecurityAppApi.Helpers.NLogger|JSON
Method: GET
URL: http://localhost/SecurityAppApi/Api/User
Token: 6434da9e-e8d4-4206-80a6-b7bdcd1dca65
Controller : SecurityAppApi.Controllers.UserController
Action : Get
Action Parameters : {"messageFormat":"JSON","messageArguments":[{}]}

2017-03-03 19:06:33.3455|INFO|SecurityAppApi.Helpers.NLogger|JSON
Method: GET
URL: http://localhost/SecurityAppApi/Api/User
Token: 6434da9e-e8d4-4206-80a6-b7bdcd1dca65
Controller : SecurityAppApi.Controllers.UserController
Action : Get
Action Parameters : {"messageFormat":"JSON","messageArguments":[{}]}

2017-03-03 19:07:43.1341|INFO|SecurityAppApi.Helpers.NLogger|JSON
Method: GET
URL: http://localhost/SecurityAppApi/Api/User
Token: 6434da9e-e8d4-4206-80a6-b7bdcd1dca65
Controller : SecurityAppApi.Controllers.UserController
Action : Get
Action Parameters : {"messageFormat":"JSON","messageArguments":[{}]}

2017-03-03 19:07:55.1540|INFO|SecurityAppApi.Helpers.NLogger|JSON
Method: GET
URL: http://localhost/SecurityAppApi/Api/User
Controller : SecurityAppApi.Controllers.UserController
Action : Get
Action Parameters : {"messageFormat":"JSON","messageArguments":[{}]}

2017-03-03 19:08:36.6332|INFO|SecurityAppApi.Helpers.NLogger|JSON
Method: GET
URL: http://localhost/SecurityAppApi/Api/User
Controller : SecurityAppApi.Controllers.UserController
Action : Get
Action Parameters : {"messageFormat":"JSON","messageArguments":[{}]}

2017-03-03 19:08:52.1572|INFO|SecurityAppApi.Helpers.NLogger|JSON
Method: GET
URL: http://localhost/SecurityAppApi/Api/User
Controller : SecurityAppApi.Controllers.UserController
Action : Get
Action Parameters : {"messageFormat":"JSON","messageArguments":[{}]}

2017-03-03 19:11:17.9920|INFO|SecurityAppApi.Helpers.NLogger|JSON
Method: GET
URL: http://localhost/SecurityAppApi/Api/User
Controller : SecurityAppApi.Controllers.UserController
Action : Get
Action Parameters : {"messageFormat":"JSON","messageArguments":[{}]}

2017-03-03 19:11:58.2446|INFO|SecurityAppApi.Helpers.NLogger|JSON
Method: GET
URL: http://localhost/SecurityAppApi/Api/User
Controller : SecurityAppApi.Controllers.UserController
Action : Get
Action Parameters : {"messageFormat":"JSON","messageArguments":[{}]}

2017-03-03 19:12:51.9439|INFO|SecurityAppApi.Helpers.NLogger|JSON
Method: GET
URL: http://localhost/SecurityAppApi/Api/User
Controller : SecurityAppApi.Controllers.UserController
Action : Get
Action Parameters : {"messageFormat":"JSON","messageArguments":[{}]}

2017-03-03 19:15:46.6735|INFO|SecurityAppApi.Helpers.NLogger|JSON
Method: GET
URL: http://localhost/SecurityAppApi/Api/User
Controller : SecurityAppApi.Controllers.UserController
Action : Get
Action Parameters : {"messageFormat":"JSON","messageArguments":[{}]}

2017-03-03 19:15:58.0021|INFO|SecurityAppApi.Helpers.NLogger|JSON
Method: GET
URL: http://localhost/SecurityAppApi/Api/User
Controller : SecurityAppApi.Controllers.UserController
Action : Get
Action Parameters : {"messageFormat":"JSON","messageArguments":[{}]}

2017-03-03 19:17:58.7386|INFO|SecurityAppApi.Helpers.NLogger|JSON
Method: GET
URL: http://localhost/SecurityAppApi/Api/User
Controller : SecurityAppApi.Controllers.UserController
Action : Get
Action Parameters : {"messageFormat":"JSON","messageArguments":[{}]}

2017-03-03 19:21:15.2082|INFO|SecurityAppApi.Helpers.NLogger|JSON
Method: GET
URL: http://localhost/SecurityAppApi/Api/User
Controller : SecurityAppApi.Controllers.UserController
Action : Get
Action Parameters : {"messageFormat":"JSON","messageArguments":[{}]}

2017-03-03 19:21:43.5816|INFO|SecurityAppApi.Helpers.NLogger|JSON
Method: GET
URL: http://localhost/SecurityAppApi/Api/User
Controller : SecurityAppApi.Controllers.UserController
Action : Get
Action Parameters : {"messageFormat":"JSON","messageArguments":[{}]}

2017-03-03 19:26:40.3627|INFO|SecurityAppApi.Helpers.NLogger|JSON
Method: GET
URL: http://localhost/SecurityAppApi/Api/User
Controller : SecurityAppApi.Controllers.UserController
Action : Get
Action Parameters : {"messageFormat":"JSON","messageArguments":[{}]}

2017-03-03 20:31:03.7834|INFO|SecurityAppApi.Helpers.NLogger|JSON
Method: GET
URL: http://localhost/SecurityAppApi/Api/User
Controller : SecurityAppApi.Controllers.UserController
Action : Get
Action Parameters : {"messageFormat":"JSON","messageArguments":[{}]}

2017-03-03 20:38:03.0263|INFO|SecurityAppApi.Helpers.NLogger|JSON
Method: GET
URL: http://localhost/SecurityAppApi/Api/User
Token: 6434da9e-e8d4-4206-80a6-b7bdcd1dca65
Controller : SecurityAppApi.Controllers.UserController
Action : Get
Action Parameters : {"messageFormat":"JSON","messageArguments":[{}]}

2017-03-03 20:38:54.0504|INFO|SecurityAppApi.Helpers.NLogger|JSON
Method: GET
URL: http://localhost/SecurityAppApi/Api/User
Token: 6434da9e-e8d4-4206-80a6-b7bdcd1dca65
Controller : SecurityAppApi.Controllers.UserController
Action : Get
Action Parameters : {"messageFormat":"JSON","messageArguments":[{}]}

2017-03-03 20:39:50.9740|INFO|SecurityAppApi.Helpers.NLogger|JSON
Method: GET
URL: http://localhost/SecurityAppApi/Api/User/13
Token: 6434da9e-e8d4-4206-80a6-b7bdcd1dca65
Controller : SecurityAppApi.Controllers.UserController
Action : Get
Action Parameters : {"messageFormat":"JSON","messageArguments":[{"id":13}]}

2017-03-03 20:39:56.8910|INFO|SecurityAppApi.Helpers.NLogger|JSON
Method: GET
URL: http://localhost/SecurityAppApi/Api/User
Token: 6434da9e-e8d4-4206-80a6-b7bdcd1dca65
Controller : SecurityAppApi.Controllers.UserController
Action : Get
Action Parameters : {"messageFormat":"JSON","messageArguments":[{}]}

2017-03-03 20:39:58.1288|INFO|SecurityAppApi.Helpers.NLogger|JSON
Method: GET
URL: http://localhost/SecurityAppApi/Api/User/13
Token: 6434da9e-e8d4-4206-80a6-b7bdcd1dca65
Controller : SecurityAppApi.Controllers.UserController
Action : Get
Action Parameters : {"messageFormat":"JSON","messageArguments":[{"id":13}]}

2017-03-03 20:39:59.0594|INFO|SecurityAppApi.Helpers.NLogger|JSON
Method: GET
URL: http://localhost/SecurityAppApi/Api/User
Token: 6434da9e-e8d4-4206-80a6-b7bdcd1dca65
Controller : SecurityAppApi.Controllers.UserController
Action : Get
Action Parameters : {"messageFormat":"JSON","messageArguments":[{}]}

2017-03-03 20:40:01.2792|INFO|SecurityAppApi.Helpers.NLogger|JSON
Method: GET
URL: http://localhost/SecurityAppApi/Api/User
Token: 6434da9e-e8d4-4206-80a6-b7bdcd1dca65
Controller : SecurityAppApi.Controllers.UserController
Action : Get
Action Parameters : {"messageFormat":"JSON","messageArguments":[{}]}

2017-03-03 20:40:05.1307|INFO|SecurityAppApi.Helpers.NLogger|JSON
Method: GET
URL: http://localhost/SecurityAppApi/Api/User
Token: 6434da9e-e8d4-4206-80a6-b7bdcd1dca65
Controller : SecurityAppApi.Controllers.UserController
Action : Get
Action Parameters : {"messageFormat":"JSON","messageArguments":[{}]}

2017-03-03 20:40:12.8316|INFO|SecurityAppApi.Helpers.NLogger|JSON
Method: GET
URL: http://localhost/SecurityAppApi/Api/User
Token: 6434da9e-e8d4-4206-80a6-b7bdcd1dca65
Controller : SecurityAppApi.Controllers.UserController
Action : Get
Action Parameters : {"messageFormat":"JSON","messageArguments":[{}]}

2017-03-03 20:41:21.7921|INFO|SecurityAppApi.Helpers.NLogger|JSON
Method: GET
URL: http://localhost/SecurityAppApi/Api/User
Controller : SecurityAppApi.Controllers.UserController
Action : Get
Action Parameters : {"messageFormat":"JSON","messageArguments":[{}]}

2017-03-03 20:41:26.0625|INFO|SecurityAppApi.Helpers.NLogger|JSON
Method: GET
URL: http://localhost/SecurityAppApi/Api/User
Controller : SecurityAppApi.Controllers.UserController
Action : Get
Action Parameters : {"messageFormat":"JSON","messageArguments":[{}]}

2017-03-03 20:41:28.7918|INFO|SecurityAppApi.Helpers.NLogger|JSON
Method: GET
URL: http://localhost/SecurityAppApi/Api/User
Controller : SecurityAppApi.Controllers.UserController
Action : Get
Action Parameters : {"messageFormat":"JSON","messageArguments":[{}]}

2017-03-03 20:41:51.5550|INFO|SecurityAppApi.Helpers.NLogger|JSON
Method: GET
URL: http://localhost/SecurityAppApi/Api/User
Token: 6434da9e-e8d4-4206-80a6-b7bdcd1dca65
Controller : SecurityAppApi.Controllers.UserController
Action : Get
Action Parameters : {"messageFormat":"JSON","messageArguments":[{}]}

2017-03-03 20:42:04.6030|INFO|SecurityAppApi.Helpers.NLogger|JSON
Method: GET
URL: http://localhost/SecurityAppApi/Api/User/13
Token: 6434da9e-e8d4-4206-80a6-b7bdcd1dca65
Controller : SecurityAppApi.Controllers.UserController
Action : Get
Action Parameters : {"messageFormat":"JSON","messageArguments":[{"id":13}]}

2017-03-03 20:42:05.7932|INFO|SecurityAppApi.Helpers.NLogger|JSON
Method: GET
URL: http://localhost/SecurityAppApi/Api/User
Token: 6434da9e-e8d4-4206-80a6-b7bdcd1dca65
Controller : SecurityAppApi.Controllers.UserController
Action : Get
Action Parameters : {"messageFormat":"JSON","messageArguments":[{}]}

2017-03-03 20:42:06.4313|INFO|SecurityAppApi.Helpers.NLogger|JSON
Method: GET
URL: http://localhost/SecurityAppApi/Api/User/31
Token: 6434da9e-e8d4-4206-80a6-b7bdcd1dca65
Controller : SecurityAppApi.Controllers.UserController
Action : Get
Action Parameters : {"messageFormat":"JSON","messageArguments":[{"id":31}]}

2017-03-03 20:42:07.2328|INFO|SecurityAppApi.Helpers.NLogger|JSON
Method: GET
URL: http://localhost/SecurityAppApi/Api/User
Token: 6434da9e-e8d4-4206-80a6-b7bdcd1dca65
Controller : SecurityAppApi.Controllers.UserController
Action : Get
Action Parameters : {"messageFormat":"JSON","messageArguments":[{}]}

2017-03-03 20:44:39.6328|INFO|SecurityAppApi.Helpers.NLogger|JSON
Method: GET
URL: http://localhost/SecurityAppApi/Api/User
Controller : SecurityAppApi.Controllers.UserController
Action : Get
Action Parameters : {"messageFormat":"JSON","messageArguments":[{}]}

2017-03-03 20:45:02.6885|INFO|SecurityAppApi.Helpers.NLogger|JSON
Method: GET
URL: http://localhost/SecurityAppApi/Api/User
Token: 6434da9e-e8d4-4206-80a6-b7bdcd1dca65
Controller : SecurityAppApi.Controllers.UserController
Action : Get
Action Parameters : {"messageFormat":"JSON","messageArguments":[{}]}

