2017-04-06 11:10:55.0722|INFO|SecurityAppApi.Helpers.NLogger|JSON
Method: GET
URL: http://localhost/SecurityAppApi/Api/Application
Token: 6434da9e-e8d4-4206-80a6-b7bdcd1dca65
Controller : SecurityAppApi.Controllers.ApplicationController
Action : Get
Action Parameters : {"messageFormat":"JSON","messageArguments":[{}]}

2017-04-06 11:11:49.9407|INFO|SecurityAppApi.Helpers.NLogger|JSON
Method: GET
URL: http://localhost/SecurityAppApi/Api/Application
Token: 6434da9e-e8d4-4206-80a6-b7bdcd1dca65
Controller : SecurityAppApi.Controllers.ApplicationController
Action : Get
Action Parameters : {"messageFormat":"JSON","messageArguments":[{}]}

2017-04-06 11:12:13.0672|INFO|SecurityAppApi.Helpers.NLogger|JSON
Method: POST
URL: http://localhost/SecurityAppApi/Api/Application
Token: 6434da9e-e8d4-4206-80a6-b7bdcd1dca65
Controller : SecurityAppApi.Controllers.ApplicationController
Action : Post
Action Parameters : {"messageFormat":"JSON","messageArguments":[{"applicationEntity":{"IdApplication":0,"Description":"test2","CreateDateTime":"\/Date(1490076000000)\/","Status":true,"Roles":null}}]}

2017-04-06 11:13:05.8788|INFO|SecurityAppApi.Helpers.NLogger|JSON
Method: GET
URL: http://localhost/SecurityAppApi/Api/Application
Token: 6434da9e-e8d4-4206-80a6-b7bdcd1dca65
Controller : SecurityAppApi.Controllers.ApplicationController
Action : Get
Action Parameters : {"messageFormat":"JSON","messageArguments":[{}]}

2017-04-06 11:20:10.1493|INFO|SecurityAppApi.Helpers.NLogger|JSON
Method: GET
URL: http://localhost/SecurityAppApi/Api/User/
Token: 6434da9e-e8d4-4206-80a6-b7bdcd1dca65
Controller : SecurityAppApi.Controllers.UserController
Action : Get
Action Parameters : {"messageFormat":"JSON","messageArguments":[{}]}

2017-04-06 11:20:15.7602|INFO|SecurityAppApi.Helpers.NLogger|JSON
Method: GET
URL: http://localhost/SecurityAppApi/Api/Application
Token: 6434da9e-e8d4-4206-80a6-b7bdcd1dca65
Controller : SecurityAppApi.Controllers.ApplicationController
Action : Get
Action Parameters : {"messageFormat":"JSON","messageArguments":[{}]}

2017-04-06 11:20:18.4410|INFO|SecurityAppApi.Helpers.NLogger|JSON
Method: GET
URL: http://localhost/SecurityAppApi/Api/User/
Token: 6434da9e-e8d4-4206-80a6-b7bdcd1dca65
Controller : SecurityAppApi.Controllers.UserController
Action : Get
Action Parameters : {"messageFormat":"JSON","messageArguments":[{}]}

2017-04-06 11:20:18.5000|ERROR|SecurityAppApi.Helpers.NLogger|Method: GET
URL: http://localhost/SecurityAppApi/Api/User/
Token: 6434da9e-e8d4-4206-80a6-b7bdcd1dca65
Controller : SecurityAppApi.Controllers.UserController
Action : Get
Action Parameters : 

2017-04-06 11:20:18.5668|ERROR|SecurityAppApi.Helpers.NLogger|Method: GET
URL: http://localhost/SecurityAppApi/Api/User/
Token: 6434da9e-e8d4-4206-80a6-b7bdcd1dca65
Error Message : Error mapping types.

Mapping types:
IEnumerable`1 -> IEnumerable`1
System.Collections.Generic.IEnumerable`1[[SecurityAppDataAccess.Interface.IUser, SecurityAppDataAccess, Version=1.0.0.0, Culture=neutral, PublicKeyToken=null]] -> System.Collections.Generic.IEnumerable`1[[SecurityAppBusiness.Interface.IUserEntity, SecurityAppBusiness, Version=1.0.0.0, Culture=neutral, PublicKeyToken=null]]
Error Inner Exception : AutoMapper.AutoMapperMappingException: Missing type map configuration or unsupported mapping.

Mapping types:
User -> IUserEntity
SecurityAppDataAccess.Model.User -> SecurityAppBusiness.Interface.IUserEntity
   at lambda_method(Closure , User , IUserEntity , ResolutionContext )
   at AutoMapper.ResolutionContext.Map[TSource,TDestination](TSource source, TDestination destination)
   at lambda_method(Closure , IEnumerable`1 , IEnumerable`1 , ResolutionContext )
Action Parameters : 

2017-04-06 11:20:21.3652|INFO|SecurityAppApi.Helpers.NLogger|JSON
Method: GET
URL: http://localhost/SecurityAppApi/Api/User/
Token: 6434da9e-e8d4-4206-80a6-b7bdcd1dca65
Controller : SecurityAppApi.Controllers.UserController
Action : Get
Action Parameters : {"messageFormat":"JSON","messageArguments":[{}]}

2017-04-06 11:20:21.3942|ERROR|SecurityAppApi.Helpers.NLogger|Method: GET
URL: http://localhost/SecurityAppApi/Api/User/
Token: 6434da9e-e8d4-4206-80a6-b7bdcd1dca65
Controller : SecurityAppApi.Controllers.UserController
Action : Get
Action Parameters : 

2017-04-06 11:20:21.3942|ERROR|SecurityAppApi.Helpers.NLogger|Method: GET
URL: http://localhost/SecurityAppApi/Api/User/
Token: 6434da9e-e8d4-4206-80a6-b7bdcd1dca65
Error Message : Error mapping types.

Mapping types:
IEnumerable`1 -> IEnumerable`1
System.Collections.Generic.IEnumerable`1[[SecurityAppDataAccess.Interface.IUser, SecurityAppDataAccess, Version=1.0.0.0, Culture=neutral, PublicKeyToken=null]] -> System.Collections.Generic.IEnumerable`1[[SecurityAppBusiness.Interface.IUserEntity, SecurityAppBusiness, Version=1.0.0.0, Culture=neutral, PublicKeyToken=null]]
Error Inner Exception : AutoMapper.AutoMapperMappingException: Missing type map configuration or unsupported mapping.

Mapping types:
User -> IUserEntity
SecurityAppDataAccess.Model.User -> SecurityAppBusiness.Interface.IUserEntity
   at lambda_method(Closure , User , IUserEntity , ResolutionContext )
   at AutoMapper.ResolutionContext.Map[TSource,TDestination](TSource source, TDestination destination)
   at lambda_method(Closure , IEnumerable`1 , IEnumerable`1 , ResolutionContext )
Action Parameters : 

2017-04-06 11:20:23.9764|INFO|SecurityAppApi.Helpers.NLogger|JSON
Method: GET
URL: http://localhost/SecurityAppApi/Api/User/
Token: 6434da9e-e8d4-4206-80a6-b7bdcd1dca65
Controller : SecurityAppApi.Controllers.UserController
Action : Get
Action Parameters : {"messageFormat":"JSON","messageArguments":[{}]}

2017-04-06 11:20:23.9994|ERROR|SecurityAppApi.Helpers.NLogger|Method: GET
URL: http://localhost/SecurityAppApi/Api/User/
Token: 6434da9e-e8d4-4206-80a6-b7bdcd1dca65
Controller : SecurityAppApi.Controllers.UserController
Action : Get
Action Parameters : 

2017-04-06 11:20:23.9994|ERROR|SecurityAppApi.Helpers.NLogger|Method: GET
URL: http://localhost/SecurityAppApi/Api/User/
Token: 6434da9e-e8d4-4206-80a6-b7bdcd1dca65
Error Message : Error mapping types.

Mapping types:
IEnumerable`1 -> IEnumerable`1
System.Collections.Generic.IEnumerable`1[[SecurityAppDataAccess.Interface.IUser, SecurityAppDataAccess, Version=1.0.0.0, Culture=neutral, PublicKeyToken=null]] -> System.Collections.Generic.IEnumerable`1[[SecurityAppBusiness.Interface.IUserEntity, SecurityAppBusiness, Version=1.0.0.0, Culture=neutral, PublicKeyToken=null]]
Error Inner Exception : AutoMapper.AutoMapperMappingException: Missing type map configuration or unsupported mapping.

Mapping types:
User -> IUserEntity
SecurityAppDataAccess.Model.User -> SecurityAppBusiness.Interface.IUserEntity
   at lambda_method(Closure , User , IUserEntity , ResolutionContext )
   at AutoMapper.ResolutionContext.Map[TSource,TDestination](TSource source, TDestination destination)
   at lambda_method(Closure , IEnumerable`1 , IEnumerable`1 , ResolutionContext )
Action Parameters : 

2017-04-06 11:20:27.0947|INFO|SecurityAppApi.Helpers.NLogger|JSON
Method: GET
URL: http://localhost/SecurityAppApi/Api/User/
Token: 6434da9e-e8d4-4206-80a6-b7bdcd1dca65
Controller : SecurityAppApi.Controllers.UserController
Action : Get
Action Parameters : {"messageFormat":"JSON","messageArguments":[{}]}

2017-04-06 11:20:27.1178|ERROR|SecurityAppApi.Helpers.NLogger|Method: GET
URL: http://localhost/SecurityAppApi/Api/User/
Token: 6434da9e-e8d4-4206-80a6-b7bdcd1dca65
Controller : SecurityAppApi.Controllers.UserController
Action : Get
Action Parameters : 

2017-04-06 11:20:27.1268|ERROR|SecurityAppApi.Helpers.NLogger|Method: GET
URL: http://localhost/SecurityAppApi/Api/User/
Token: 6434da9e-e8d4-4206-80a6-b7bdcd1dca65
Error Message : Error mapping types.

Mapping types:
IEnumerable`1 -> IEnumerable`1
System.Collections.Generic.IEnumerable`1[[SecurityAppDataAccess.Interface.IUser, SecurityAppDataAccess, Version=1.0.0.0, Culture=neutral, PublicKeyToken=null]] -> System.Collections.Generic.IEnumerable`1[[SecurityAppBusiness.Interface.IUserEntity, SecurityAppBusiness, Version=1.0.0.0, Culture=neutral, PublicKeyToken=null]]
Error Inner Exception : AutoMapper.AutoMapperMappingException: Missing type map configuration or unsupported mapping.

Mapping types:
User -> IUserEntity
SecurityAppDataAccess.Model.User -> SecurityAppBusiness.Interface.IUserEntity
   at lambda_method(Closure , User , IUserEntity , ResolutionContext )
   at AutoMapper.ResolutionContext.Map[TSource,TDestination](TSource source, TDestination destination)
   at lambda_method(Closure , IEnumerable`1 , IEnumerable`1 , ResolutionContext )
Action Parameters : 

2017-04-06 11:20:31.3309|INFO|SecurityAppApi.Helpers.NLogger|JSON
Method: GET
URL: http://localhost/SecurityAppApi/Api/User/
Token: 6434da9e-e8d4-4206-80a6-b7bdcd1dca65
Controller : SecurityAppApi.Controllers.UserController
Action : Get
Action Parameters : {"messageFormat":"JSON","messageArguments":[{}]}

2017-04-06 11:20:31.3559|ERROR|SecurityAppApi.Helpers.NLogger|Method: GET
URL: http://localhost/SecurityAppApi/Api/User/
Token: 6434da9e-e8d4-4206-80a6-b7bdcd1dca65
Controller : SecurityAppApi.Controllers.UserController
Action : Get
Action Parameters : 

2017-04-06 11:20:31.3669|ERROR|SecurityAppApi.Helpers.NLogger|Method: GET
URL: http://localhost/SecurityAppApi/Api/User/
Token: 6434da9e-e8d4-4206-80a6-b7bdcd1dca65
Error Message : Error mapping types.

Mapping types:
IEnumerable`1 -> IEnumerable`1
System.Collections.Generic.IEnumerable`1[[SecurityAppDataAccess.Interface.IUser, SecurityAppDataAccess, Version=1.0.0.0, Culture=neutral, PublicKeyToken=null]] -> System.Collections.Generic.IEnumerable`1[[SecurityAppBusiness.Interface.IUserEntity, SecurityAppBusiness, Version=1.0.0.0, Culture=neutral, PublicKeyToken=null]]
Error Inner Exception : AutoMapper.AutoMapperMappingException: Missing type map configuration or unsupported mapping.

Mapping types:
User -> IUserEntity
SecurityAppDataAccess.Model.User -> SecurityAppBusiness.Interface.IUserEntity
   at lambda_method(Closure , User , IUserEntity , ResolutionContext )
   at AutoMapper.ResolutionContext.Map[TSource,TDestination](TSource source, TDestination destination)
   at lambda_method(Closure , IEnumerable`1 , IEnumerable`1 , ResolutionContext )
Action Parameters : 

2017-04-06 11:20:34.2082|INFO|SecurityAppApi.Helpers.NLogger|JSON
Method: GET
URL: http://localhost/SecurityAppApi/Api/Application
Token: 6434da9e-e8d4-4206-80a6-b7bdcd1dca65
Controller : SecurityAppApi.Controllers.ApplicationController
Action : Get
Action Parameters : {"messageFormat":"JSON","messageArguments":[{}]}

2017-04-06 11:20:36.7921|INFO|SecurityAppApi.Helpers.NLogger|JSON
Method: GET
URL: http://localhost/SecurityAppApi/Api/User/
Token: 6434da9e-e8d4-4206-80a6-b7bdcd1dca65
Controller : SecurityAppApi.Controllers.UserController
Action : Get
Action Parameters : {"messageFormat":"JSON","messageArguments":[{}]}

2017-04-06 11:20:36.8101|ERROR|SecurityAppApi.Helpers.NLogger|Method: GET
URL: http://localhost/SecurityAppApi/Api/User/
Token: 6434da9e-e8d4-4206-80a6-b7bdcd1dca65
Controller : SecurityAppApi.Controllers.UserController
Action : Get
Action Parameters : 

2017-04-06 11:20:36.8201|ERROR|SecurityAppApi.Helpers.NLogger|Method: GET
URL: http://localhost/SecurityAppApi/Api/User/
Token: 6434da9e-e8d4-4206-80a6-b7bdcd1dca65
Error Message : Error mapping types.

Mapping types:
IEnumerable`1 -> IEnumerable`1
System.Collections.Generic.IEnumerable`1[[SecurityAppDataAccess.Interface.IUser, SecurityAppDataAccess, Version=1.0.0.0, Culture=neutral, PublicKeyToken=null]] -> System.Collections.Generic.IEnumerable`1[[SecurityAppBusiness.Interface.IUserEntity, SecurityAppBusiness, Version=1.0.0.0, Culture=neutral, PublicKeyToken=null]]
Error Inner Exception : AutoMapper.AutoMapperMappingException: Missing type map configuration or unsupported mapping.

Mapping types:
User -> IUserEntity
SecurityAppDataAccess.Model.User -> SecurityAppBusiness.Interface.IUserEntity
   at lambda_method(Closure , User , IUserEntity , ResolutionContext )
   at AutoMapper.ResolutionContext.Map[TSource,TDestination](TSource source, TDestination destination)
   at lambda_method(Closure , IEnumerable`1 , IEnumerable`1 , ResolutionContext )
Action Parameters : 

2017-04-06 11:20:53.9333|INFO|SecurityAppApi.Helpers.NLogger|JSON
Method: GET
URL: http://localhost/SecurityAppApi/Api/User/
Token: 6434da9e-e8d4-4206-80a6-b7bdcd1dca65
Controller : SecurityAppApi.Controllers.UserController
Action : Get
Action Parameters : {"messageFormat":"JSON","messageArguments":[{}]}

2017-04-06 11:20:53.9624|ERROR|SecurityAppApi.Helpers.NLogger|Method: GET
URL: http://localhost/SecurityAppApi/Api/User/
Token: 6434da9e-e8d4-4206-80a6-b7bdcd1dca65
Controller : SecurityAppApi.Controllers.UserController
Action : Get
Action Parameters : 

2017-04-06 11:20:53.9724|ERROR|SecurityAppApi.Helpers.NLogger|Method: GET
URL: http://localhost/SecurityAppApi/Api/User/
Token: 6434da9e-e8d4-4206-80a6-b7bdcd1dca65
Error Message : Error mapping types.

Mapping types:
IEnumerable`1 -> IEnumerable`1
System.Collections.Generic.IEnumerable`1[[SecurityAppDataAccess.Interface.IUser, SecurityAppDataAccess, Version=1.0.0.0, Culture=neutral, PublicKeyToken=null]] -> System.Collections.Generic.IEnumerable`1[[SecurityAppBusiness.Interface.IUserEntity, SecurityAppBusiness, Version=1.0.0.0, Culture=neutral, PublicKeyToken=null]]
Error Inner Exception : AutoMapper.AutoMapperMappingException: Missing type map configuration or unsupported mapping.

Mapping types:
User -> IUserEntity
SecurityAppDataAccess.Model.User -> SecurityAppBusiness.Interface.IUserEntity
   at lambda_method(Closure , User , IUserEntity , ResolutionContext )
   at AutoMapper.ResolutionContext.Map[TSource,TDestination](TSource source, TDestination destination)
   at lambda_method(Closure , IEnumerable`1 , IEnumerable`1 , ResolutionContext )
Action Parameters : 

2017-04-06 11:21:11.4401|INFO|SecurityAppApi.Helpers.NLogger|JSON
Method: GET
URL: http://localhost/SecurityAppApi/Api/Application
Token: 6434da9e-e8d4-4206-80a6-b7bdcd1dca65
Controller : SecurityAppApi.Controllers.ApplicationController
Action : Get
Action Parameters : {"messageFormat":"JSON","messageArguments":[{}]}

2017-04-06 11:21:15.5218|INFO|SecurityAppApi.Helpers.NLogger|JSON
Method: GET
URL: http://localhost/SecurityAppApi/Api/Application
Token: 6434da9e-e8d4-4206-80a6-b7bdcd1dca65
Controller : SecurityAppApi.Controllers.ApplicationController
Action : Get
Action Parameters : {"messageFormat":"JSON","messageArguments":[{}]}

2017-04-06 11:21:17.1275|INFO|SecurityAppApi.Helpers.NLogger|JSON
Method: GET
URL: http://localhost/SecurityAppApi/Api/Application
Token: 6434da9e-e8d4-4206-80a6-b7bdcd1dca65
Controller : SecurityAppApi.Controllers.ApplicationController
Action : Get
Action Parameters : {"messageFormat":"JSON","messageArguments":[{}]}

2017-04-06 11:21:20.7709|INFO|SecurityAppApi.Helpers.NLogger|JSON
Method: GET
URL: http://localhost/SecurityAppApi/Api/Application
Token: 6434da9e-e8d4-4206-80a6-b7bdcd1dca65
Controller : SecurityAppApi.Controllers.ApplicationController
Action : Get
Action Parameters : {"messageFormat":"JSON","messageArguments":[{}]}

2017-04-06 11:21:28.8371|INFO|SecurityAppApi.Helpers.NLogger|JSON
Method: GET
URL: http://localhost/SecurityAppApi/Api/User/
Token: 6434da9e-e8d4-4206-80a6-b7bdcd1dca65
Controller : SecurityAppApi.Controllers.UserController
Action : Get
Action Parameters : {"messageFormat":"JSON","messageArguments":[{}]}

2017-04-06 11:21:28.8642|ERROR|SecurityAppApi.Helpers.NLogger|Method: GET
URL: http://localhost/SecurityAppApi/Api/User/
Token: 6434da9e-e8d4-4206-80a6-b7bdcd1dca65
Controller : SecurityAppApi.Controllers.UserController
Action : Get
Action Parameters : 

2017-04-06 11:21:28.8762|ERROR|SecurityAppApi.Helpers.NLogger|Method: GET
URL: http://localhost/SecurityAppApi/Api/User/
Token: 6434da9e-e8d4-4206-80a6-b7bdcd1dca65
Error Message : Error mapping types.

Mapping types:
IEnumerable`1 -> IEnumerable`1
System.Collections.Generic.IEnumerable`1[[SecurityAppDataAccess.Interface.IUser, SecurityAppDataAccess, Version=1.0.0.0, Culture=neutral, PublicKeyToken=null]] -> System.Collections.Generic.IEnumerable`1[[SecurityAppBusiness.Interface.IUserEntity, SecurityAppBusiness, Version=1.0.0.0, Culture=neutral, PublicKeyToken=null]]
Error Inner Exception : AutoMapper.AutoMapperMappingException: Missing type map configuration or unsupported mapping.

Mapping types:
User -> IUserEntity
SecurityAppDataAccess.Model.User -> SecurityAppBusiness.Interface.IUserEntity
   at lambda_method(Closure , User , IUserEntity , ResolutionContext )
   at AutoMapper.ResolutionContext.Map[TSource,TDestination](TSource source, TDestination destination)
   at lambda_method(Closure , IEnumerable`1 , IEnumerable`1 , ResolutionContext )
Action Parameters : 

2017-04-06 11:22:27.7362|INFO|SecurityAppApi.Helpers.NLogger|JSON
Method: GET
URL: http://localhost/SecurityAppApi/Api/User/
Token: 6434da9e-e8d4-4206-80a6-b7bdcd1dca65
Controller : SecurityAppApi.Controllers.UserController
Action : Get
Action Parameters : {"messageFormat":"JSON","messageArguments":[{}]}

2017-04-06 11:22:27.7642|ERROR|SecurityAppApi.Helpers.NLogger|Method: GET
URL: http://localhost/SecurityAppApi/Api/User/
Token: 6434da9e-e8d4-4206-80a6-b7bdcd1dca65
Controller : SecurityAppApi.Controllers.UserController
Action : Get
Action Parameters : 

2017-04-06 11:22:27.7642|ERROR|SecurityAppApi.Helpers.NLogger|Method: GET
URL: http://localhost/SecurityAppApi/Api/User/
Token: 6434da9e-e8d4-4206-80a6-b7bdcd1dca65
Error Message : Error mapping types.

Mapping types:
IEnumerable`1 -> IEnumerable`1
System.Collections.Generic.IEnumerable`1[[SecurityAppDataAccess.Interface.IUser, SecurityAppDataAccess, Version=1.0.0.0, Culture=neutral, PublicKeyToken=null]] -> System.Collections.Generic.IEnumerable`1[[SecurityAppBusiness.Interface.IUserEntity, SecurityAppBusiness, Version=1.0.0.0, Culture=neutral, PublicKeyToken=null]]
Error Inner Exception : AutoMapper.AutoMapperMappingException: Missing type map configuration or unsupported mapping.

Mapping types:
User -> IUserEntity
SecurityAppDataAccess.Model.User -> SecurityAppBusiness.Interface.IUserEntity
   at lambda_method(Closure , User , IUserEntity , ResolutionContext )
   at AutoMapper.ResolutionContext.Map[TSource,TDestination](TSource source, TDestination destination)
   at lambda_method(Closure , IEnumerable`1 , IEnumerable`1 , ResolutionContext )
Action Parameters : 

2017-04-06 11:22:31.9045|INFO|SecurityAppApi.Helpers.NLogger|JSON
Method: GET
URL: http://localhost/SecurityAppApi/Api/User/
Token: 6434da9e-e8d4-4206-80a6-b7bdcd1dca65
Controller : SecurityAppApi.Controllers.UserController
Action : Get
Action Parameters : {"messageFormat":"JSON","messageArguments":[{}]}

2017-04-06 11:22:31.9285|ERROR|SecurityAppApi.Helpers.NLogger|Method: GET
URL: http://localhost/SecurityAppApi/Api/User/
Token: 6434da9e-e8d4-4206-80a6-b7bdcd1dca65
Controller : SecurityAppApi.Controllers.UserController
Action : Get
Action Parameters : 

2017-04-06 11:22:31.9455|ERROR|SecurityAppApi.Helpers.NLogger|Method: GET
URL: http://localhost/SecurityAppApi/Api/User/
Token: 6434da9e-e8d4-4206-80a6-b7bdcd1dca65
Error Message : Error mapping types.

Mapping types:
IEnumerable`1 -> IEnumerable`1
System.Collections.Generic.IEnumerable`1[[SecurityAppDataAccess.Interface.IUser, SecurityAppDataAccess, Version=1.0.0.0, Culture=neutral, PublicKeyToken=null]] -> System.Collections.Generic.IEnumerable`1[[SecurityAppBusiness.Interface.IUserEntity, SecurityAppBusiness, Version=1.0.0.0, Culture=neutral, PublicKeyToken=null]]
Error Inner Exception : AutoMapper.AutoMapperMappingException: Missing type map configuration or unsupported mapping.

Mapping types:
User -> IUserEntity
SecurityAppDataAccess.Model.User -> SecurityAppBusiness.Interface.IUserEntity
   at lambda_method(Closure , User , IUserEntity , ResolutionContext )
   at AutoMapper.ResolutionContext.Map[TSource,TDestination](TSource source, TDestination destination)
   at lambda_method(Closure , IEnumerable`1 , IEnumerable`1 , ResolutionContext )
Action Parameters : 

2017-04-06 11:22:34.8286|INFO|SecurityAppApi.Helpers.NLogger|JSON
Method: GET
URL: http://localhost/SecurityAppApi/Api/Application
Token: 6434da9e-e8d4-4206-80a6-b7bdcd1dca65
Controller : SecurityAppApi.Controllers.ApplicationController
Action : Get
Action Parameters : {"messageFormat":"JSON","messageArguments":[{}]}

2017-04-06 11:25:58.2454|INFO|SecurityAppApi.Helpers.NLogger|JSON
Method: GET
URL: http://localhost/SecurityAppApi/Api/User/
Token: 6434da9e-e8d4-4206-80a6-b7bdcd1dca65
Controller : SecurityAppApi.Controllers.UserController
Action : Get
Action Parameters : {"messageFormat":"JSON","messageArguments":[{}]}

2017-04-06 11:26:08.2371|INFO|SecurityAppApi.Helpers.NLogger|JSON
Method: GET
URL: http://localhost/SecurityAppApi/Api/User/
Token: 6434da9e-e8d4-4206-80a6-b7bdcd1dca65
Controller : SecurityAppApi.Controllers.UserController
Action : Get
Action Parameters : {"messageFormat":"JSON","messageArguments":[{}]}

2017-04-06 11:26:08.2811|ERROR|SecurityAppApi.Helpers.NLogger|Method: GET
URL: http://localhost/SecurityAppApi/Api/User/
Token: 6434da9e-e8d4-4206-80a6-b7bdcd1dca65
Controller : SecurityAppApi.Controllers.UserController
Action : Get
Action Parameters : 

2017-04-06 11:26:08.3011|ERROR|SecurityAppApi.Helpers.NLogger|Method: GET
URL: http://localhost/SecurityAppApi/Api/User/
Token: 6434da9e-e8d4-4206-80a6-b7bdcd1dca65
Error Message : Error mapping types.

Mapping types:
IEnumerable`1 -> IEnumerable`1
System.Collections.Generic.IEnumerable`1[[SecurityAppDataAccess.Interface.IUser, SecurityAppDataAccess, Version=1.0.0.0, Culture=neutral, PublicKeyToken=null]] -> System.Collections.Generic.IEnumerable`1[[SecurityAppBusiness.Interface.IUserEntity, SecurityAppBusiness, Version=1.0.0.0, Culture=neutral, PublicKeyToken=null]]
Error Inner Exception : AutoMapper.AutoMapperMappingException: Missing type map configuration or unsupported mapping.

Mapping types:
User -> IUserEntity
SecurityAppDataAccess.Model.User -> SecurityAppBusiness.Interface.IUserEntity
   at lambda_method(Closure , User , IUserEntity , ResolutionContext )
   at AutoMapper.ResolutionContext.Map[TSource,TDestination](TSource source, TDestination destination)
   at lambda_method(Closure , IEnumerable`1 , IEnumerable`1 , ResolutionContext )
Action Parameters : 

2017-04-06 11:26:11.0728|INFO|SecurityAppApi.Helpers.NLogger|JSON
Method: GET
URL: http://localhost/SecurityAppApi/Api/User/
Token: 6434da9e-e8d4-4206-80a6-b7bdcd1dca65
Controller : SecurityAppApi.Controllers.UserController
Action : Get
Action Parameters : {"messageFormat":"JSON","messageArguments":[{}]}

2017-04-06 11:26:11.1008|ERROR|SecurityAppApi.Helpers.NLogger|Method: GET
URL: http://localhost/SecurityAppApi/Api/User/
Token: 6434da9e-e8d4-4206-80a6-b7bdcd1dca65
Controller : SecurityAppApi.Controllers.UserController
Action : Get
Action Parameters : 

2017-04-06 11:26:11.1128|ERROR|SecurityAppApi.Helpers.NLogger|Method: GET
URL: http://localhost/SecurityAppApi/Api/User/
Token: 6434da9e-e8d4-4206-80a6-b7bdcd1dca65
Error Message : Error mapping types.

Mapping types:
IEnumerable`1 -> IEnumerable`1
System.Collections.Generic.IEnumerable`1[[SecurityAppDataAccess.Interface.IUser, SecurityAppDataAccess, Version=1.0.0.0, Culture=neutral, PublicKeyToken=null]] -> System.Collections.Generic.IEnumerable`1[[SecurityAppBusiness.Interface.IUserEntity, SecurityAppBusiness, Version=1.0.0.0, Culture=neutral, PublicKeyToken=null]]
Error Inner Exception : AutoMapper.AutoMapperMappingException: Missing type map configuration or unsupported mapping.

Mapping types:
User -> IUserEntity
SecurityAppDataAccess.Model.User -> SecurityAppBusiness.Interface.IUserEntity
   at lambda_method(Closure , User , IUserEntity , ResolutionContext )
   at AutoMapper.ResolutionContext.Map[TSource,TDestination](TSource source, TDestination destination)
   at lambda_method(Closure , IEnumerable`1 , IEnumerable`1 , ResolutionContext )
Action Parameters : 

2017-04-06 11:26:14.2604|INFO|SecurityAppApi.Helpers.NLogger|JSON
Method: GET
URL: http://localhost/SecurityAppApi/Api/User/
Token: 6434da9e-e8d4-4206-80a6-b7bdcd1dca65
Controller : SecurityAppApi.Controllers.UserController
Action : Get
Action Parameters : {"messageFormat":"JSON","messageArguments":[{}]}

2017-04-06 11:26:14.2874|ERROR|SecurityAppApi.Helpers.NLogger|Method: GET
URL: http://localhost/SecurityAppApi/Api/User/
Token: 6434da9e-e8d4-4206-80a6-b7bdcd1dca65
Controller : SecurityAppApi.Controllers.UserController
Action : Get
Action Parameters : 

2017-04-06 11:26:14.2964|ERROR|SecurityAppApi.Helpers.NLogger|Method: GET
URL: http://localhost/SecurityAppApi/Api/User/
Token: 6434da9e-e8d4-4206-80a6-b7bdcd1dca65
Error Message : Error mapping types.

Mapping types:
IEnumerable`1 -> IEnumerable`1
System.Collections.Generic.IEnumerable`1[[SecurityAppDataAccess.Interface.IUser, SecurityAppDataAccess, Version=1.0.0.0, Culture=neutral, PublicKeyToken=null]] -> System.Collections.Generic.IEnumerable`1[[SecurityAppBusiness.Interface.IUserEntity, SecurityAppBusiness, Version=1.0.0.0, Culture=neutral, PublicKeyToken=null]]
Error Inner Exception : AutoMapper.AutoMapperMappingException: Missing type map configuration or unsupported mapping.

Mapping types:
User -> IUserEntity
SecurityAppDataAccess.Model.User -> SecurityAppBusiness.Interface.IUserEntity
   at lambda_method(Closure , User , IUserEntity , ResolutionContext )
   at AutoMapper.ResolutionContext.Map[TSource,TDestination](TSource source, TDestination destination)
   at lambda_method(Closure , IEnumerable`1 , IEnumerable`1 , ResolutionContext )
Action Parameters : 

2017-04-06 11:26:17.4265|INFO|SecurityAppApi.Helpers.NLogger|JSON
Method: GET
URL: http://localhost/SecurityAppApi/Api/Application
Token: 6434da9e-e8d4-4206-80a6-b7bdcd1dca65
Controller : SecurityAppApi.Controllers.ApplicationController
Action : Get
Action Parameters : {"messageFormat":"JSON","messageArguments":[{}]}

2017-04-06 11:26:21.1149|INFO|SecurityAppApi.Helpers.NLogger|JSON
Method: GET
URL: http://localhost/SecurityAppApi/Api/Application
Token: 6434da9e-e8d4-4206-80a6-b7bdcd1dca65
Controller : SecurityAppApi.Controllers.ApplicationController
Action : Get
Action Parameters : {"messageFormat":"JSON","messageArguments":[{}]}

2017-04-06 11:26:23.5565|INFO|SecurityAppApi.Helpers.NLogger|JSON
Method: GET
URL: http://localhost/SecurityAppApi/Api/User/
Token: 6434da9e-e8d4-4206-80a6-b7bdcd1dca65
Controller : SecurityAppApi.Controllers.UserController
Action : Get
Action Parameters : {"messageFormat":"JSON","messageArguments":[{}]}

2017-04-06 11:26:23.5775|ERROR|SecurityAppApi.Helpers.NLogger|Method: GET
URL: http://localhost/SecurityAppApi/Api/User/
Token: 6434da9e-e8d4-4206-80a6-b7bdcd1dca65
Controller : SecurityAppApi.Controllers.UserController
Action : Get
Action Parameters : 

2017-04-06 11:26:23.5775|ERROR|SecurityAppApi.Helpers.NLogger|Method: GET
URL: http://localhost/SecurityAppApi/Api/User/
Token: 6434da9e-e8d4-4206-80a6-b7bdcd1dca65
Error Message : Error mapping types.

Mapping types:
IEnumerable`1 -> IEnumerable`1
System.Collections.Generic.IEnumerable`1[[SecurityAppDataAccess.Interface.IUser, SecurityAppDataAccess, Version=1.0.0.0, Culture=neutral, PublicKeyToken=null]] -> System.Collections.Generic.IEnumerable`1[[SecurityAppBusiness.Interface.IUserEntity, SecurityAppBusiness, Version=1.0.0.0, Culture=neutral, PublicKeyToken=null]]
Error Inner Exception : AutoMapper.AutoMapperMappingException: Missing type map configuration or unsupported mapping.

Mapping types:
User -> IUserEntity
SecurityAppDataAccess.Model.User -> SecurityAppBusiness.Interface.IUserEntity
   at lambda_method(Closure , User , IUserEntity , ResolutionContext )
   at AutoMapper.ResolutionContext.Map[TSource,TDestination](TSource source, TDestination destination)
   at lambda_method(Closure , IEnumerable`1 , IEnumerable`1 , ResolutionContext )
Action Parameters : 

2017-04-06 11:26:25.3771|INFO|SecurityAppApi.Helpers.NLogger|JSON
Method: GET
URL: http://localhost/SecurityAppApi/Api/User/
Token: 6434da9e-e8d4-4206-80a6-b7bdcd1dca65
Controller : SecurityAppApi.Controllers.UserController
Action : Get
Action Parameters : {"messageFormat":"JSON","messageArguments":[{}]}

2017-04-06 11:26:25.4121|ERROR|SecurityAppApi.Helpers.NLogger|Method: GET
URL: http://localhost/SecurityAppApi/Api/User/
Token: 6434da9e-e8d4-4206-80a6-b7bdcd1dca65
Controller : SecurityAppApi.Controllers.UserController
Action : Get
Action Parameters : 

2017-04-06 11:26:25.4271|ERROR|SecurityAppApi.Helpers.NLogger|Method: GET
URL: http://localhost/SecurityAppApi/Api/User/
Token: 6434da9e-e8d4-4206-80a6-b7bdcd1dca65
Error Message : Error mapping types.

Mapping types:
IEnumerable`1 -> IEnumerable`1
System.Collections.Generic.IEnumerable`1[[SecurityAppDataAccess.Interface.IUser, SecurityAppDataAccess, Version=1.0.0.0, Culture=neutral, PublicKeyToken=null]] -> System.Collections.Generic.IEnumerable`1[[SecurityAppBusiness.Interface.IUserEntity, SecurityAppBusiness, Version=1.0.0.0, Culture=neutral, PublicKeyToken=null]]
Error Inner Exception : AutoMapper.AutoMapperMappingException: Missing type map configuration or unsupported mapping.

Mapping types:
User -> IUserEntity
SecurityAppDataAccess.Model.User -> SecurityAppBusiness.Interface.IUserEntity
   at lambda_method(Closure , User , IUserEntity , ResolutionContext )
   at AutoMapper.ResolutionContext.Map[TSource,TDestination](TSource source, TDestination destination)
   at lambda_method(Closure , IEnumerable`1 , IEnumerable`1 , ResolutionContext )
Action Parameters : 

2017-04-06 11:45:36.8224|INFO|SecurityAppApi.Helpers.NLogger|JSON
Method: GET
URL: http://localhost/SecurityAppApi/Api/User/
Token: 6434da9e-e8d4-4206-80a6-b7bdcd1dca65
Controller : SecurityAppApi.Controllers.UserController
Action : Get
Action Parameters : {"messageFormat":"JSON","messageArguments":[{}]}

2017-04-06 11:45:41.5381|INFO|SecurityAppApi.Helpers.NLogger|JSON
Method: GET
URL: http://localhost/SecurityAppApi/Api/User/
Token: 6434da9e-e8d4-4206-80a6-b7bdcd1dca65
Controller : SecurityAppApi.Controllers.UserController
Action : Get
Action Parameters : {"messageFormat":"JSON","messageArguments":[{}]}

2017-04-06 11:45:43.3552|INFO|SecurityAppApi.Helpers.NLogger|JSON
Method: GET
URL: http://localhost/SecurityAppApi/Api/Application
Token: 6434da9e-e8d4-4206-80a6-b7bdcd1dca65
Controller : SecurityAppApi.Controllers.ApplicationController
Action : Get
Action Parameters : {"messageFormat":"JSON","messageArguments":[{}]}

2017-04-06 11:45:45.1719|INFO|SecurityAppApi.Helpers.NLogger|JSON
Method: GET
URL: http://localhost/SecurityAppApi/Api/User/
Token: 6434da9e-e8d4-4206-80a6-b7bdcd1dca65
Controller : SecurityAppApi.Controllers.UserController
Action : Get
Action Parameters : {"messageFormat":"JSON","messageArguments":[{}]}

2017-04-06 11:45:46.9105|INFO|SecurityAppApi.Helpers.NLogger|JSON
Method: GET
URL: http://localhost/SecurityAppApi/Api/Application
Token: 6434da9e-e8d4-4206-80a6-b7bdcd1dca65
Controller : SecurityAppApi.Controllers.ApplicationController
Action : Get
Action Parameters : {"messageFormat":"JSON","messageArguments":[{}]}

2017-04-06 11:45:50.1502|INFO|SecurityAppApi.Helpers.NLogger|JSON
Method: GET
URL: http://localhost/SecurityAppApi/Api/User/
Token: 6434da9e-e8d4-4206-80a6-b7bdcd1dca65
Controller : SecurityAppApi.Controllers.UserController
Action : Get
Action Parameters : {"messageFormat":"JSON","messageArguments":[{}]}

2017-04-06 11:45:52.2818|INFO|SecurityAppApi.Helpers.NLogger|JSON
Method: GET
URL: http://localhost/SecurityAppApi/Api/Application
Token: 6434da9e-e8d4-4206-80a6-b7bdcd1dca65
Controller : SecurityAppApi.Controllers.ApplicationController
Action : Get
Action Parameters : {"messageFormat":"JSON","messageArguments":[{}]}

2017-04-06 11:45:53.8557|INFO|SecurityAppApi.Helpers.NLogger|JSON
Method: GET
URL: http://localhost/SecurityAppApi/Api/User/
Token: 6434da9e-e8d4-4206-80a6-b7bdcd1dca65
Controller : SecurityAppApi.Controllers.UserController
Action : Get
Action Parameters : {"messageFormat":"JSON","messageArguments":[{}]}

